#
# There is insufficient memory for the Java Runtime Environment to continue.
# Native memory allocation (malloc) failed to allocate 1088496 bytes for Chunk::new
# Possible reasons:
#   The system is out of physical RAM or swap space
#   The process is running with CompressedOops enabled, and the Java Heap may be blocking the growth of the native heap
# Possible solutions:
#   Reduce memory load on the system
#   Increase physical memory or swap space
#   Check if swap backing store is full
#   Decrease Java heap size (-Xmx/-Xms)
#   Decrease number of Java threads
#   Decrease Java thread stack sizes (-Xss)
#   Set larger code cache with -XX:ReservedCodeCacheSize=
#   JVM is running with Unscaled Compressed Oops mode in which the Java heap is
#     placed in the first 4GB address space. The Java Heap base address is the
#     maximum limit for the native heap growth. Please use -XX:HeapBaseMinAddress
#     to set the Java Heap base and to place the Java Heap above 4GB virtual address.
# This output file may be truncated or incomplete.
#
#  Out of Memory Error (src/hotspot/share/memory/arena.cpp:197), pid=4512, tid=3776
#
# JRE version: OpenJDK Runtime Environment (11.0.15) (build 11.0.15+0-b2043.56-9505619)
# Java VM: OpenJDK 64-Bit Server VM (11.0.15+0-b2043.56-9505619, mixed mode, tiered, compressed oops, g1 gc, windows-amd64)
# No core dump will be written. Minidumps are not enabled by default on client versions of Windows
#

---------------  S U M M A R Y ------------

Command Line: --add-opens=java.base/java.util=ALL-UNNAMED --add-opens=java.base/java.lang=ALL-UNNAMED --add-opens=java.base/java.lang.invoke=ALL-UNNAMED --add-opens=java.base/java.util=ALL-UNNAMED --add-opens=java.prefs/java.util.prefs=ALL-UNNAMED --add-opens=java.prefs/java.util.prefs=ALL-UNNAMED --add-opens=java.base/java.nio.charset=ALL-UNNAMED --add-opens=java.base/java.net=ALL-UNNAMED --add-opens=java.base/java.util.concurrent.atomic=ALL-UNNAMED -Xmx2048m -Dfile.encoding=UTF-8 -Duser.country=KR -Duser.language=ko -Duser.variant org.gradle.launcher.daemon.bootstrap.GradleDaemon 7.5

Host: Intel(R) Core(TM) i5-10210U CPU @ 1.60GHz, 8 cores, 7G,  Windows 10 , 64 bit Build 19041 (10.0.19041.2913)
Time: Wed May 31 22:46:19 2023  Windows 10 , 64 bit Build 19041 (10.0.19041.2913) elapsed time: 478.017283 seconds (0d 0h 7m 58s)

---------------  T H R E A D  ---------------

Current thread (0x000001d91a880000):  JavaThread "C2 CompilerThread1" daemon [_thread_in_native, id=3776, stack(0x00000067d1c00000,0x00000067d1d00000)]


Current CompileTask:
C2: 478017 16338       4       com.android.ide.common.symbols.SymbolIo::readSymbolListWithPackageLine (211 bytes)

Stack: [0x00000067d1c00000,0x00000067d1d00000]
Native frames: (J=compiled Java code, j=interpreted, Vv=VM code, C=native code)
V  [jvm.dll+0x64135a]
V  [jvm.dll+0x7d39f9]
V  [jvm.dll+0x7d51b9]
V  [jvm.dll+0x7d58a3]
V  [jvm.dll+0x2691c5]
V  [jvm.dll+0xc1a5c]
V  [jvm.dll+0xc200c]
V  [jvm.dll+0x3774a7]
V  [jvm.dll+0x342495]
V  [jvm.dll+0x34186a]
V  [jvm.dll+0x2214bd]
V  [jvm.dll+0x220498]
V  [jvm.dll+0x19e851]
V  [jvm.dll+0x230479]
V  [jvm.dll+0x22e5ef]
V  [jvm.dll+0x794de1]
V  [jvm.dll+0x78dc24]
V  [jvm.dll+0x6400f6]
C  [ucrtbase.dll+0x21bb2]
C  [KERNEL32.DLL+0x17614]
C  [ntdll.dll+0x526a1]


---------------  P R O C E S S  ---------------

Threads class SMR info:
_java_thread_list=0x000001d919ef8de0, length=144, elements={
0x000001d97bea3000, 0x000001d916426800, 0x000001d916430800, 0x000001d91644e800,
0x000001d916caa000, 0x000001d916cab000, 0x000001d916cb0800, 0x000001d916cb2000,
0x000001d916cb8000, 0x000001d916e0a800, 0x000001d91983b800, 0x000001d917448000,
0x000001d917059800, 0x000001d9194f2000, 0x000001d9194ee800, 0x000001d9194f0000,
0x000001d9194f1000, 0x000001d9194f2800, 0x000001d9194ee000, 0x000001d919f25000,
0x000001d919f23800, 0x000001d919f24000, 0x000001d919f20000, 0x000001d919f21000,
0x000001d916f42800, 0x000001d917e7e000, 0x000001d917e7f800, 0x000001d917e81000,
0x000001d917e82000, 0x000001d917e7c000, 0x000001d91ca9e000, 0x000001d91ca9f000,
0x000001d91ca99800, 0x000001d91caa0000, 0x000001d91caa1800, 0x000001d919215000,
0x000001d916f43000, 0x000001d916f40800, 0x000001d916f41800, 0x000001d916f44000,
0x000001d916f40000, 0x000001d916f3e800, 0x000001d916f45000, 0x000001d916f3f000,
0x000001d916f49000, 0x000001d916f46800, 0x000001d916f47000, 0x000001d916f48000,
0x000001d916f4a800, 0x000001d916f49800, 0x000001d916f4b800, 0x000001d916f45800,
0x000001d916f4c000, 0x000001d916f4d000, 0x000001d919215800, 0x000001d919216800,
0x000001d919211000, 0x000001d919211800, 0x000001d919218000, 0x000001d919212800,
0x000001d919219000, 0x000001d919213000, 0x000001d919214000, 0x000001d91921d000,
0x000001d919217800, 0x000001d91921e800, 0x000001d91921f800, 0x000001d91921a800,
0x000001d91921b800, 0x000001d91921c000, 0x000001d917e79800, 0x000001d917e7a800,
0x000001d917e7b800, 0x000001d917e78000, 0x000001d917e7e800, 0x000001d917e7d000,
0x000001d917e79000, 0x000001d917e86000, 0x000001d917e85000, 0x000001d917e80000,
0x000001d917e82800, 0x000001d917e83800, 0x000001d917e84800, 0x000001d917e86800,
0x000001d91ca9a000, 0x000001d91ca9b000, 0x000001d91ca9b800, 0x000001d91ca96000,
0x000001d91ca98800, 0x000001d91ca9c800, 0x000001d91ca97800, 0x000001d91caa0800,
0x000001d91caa2800, 0x000001d91caa3000, 0x000001d91caa4000, 0x000001d91caa4800,
0x000001d9194ed000, 0x000001d9194ef800, 0x000001d9194f3800, 0x000001d919f21800,
0x000001d9198f5800, 0x000001d9198f4000, 0x000001d9198f8000, 0x000001d9198f6000,
0x000001d9198f7000, 0x000001d9198f9800, 0x000001d9198fa800, 0x000001d9198f8800,
0x000001d9198f4800, 0x000001d9198fb000, 0x000001d919901000, 0x000001d9198fe800,
0x000001d9198fd800, 0x000001d919901800, 0x000001d919900000, 0x000001d9198fc000,
0x000001d9198ff000, 0x000001d919902800, 0x000001d9198fd000, 0x000001d91d966000,
0x000001d91d964800, 0x000001d91d965000, 0x000001d91d967000, 0x000001d91d961000,
0x000001d91d963800, 0x000001d91d962000, 0x000001d91d968800, 0x000001d91d967800,
0x000001d91d963000, 0x000001d91d96c800, 0x000001d91d969800, 0x000001d91d96f000,
0x000001d91d96c000, 0x000001d91d96d800, 0x000001d91d96e000, 0x000001d91d970000,
0x000001d91d96b000, 0x000001d91d96a000, 0x000001d920d3e000, 0x000001d920d41800,
0x000001d920d44000, 0x000001d91a880000, 0x000001d920d43000, 0x000001d920d3f800
}

Java Threads: ( => current thread )
  0x000001d97bea3000 JavaThread "main" [_thread_blocked, id=4868, stack(0x00000067c8900000,0x00000067c8a00000)]
  0x000001d916426800 JavaThread "Reference Handler" daemon [_thread_blocked, id=11040, stack(0x00000067c9000000,0x00000067c9100000)]
  0x000001d916430800 JavaThread "Finalizer" daemon [_thread_blocked, id=14332, stack(0x00000067c9100000,0x00000067c9200000)]
  0x000001d91644e800 JavaThread "Signal Dispatcher" daemon [_thread_blocked, id=8084, stack(0x00000067c9200000,0x00000067c9300000)]
  0x000001d916caa000 JavaThread "Attach Listener" daemon [_thread_blocked, id=14276, stack(0x00000067c9300000,0x00000067c9400000)]
  0x000001d916cab000 JavaThread "Service Thread" daemon [_thread_blocked, id=12460, stack(0x00000067c9400000,0x00000067c9500000)]
  0x000001d916cb0800 JavaThread "C2 CompilerThread0" daemon [_thread_in_native, id=14680, stack(0x00000067c9500000,0x00000067c9600000)]
  0x000001d916cb2000 JavaThread "C1 CompilerThread0" daemon [_thread_blocked, id=8612, stack(0x00000067c9600000,0x00000067c9700000)]
  0x000001d916cb8000 JavaThread "Sweeper thread" daemon [_thread_blocked, id=7452, stack(0x00000067c9700000,0x00000067c9800000)]
  0x000001d916e0a800 JavaThread "Common-Cleaner" daemon [_thread_blocked, id=8524, stack(0x00000067c9800000,0x00000067c9900000)]
  0x000001d91983b800 JavaThread "Daemon health stats" [_thread_blocked, id=4108, stack(0x00000067c9e00000,0x00000067c9f00000)]
  0x000001d917448000 JavaThread "Incoming local TCP Connector on port 50816" [_thread_in_native, id=8224, stack(0x00000067c9a00000,0x00000067c9b00000)]
  0x000001d917059800 JavaThread "Daemon periodic checks" [_thread_blocked, id=1344, stack(0x00000067c9b00000,0x00000067c9c00000)]
  0x000001d9194f2000 JavaThread "Cache worker for journal cache (C:\Users\user\.gradle\caches\journal-1)" [_thread_blocked, id=14220, stack(0x00000067cab00000,0x00000067cac00000)]
  0x000001d9194ee800 JavaThread "File lock request listener" [_thread_in_native, id=13772, stack(0x00000067cac00000,0x00000067cad00000)]
  0x000001d9194f0000 JavaThread "Cache worker for file hash cache (C:\Users\user\.gradle\caches\7.5\fileHashes)" [_thread_blocked, id=1364, stack(0x00000067cae00000,0x00000067caf00000)]
  0x000001d9194f1000 JavaThread "File watcher server" daemon [_thread_in_native, id=13780, stack(0x00000067cb100000,0x00000067cb200000)]
  0x000001d9194f2800 JavaThread "File watcher consumer" daemon [_thread_blocked, id=12060, stack(0x00000067cb200000,0x00000067cb300000)]
  0x000001d9194ee000 JavaThread "Cache worker for file content cache (C:\Users\user\.gradle\caches\7.5\fileContent)" [_thread_blocked, id=10640, stack(0x00000067cb500000,0x00000067cb600000)]
  0x000001d919f25000 JavaThread "Cache worker for execution history cache (C:\Users\user\.gradle\caches\7.5\executionHistory)" [_thread_blocked, id=13536, stack(0x00000067cb800000,0x00000067cb900000)]
  0x000001d919f23800 JavaThread "jar transforms" [_thread_blocked, id=6760, stack(0x00000067cb000000,0x00000067cb100000)]
  0x000001d919f24000 JavaThread "jar transforms Thread 2" [_thread_blocked, id=4148, stack(0x00000067cb900000,0x00000067cba00000)]
  0x000001d919f20000 JavaThread "jar transforms Thread 3" [_thread_blocked, id=8064, stack(0x00000067cba00000,0x00000067cbb00000)]
  0x000001d919f21000 JavaThread "jar transforms Thread 4" [_thread_blocked, id=11948, stack(0x00000067cbb00000,0x00000067cbc00000)]
  0x000001d916f42800 JavaThread "jar transforms Thread 5" [_thread_blocked, id=4748, stack(0x00000067cbd00000,0x00000067cbe00000)]
  0x000001d917e7e000 JavaThread "jar transforms Thread 6" [_thread_blocked, id=12424, stack(0x00000067d0f00000,0x00000067d1000000)]
  0x000001d917e7f800 JavaThread "jar transforms Thread 7" [_thread_blocked, id=10352, stack(0x00000067d1000000,0x00000067d1100000)]
  0x000001d917e81000 JavaThread "jar transforms Thread 8" [_thread_blocked, id=11208, stack(0x00000067d1100000,0x00000067d1200000)]
  0x000001d917e82000 JavaThread "Memory manager" [_thread_blocked, id=3248, stack(0x00000067d1300000,0x00000067d1400000)]
  0x000001d917e7c000 JavaThread "pool-3-thread-1" [_thread_blocked, id=5612, stack(0x00000067d1400000,0x00000067d1500000)]
  0x000001d91ca9e000 JavaThread "RMI Scheduler(0)" daemon [_thread_blocked, id=10680, stack(0x00000067d2100000,0x00000067d2200000)]
  0x000001d91ca9f000 JavaThread "RMI GC Daemon" daemon [_thread_blocked, id=444, stack(0x00000067d2300000,0x00000067d2400000)]
  0x000001d91ca99800 JavaThread "RMI TCP Accept-0" daemon [_thread_in_native, id=13632, stack(0x00000067d2400000,0x00000067d2500000)]
  0x000001d91caa0000 JavaThread "RMI Reaper" [_thread_blocked, id=8168, stack(0x00000067d2500000,0x00000067d2600000)]
  0x000001d91caa1800 JavaThread "Cache worker for Java compile cache (C:\Users\user\.gradle\caches\7.5\javaCompile)" [_thread_blocked, id=10440, stack(0x00000067d2700000,0x00000067d2800000)]
  0x000001d919215000 JavaThread "ForkJoinPool.commonPool-worker-5" daemon [_thread_blocked, id=14068, stack(0x00000067d3700000,0x00000067d3800000)]
  0x000001d916f43000 JavaThread "Daemon Thread 2" [_thread_blocked, id=11108, stack(0x00000067c8600000,0x00000067c8700000)]
  0x000001d916f40800 JavaThread "Handler for socket connection from /127.0.0.1:50816 to /127.0.0.1:51220" [_thread_in_native, id=14968, stack(0x00000067c8700000,0x00000067c8800000)]
  0x000001d916f41800 JavaThread "Cancel handler" [_thread_blocked, id=6584, stack(0x00000067c8800000,0x00000067c8900000)]
  0x000001d916f44000 JavaThread "Daemon worker Thread 2" [_thread_blocked, id=1496, stack(0x00000067c9f00000,0x00000067ca000000)]
  0x000001d916f40000 JavaThread "Asynchronous log dispatcher for DefaultDaemonConnection: socket connection from /127.0.0.1:50816 to /127.0.0.1:51220" [_thread_blocked, id=8668, stack(0x00000067ca000000,0x00000067ca100000)]
  0x000001d916f3e800 JavaThread "Stdin handler" [_thread_blocked, id=5080, stack(0x00000067ca100000,0x00000067ca200000)]
  0x000001d916f45000 JavaThread "Daemon client event forwarder" [_thread_blocked, id=15212, stack(0x00000067ca200000,0x00000067ca300000)]
  0x000001d916f3f000 JavaThread "Cache worker for checksums cache (C:\Users\user\Desktop\Android\WorkbookChap10\.gradle\7.5\checksums)" [_thread_blocked, id=3708, stack(0x00000067ca300000,0x00000067ca400000)]
  0x000001d916f49000 JavaThread "Cache worker for cache directory md-rule (C:\Users\user\.gradle\caches\7.5\md-rule)" [_thread_blocked, id=6268, stack(0x00000067ca500000,0x00000067ca600000)]
  0x000001d916f46800 JavaThread "Cache worker for file hash cache (C:\Users\user\Desktop\Android\WorkbookChap10\.gradle\7.5\fileHashes)" [_thread_blocked, id=10404, stack(0x00000067caf00000,0x00000067cb000000)]
  0x000001d916f47000 JavaThread "Cache worker for cache directory md-supplier (C:\Users\user\.gradle\caches\7.5\md-supplier)" [_thread_blocked, id=15076, stack(0x00000067cb300000,0x00000067cb400000)]
  0x000001d916f48000 JavaThread "Cache worker for dependencies-accessors (C:\Users\user\Desktop\Android\WorkbookChap10\.gradle\7.5\dependencies-accessors)" [_thread_blocked, id=3252, stack(0x00000067cb400000,0x00000067cb500000)]
  0x000001d916f4a800 JavaThread "Cache worker for Build Output Cleanup Cache (C:\Users\user\Desktop\Android\WorkbookChap10\.gradle\buildOutputCleanup)" [_thread_blocked, id=5136, stack(0x00000067cb600000,0x00000067cb700000)]
  0x000001d916f49800 JavaThread "Unconstrained build operations" [_thread_blocked, id=768, stack(0x00000067cb700000,0x00000067cb800000)]
  0x000001d916f4b800 JavaThread "Unconstrained build operations Thread 2" [_thread_blocked, id=7068, stack(0x00000067cbc00000,0x00000067cbd00000)]
  0x000001d916f45800 JavaThread "Unconstrained build operations Thread 3" [_thread_blocked, id=3236, stack(0x00000067cbe00000,0x00000067cbf00000)]
  0x000001d916f4c000 JavaThread "Unconstrained build operations Thread 4" [_thread_blocked, id=3832, stack(0x00000067cbf00000,0x00000067cc000000)]
  0x000001d916f4d000 JavaThread "Unconstrained build operations Thread 5" [_thread_blocked, id=2000, stack(0x00000067cc000000,0x00000067cc100000)]
  0x000001d919215800 JavaThread "Unconstrained build operations Thread 6" [_thread_blocked, id=14004, stack(0x00000067cc100000,0x00000067cc200000)]
  0x000001d919216800 JavaThread "Unconstrained build operations Thread 7" [_thread_blocked, id=12820, stack(0x00000067cc200000,0x00000067cc300000)]
  0x000001d919211000 JavaThread "Unconstrained build operations Thread 8" [_thread_blocked, id=4448, stack(0x00000067cc300000,0x00000067cc400000)]
  0x000001d919211800 JavaThread "Unconstrained build operations Thread 9" [_thread_blocked, id=7036, stack(0x00000067cc400000,0x00000067cc500000)]
  0x000001d919218000 JavaThread "Unconstrained build operations Thread 10" [_thread_blocked, id=3144, stack(0x00000067cc500000,0x00000067cc600000)]
  0x000001d919212800 JavaThread "Unconstrained build operations Thread 11" [_thread_blocked, id=14660, stack(0x00000067cc600000,0x00000067cc700000)]
  0x000001d919219000 JavaThread "Unconstrained build operations Thread 12" [_thread_blocked, id=14548, stack(0x00000067cc700000,0x00000067cc800000)]
  0x000001d919213000 JavaThread "Unconstrained build operations Thread 13" [_thread_blocked, id=2316, stack(0x00000067cc800000,0x00000067cc900000)]
  0x000001d919214000 JavaThread "Unconstrained build operations Thread 14" [_thread_blocked, id=2688, stack(0x00000067cc900000,0x00000067cca00000)]
  0x000001d91921d000 JavaThread "Unconstrained build operations Thread 15" [_thread_blocked, id=2960, stack(0x00000067cca00000,0x00000067ccb00000)]
  0x000001d919217800 JavaThread "Unconstrained build operations Thread 16" [_thread_blocked, id=14212, stack(0x00000067ccb00000,0x00000067ccc00000)]
  0x000001d91921e800 JavaThread "Unconstrained build operations Thread 17" [_thread_blocked, id=3000, stack(0x00000067ccc00000,0x00000067ccd00000)]
  0x000001d91921f800 JavaThread "Unconstrained build operations Thread 18" [_thread_blocked, id=5796, stack(0x00000067ccd00000,0x00000067cce00000)]
  0x000001d91921a800 JavaThread "Unconstrained build operations Thread 19" [_thread_blocked, id=10776, stack(0x00000067cce00000,0x00000067ccf00000)]
  0x000001d91921b800 JavaThread "Unconstrained build operations Thread 20" [_thread_blocked, id=14776, stack(0x00000067ccf00000,0x00000067cd000000)]
  0x000001d91921c000 JavaThread "Unconstrained build operations Thread 21" [_thread_blocked, id=9504, stack(0x00000067cd000000,0x00000067cd100000)]
  0x000001d917e79800 JavaThread "Unconstrained build operations Thread 22" [_thread_blocked, id=4408, stack(0x00000067cd100000,0x00000067cd200000)]
  0x000001d917e7a800 JavaThread "Unconstrained build operations Thread 23" [_thread_blocked, id=14556, stack(0x00000067cd200000,0x00000067cd300000)]
  0x000001d917e7b800 JavaThread "Unconstrained build operations Thread 24" [_thread_blocked, id=8592, stack(0x00000067cd300000,0x00000067cd400000)]
  0x000001d917e78000 JavaThread "Unconstrained build operations Thread 25" [_thread_blocked, id=9508, stack(0x00000067cd400000,0x00000067cd500000)]
  0x000001d917e7e800 JavaThread "Unconstrained build operations Thread 26" [_thread_blocked, id=428, stack(0x00000067cd500000,0x00000067cd600000)]
  0x000001d917e7d000 JavaThread "Unconstrained build operations Thread 27" [_thread_blocked, id=6544, stack(0x00000067cd600000,0x00000067cd700000)]
  0x000001d917e79000 JavaThread "Unconstrained build operations Thread 28" [_thread_blocked, id=10960, stack(0x00000067cd700000,0x00000067cd800000)]
  0x000001d917e86000 JavaThread "Unconstrained build operations Thread 29" [_thread_blocked, id=14924, stack(0x00000067cd800000,0x00000067cd900000)]
  0x000001d917e85000 JavaThread "Unconstrained build operations Thread 30" [_thread_blocked, id=2188, stack(0x00000067cd900000,0x00000067cda00000)]
  0x000001d917e80000 JavaThread "Unconstrained build operations Thread 31" [_thread_blocked, id=12292, stack(0x00000067cda00000,0x00000067cdb00000)]
  0x000001d917e82800 JavaThread "Unconstrained build operations Thread 32" [_thread_blocked, id=520, stack(0x00000067cdb00000,0x00000067cdc00000)]
  0x000001d917e83800 JavaThread "Unconstrained build operations Thread 33" [_thread_blocked, id=2996, stack(0x00000067cdc00000,0x00000067cdd00000)]
  0x000001d917e84800 JavaThread "Unconstrained build operations Thread 34" [_thread_blocked, id=9244, stack(0x00000067cdd00000,0x00000067cde00000)]
  0x000001d917e86800 JavaThread "Unconstrained build operations Thread 35" [_thread_blocked, id=8328, stack(0x00000067cde00000,0x00000067cdf00000)]
  0x000001d91ca9a000 JavaThread "Unconstrained build operations Thread 36" [_thread_blocked, id=1736, stack(0x00000067cdf00000,0x00000067ce000000)]
  0x000001d91ca9b000 JavaThread "Unconstrained build operations Thread 37" [_thread_blocked, id=14300, stack(0x00000067ce000000,0x00000067ce100000)]
  0x000001d91ca9b800 JavaThread "Unconstrained build operations Thread 38" [_thread_blocked, id=14124, stack(0x00000067ce100000,0x00000067ce200000)]
  0x000001d91ca96000 JavaThread "Unconstrained build operations Thread 39" [_thread_blocked, id=2708, stack(0x00000067ce200000,0x00000067ce300000)]
  0x000001d91ca98800 JavaThread "Unconstrained build operations Thread 40" [_thread_blocked, id=2680, stack(0x00000067ce300000,0x00000067ce400000)]
  0x000001d91ca9c800 JavaThread "Unconstrained build operations Thread 41" [_thread_blocked, id=15344, stack(0x00000067ce400000,0x00000067ce500000)]
  0x000001d91ca97800 JavaThread "Unconstrained build operations Thread 42" [_thread_blocked, id=10460, stack(0x00000067ce500000,0x00000067ce600000)]
  0x000001d91caa0800 JavaThread "Unconstrained build operations Thread 43" [_thread_blocked, id=9472, stack(0x00000067ce600000,0x00000067ce700000)]
  0x000001d91caa2800 JavaThread "Unconstrained build operations Thread 44" [_thread_blocked, id=1444, stack(0x00000067ce700000,0x00000067ce800000)]
  0x000001d91caa3000 JavaThread "Unconstrained build operations Thread 45" [_thread_blocked, id=10400, stack(0x00000067ce800000,0x00000067ce900000)]
  0x000001d91caa4000 JavaThread "Unconstrained build operations Thread 46" [_thread_blocked, id=3344, stack(0x00000067ce900000,0x00000067cea00000)]
  0x000001d91caa4800 JavaThread "Unconstrained build operations Thread 47" [_thread_blocked, id=3032, stack(0x00000067cea00000,0x00000067ceb00000)]
  0x000001d9194ed000 JavaThread "Unconstrained build operations Thread 48" [_thread_blocked, id=11372, stack(0x00000067ceb00000,0x00000067cec00000)]
  0x000001d9194ef800 JavaThread "Unconstrained build operations Thread 49" [_thread_blocked, id=8368, stack(0x00000067cec00000,0x00000067ced00000)]
  0x000001d9194f3800 JavaThread "Unconstrained build operations Thread 50" [_thread_blocked, id=11120, stack(0x00000067ced00000,0x00000067cee00000)]
  0x000001d919f21800 JavaThread "Unconstrained build operations Thread 51" [_thread_blocked, id=14948, stack(0x00000067cee00000,0x00000067cef00000)]
  0x000001d9198f5800 JavaThread "Unconstrained build operations Thread 52" [_thread_blocked, id=7824, stack(0x00000067cef00000,0x00000067cf000000)]
  0x000001d9198f4000 JavaThread "Unconstrained build operations Thread 53" [_thread_blocked, id=14708, stack(0x00000067cf000000,0x00000067cf100000)]
  0x000001d9198f8000 JavaThread "Unconstrained build operations Thread 54" [_thread_blocked, id=9208, stack(0x00000067cf100000,0x00000067cf200000)]
  0x000001d9198f6000 JavaThread "Unconstrained build operations Thread 55" [_thread_blocked, id=10848, stack(0x00000067cf200000,0x00000067cf300000)]
  0x000001d9198f7000 JavaThread "Unconstrained build operations Thread 56" [_thread_blocked, id=8580, stack(0x00000067cf300000,0x00000067cf400000)]
  0x000001d9198f9800 JavaThread "Unconstrained build operations Thread 57" [_thread_blocked, id=13616, stack(0x00000067cf400000,0x00000067cf500000)]
  0x000001d9198fa800 JavaThread "Unconstrained build operations Thread 58" [_thread_blocked, id=15232, stack(0x00000067cf500000,0x00000067cf600000)]
  0x000001d9198f8800 JavaThread "Unconstrained build operations Thread 59" [_thread_blocked, id=12308, stack(0x00000067cf600000,0x00000067cf700000)]
  0x000001d9198f4800 JavaThread "Unconstrained build operations Thread 60" [_thread_blocked, id=1532, stack(0x00000067cf700000,0x00000067cf800000)]
  0x000001d9198fb000 JavaThread "Unconstrained build operations Thread 61" [_thread_blocked, id=11576, stack(0x00000067cf800000,0x00000067cf900000)]
  0x000001d919901000 JavaThread "Unconstrained build operations Thread 62" [_thread_blocked, id=11616, stack(0x00000067cf900000,0x00000067cfa00000)]
  0x000001d9198fe800 JavaThread "Unconstrained build operations Thread 63" [_thread_blocked, id=2336, stack(0x00000067cfa00000,0x00000067cfb00000)]
  0x000001d9198fd800 JavaThread "Unconstrained build operations Thread 64" [_thread_blocked, id=8388, stack(0x00000067cfb00000,0x00000067cfc00000)]
  0x000001d919901800 JavaThread "Unconstrained build operations Thread 65" [_thread_blocked, id=5408, stack(0x00000067cfc00000,0x00000067cfd00000)]
  0x000001d919900000 JavaThread "Unconstrained build operations Thread 66" [_thread_blocked, id=13732, stack(0x00000067cfd00000,0x00000067cfe00000)]
  0x000001d9198fc000 JavaThread "Unconstrained build operations Thread 67" [_thread_blocked, id=1800, stack(0x00000067cfe00000,0x00000067cff00000)]
  0x000001d9198ff000 JavaThread "Unconstrained build operations Thread 68" [_thread_blocked, id=6796, stack(0x00000067cff00000,0x00000067d0000000)]
  0x000001d919902800 JavaThread "Unconstrained build operations Thread 69" [_thread_blocked, id=2616, stack(0x00000067d0000000,0x00000067d0100000)]
  0x000001d9198fd000 JavaThread "Unconstrained build operations Thread 70" [_thread_blocked, id=968, stack(0x00000067d0100000,0x00000067d0200000)]
  0x000001d91d966000 JavaThread "Unconstrained build operations Thread 71" [_thread_blocked, id=10372, stack(0x00000067d0200000,0x00000067d0300000)]
  0x000001d91d964800 JavaThread "Unconstrained build operations Thread 72" [_thread_blocked, id=12600, stack(0x00000067d0300000,0x00000067d0400000)]
  0x000001d91d965000 JavaThread "Unconstrained build operations Thread 73" [_thread_blocked, id=14264, stack(0x00000067d0400000,0x00000067d0500000)]
  0x000001d91d967000 JavaThread "Unconstrained build operations Thread 74" [_thread_blocked, id=13164, stack(0x00000067d0500000,0x00000067d0600000)]
  0x000001d91d961000 JavaThread "Unconstrained build operations Thread 75" [_thread_blocked, id=10768, stack(0x00000067d0600000,0x00000067d0700000)]
  0x000001d91d963800 JavaThread "Unconstrained build operations Thread 76" [_thread_blocked, id=11492, stack(0x00000067d0700000,0x00000067d0800000)]
  0x000001d91d962000 JavaThread "Unconstrained build operations Thread 77" [_thread_blocked, id=10232, stack(0x00000067d0800000,0x00000067d0900000)]
  0x000001d91d968800 JavaThread "Unconstrained build operations Thread 78" [_thread_blocked, id=8664, stack(0x00000067d0900000,0x00000067d0a00000)]
  0x000001d91d967800 JavaThread "Unconstrained build operations Thread 79" [_thread_blocked, id=9060, stack(0x00000067d0a00000,0x00000067d0b00000)]
  0x000001d91d963000 JavaThread "Unconstrained build operations Thread 80" [_thread_blocked, id=2704, stack(0x00000067d0b00000,0x00000067d0c00000)]
  0x000001d91d96c800 JavaThread "build event listener" [_thread_blocked, id=2800, stack(0x00000067ca400000,0x00000067ca500000)]
  0x000001d91d969800 JavaThread "pool-7-thread-1" [_thread_blocked, id=7240, stack(0x00000067d0c00000,0x00000067d0d00000)]
  0x000001d91d96f000 JavaThread "build event listener" [_thread_blocked, id=7700, stack(0x00000067d0d00000,0x00000067d0e00000)]
  0x000001d91d96c000 JavaThread "included builds" [_thread_blocked, id=15136, stack(0x00000067d0e00000,0x00000067d0f00000)]
  0x000001d91d96d800 JavaThread "Execution worker" [_thread_blocked, id=7724, stack(0x00000067d1200000,0x00000067d1300000)]
  0x000001d91d96e000 JavaThread "Execution worker Thread 2" [_thread_blocked, id=13464, stack(0x00000067d1500000,0x00000067d1600000)]
  0x000001d91d970000 JavaThread "Execution worker Thread 3" [_thread_blocked, id=14604, stack(0x00000067d1600000,0x00000067d1700000)]
  0x000001d91d96b000 JavaThread "Execution worker Thread 4" [_thread_blocked, id=2360, stack(0x00000067d1700000,0x00000067d1800000)]
  0x000001d91d96a000 JavaThread "Execution worker Thread 5" [_thread_in_native, id=14188, stack(0x00000067d1800000,0x00000067d1900000)]
  0x000001d920d3e000 JavaThread "Execution worker Thread 6" [_thread_blocked, id=5192, stack(0x00000067d1900000,0x00000067d1a00000)]
  0x000001d920d41800 JavaThread "Execution worker Thread 7" [_thread_blocked, id=12224, stack(0x00000067d1a00000,0x00000067d1b00000)]
  0x000001d920d44000 JavaThread "Cache worker for execution history cache (C:\Users\user\Desktop\Android\WorkbookChap10\.gradle\7.5\executionHistory)" [_thread_blocked, id=2516, stack(0x00000067d1b00000,0x00000067d1c00000)]
=>0x000001d91a880000 JavaThread "C2 CompilerThread1" daemon [_thread_in_native, id=3776, stack(0x00000067d1c00000,0x00000067d1d00000)]
  0x000001d920d43000 JavaThread "WorkerExecutor Queue" [_thread_blocked, id=3152, stack(0x00000067d1d00000,0x00000067d1e00000)]
  0x000001d920d3f800 JavaThread "WorkerExecutor Queue Thread 2" [_thread_blocked, id=2572, stack(0x00000067d1f00000,0x00000067d2000000)]

Other Threads:
  0x000001d916422000 VMThread "VM Thread" [stack: 0x00000067c8f00000,0x00000067c9000000] [id=9380]
  0x000001d916e21800 WatcherThread [stack: 0x00000067c9900000,0x00000067c9a00000] [id=10832]
  0x000001d97bebd800 GCTaskThread "GC Thread#0" [stack: 0x00000067c8a00000,0x00000067c8b00000] [id=14052]
  0x000001d917caa800 GCTaskThread "GC Thread#1" [stack: 0x00000067c9c00000,0x00000067c9d00000] [id=7532]
  0x000001d91717c000 GCTaskThread "GC Thread#2" [stack: 0x00000067c9d00000,0x00000067c9e00000] [id=8868]
  0x000001d919c8f000 GCTaskThread "GC Thread#3" [stack: 0x00000067ca600000,0x00000067ca700000] [id=8624]
  0x000001d918ea4000 GCTaskThread "GC Thread#4" [stack: 0x00000067ca700000,0x00000067ca800000] [id=1584]
  0x000001d9183d1800 GCTaskThread "GC Thread#5" [stack: 0x00000067ca800000,0x00000067ca900000] [id=2892]
  0x000001d918541800 GCTaskThread "GC Thread#6" [stack: 0x00000067ca900000,0x00000067caa00000] [id=1572]
  0x000001d91a017800 GCTaskThread "GC Thread#7" [stack: 0x00000067caa00000,0x00000067cab00000] [id=13816]
  0x000001d97beed800 ConcurrentGCThread "G1 Main Marker" [stack: 0x00000067c8b00000,0x00000067c8c00000] [id=1856]
  0x000001d97beef000 ConcurrentGCThread "G1 Conc#0" [stack: 0x00000067c8c00000,0x00000067c8d00000] [id=4124]
  0x000001d918140000 ConcurrentGCThread "G1 Conc#1" [stack: 0x00000067cad00000,0x00000067cae00000] [id=13884]
  0x000001d916270800 ConcurrentGCThread "G1 Refine#0" [stack: 0x00000067c8d00000,0x00000067c8e00000] [id=4864]
  0x000001d916271800 ConcurrentGCThread "G1 Young RemSet Sampling" [stack: 0x00000067c8e00000,0x00000067c8f00000] [id=12036]

Threads with active compile tasks:
C2 CompilerThread0   478123 16337       4       com.android.ide.common.symbols.SymbolIo$ReadConfiguration$3::parseLine (5 bytes)
C2 CompilerThread1   478123 16338       4       com.android.ide.common.symbols.SymbolIo::readSymbolListWithPackageLine (211 bytes)

VM state:not at safepoint (normal execution)

VM Mutex/Monitor currently owned by a thread: None

Heap address: 0x0000000080000000, size: 2048 MB, Compressed Oops mode: 32-bit
Narrow klass base: 0x0000000000000000, Narrow klass shift: 3
Compressed class space size: 1073741824 Address: 0x0000000100000000

Heap:
 garbage-first heap   total 245760K, used 153974K [0x0000000080000000, 0x0000000100000000)
  region size 1024K, 13 young (13312K), 3 survivors (3072K)
 Metaspace       used 131055K, capacity 135029K, committed 135164K, reserved 1165312K
  class space    used 16922K, capacity 18474K, committed 18584K, reserved 1048576K
Heap Regions: E=young(eden), S=young(survivor), O=old, HS=humongous(starts), HC=humongous(continues), CS=collection set, F=free, A=archive, TAMS=top-at-mark-start (previous, next)
|   0|0x0000000080000000, 0x0000000080100000, 0x0000000080100000|100%| O|  |TAMS 0x0000000080100000, 0x0000000080000000| Untracked 
|   1|0x0000000080100000, 0x0000000080200000, 0x0000000080200000|100%| O|  |TAMS 0x0000000080200000, 0x0000000080100000| Untracked 
|   2|0x0000000080200000, 0x0000000080300000, 0x0000000080300000|100%| O|  |TAMS 0x0000000080300000, 0x0000000080200000| Untracked 
|   3|0x0000000080300000, 0x0000000080400000, 0x0000000080400000|100%|HS|  |TAMS 0x0000000080400000, 0x0000000080300000| Complete 
|   4|0x0000000080400000, 0x0000000080500000, 0x0000000080500000|100%|HC|  |TAMS 0x0000000080500000, 0x0000000080400000| Complete 
|   5|0x0000000080500000, 0x0000000080600000, 0x0000000080600000|100%|HC|  |TAMS 0x0000000080600000, 0x0000000080500000| Complete 
|   6|0x0000000080600000, 0x0000000080700000, 0x0000000080700000|100%| O|  |TAMS 0x0000000080700000, 0x0000000080600000| Untracked 
|   7|0x0000000080700000, 0x0000000080800000, 0x0000000080800000|100%| O|  |TAMS 0x0000000080800000, 0x0000000080700000| Untracked 
|   8|0x0000000080800000, 0x0000000080900000, 0x0000000080900000|100%| O|  |TAMS 0x0000000080900000, 0x0000000080800000| Untracked 
|   9|0x0000000080900000, 0x0000000080a00000, 0x0000000080a00000|100%| O|  |TAMS 0x0000000080a00000, 0x0000000080900000| Untracked 
|  10|0x0000000080a00000, 0x0000000080b00000, 0x0000000080b00000|100%| O|  |TAMS 0x0000000080b00000, 0x0000000080a00000| Untracked 
|  11|0x0000000080b00000, 0x0000000080c00000, 0x0000000080c00000|100%| O|  |TAMS 0x0000000080c00000, 0x0000000080b00000| Untracked 
|  12|0x0000000080c00000, 0x0000000080d00000, 0x0000000080d00000|100%| O|  |TAMS 0x0000000080d00000, 0x0000000080c00000| Untracked 
|  13|0x0000000080d00000, 0x0000000080e00000, 0x0000000080e00000|100%| O|  |TAMS 0x0000000080e00000, 0x0000000080d00000| Untracked 
|  14|0x0000000080e00000, 0x0000000080f00000, 0x0000000080f00000|100%| O|  |TAMS 0x0000000080f00000, 0x0000000080e00000| Untracked 
|  15|0x0000000080f00000, 0x0000000081000000, 0x0000000081000000|100%| O|  |TAMS 0x0000000081000000, 0x0000000080f00000| Untracked 
|  16|0x0000000081000000, 0x0000000081100000, 0x0000000081100000|100%| O|  |TAMS 0x0000000081100000, 0x0000000081000000| Untracked 
|  17|0x0000000081100000, 0x0000000081200000, 0x0000000081200000|100%| O|  |TAMS 0x0000000081200000, 0x0000000081100000| Untracked 
|  18|0x0000000081200000, 0x0000000081300000, 0x0000000081300000|100%| O|  |TAMS 0x0000000081300000, 0x0000000081200000| Untracked 
|  19|0x0000000081300000, 0x0000000081400000, 0x0000000081400000|100%|HS|  |TAMS 0x0000000081400000, 0x0000000081300000| Complete 
|  20|0x0000000081400000, 0x0000000081500000, 0x0000000081500000|100%| O|  |TAMS 0x0000000081500000, 0x0000000081400000| Untracked 
|  21|0x0000000081500000, 0x0000000081600000, 0x0000000081600000|100%| O|  |TAMS 0x0000000081600000, 0x0000000081500000| Untracked 
|  22|0x0000000081600000, 0x0000000081700000, 0x0000000081700000|100%| O|  |TAMS 0x0000000081700000, 0x0000000081600000| Untracked 
|  23|0x0000000081700000, 0x0000000081800000, 0x0000000081800000|100%| O|  |TAMS 0x0000000081800000, 0x0000000081700000| Untracked 
|  24|0x0000000081800000, 0x0000000081900000, 0x0000000081900000|100%| O|  |TAMS 0x0000000081900000, 0x0000000081800000| Untracked 
|  25|0x0000000081900000, 0x0000000081a00000, 0x0000000081a00000|100%| O|  |TAMS 0x0000000081a00000, 0x0000000081900000| Untracked 
|  26|0x0000000081a00000, 0x0000000081b00000, 0x0000000081b00000|100%| O|  |TAMS 0x0000000081b00000, 0x0000000081a00000| Untracked 
|  27|0x0000000081b00000, 0x0000000081c00000, 0x0000000081c00000|100%| O|  |TAMS 0x0000000081c00000, 0x0000000081b00000| Untracked 
|  28|0x0000000081c00000, 0x0000000081d00000, 0x0000000081d00000|100%| O|  |TAMS 0x0000000081d00000, 0x0000000081c00000| Untracked 
|  29|0x0000000081d00000, 0x0000000081e00000, 0x0000000081e00000|100%|HS|  |TAMS 0x0000000081e00000, 0x0000000081d00000| Complete 
|  30|0x0000000081e00000, 0x0000000081f00000, 0x0000000081f00000|100%|HC|  |TAMS 0x0000000081f00000, 0x0000000081e00000| Complete 
|  31|0x0000000081f00000, 0x0000000082000000, 0x0000000082000000|100%|HS|  |TAMS 0x0000000082000000, 0x0000000081f00000| Complete 
|  32|0x0000000082000000, 0x0000000082100000, 0x0000000082100000|100%|HS|  |TAMS 0x0000000082100000, 0x0000000082000000| Complete 
|  33|0x0000000082100000, 0x0000000082200000, 0x0000000082200000|100%|HC|  |TAMS 0x0000000082200000, 0x0000000082100000| Complete 
|  34|0x0000000082200000, 0x0000000082300000, 0x0000000082300000|100%|HC|  |TAMS 0x0000000082300000, 0x0000000082200000| Complete 
|  35|0x0000000082300000, 0x0000000082400000, 0x0000000082400000|100%|HC|  |TAMS 0x0000000082400000, 0x0000000082300000| Complete 
|  36|0x0000000082400000, 0x0000000082500000, 0x0000000082500000|100%| O|  |TAMS 0x0000000082500000, 0x0000000082400000| Untracked 
|  37|0x0000000082500000, 0x0000000082600000, 0x0000000082600000|100%| O|  |TAMS 0x0000000082600000, 0x0000000082500000| Untracked 
|  38|0x0000000082600000, 0x0000000082700000, 0x0000000082700000|100%| O|  |TAMS 0x0000000082700000, 0x0000000082600000| Untracked 
|  39|0x0000000082700000, 0x0000000082800000, 0x0000000082800000|100%| O|  |TAMS 0x0000000082800000, 0x0000000082700000| Untracked 
|  40|0x0000000082800000, 0x0000000082900000, 0x0000000082900000|100%| O|  |TAMS 0x0000000082900000, 0x0000000082800000| Untracked 
|  41|0x0000000082900000, 0x0000000082a00000, 0x0000000082a00000|100%| O|  |TAMS 0x0000000082a00000, 0x0000000082900000| Untracked 
|  42|0x0000000082a00000, 0x0000000082b00000, 0x0000000082b00000|100%| O|  |TAMS 0x0000000082b00000, 0x0000000082a00000| Untracked 
|  43|0x0000000082b00000, 0x0000000082c00000, 0x0000000082c00000|100%| O|  |TAMS 0x0000000082c00000, 0x0000000082b00000| Untracked 
|  44|0x0000000082c00000, 0x0000000082d00000, 0x0000000082d00000|100%| O|  |TAMS 0x0000000082d00000, 0x0000000082c00000| Untracked 
|  45|0x0000000082d00000, 0x0000000082e00000, 0x0000000082e00000|100%| O|  |TAMS 0x0000000082e00000, 0x0000000082d00000| Untracked 
|  46|0x0000000082e00000, 0x0000000082f00000, 0x0000000082f00000|100%| O|  |TAMS 0x0000000082f00000, 0x0000000082e00000| Untracked 
|  47|0x0000000082f00000, 0x0000000083000000, 0x0000000083000000|100%| O|  |TAMS 0x0000000083000000, 0x0000000082f00000| Untracked 
|  48|0x0000000083000000, 0x0000000083100000, 0x0000000083100000|100%| O|  |TAMS 0x0000000083100000, 0x0000000083000000| Untracked 
|  49|0x0000000083100000, 0x0000000083200000, 0x0000000083200000|100%| O|  |TAMS 0x0000000083200000, 0x0000000083100000| Untracked 
|  50|0x0000000083200000, 0x0000000083300000, 0x0000000083300000|100%| O|  |TAMS 0x0000000083300000, 0x0000000083200000| Untracked 
|  51|0x0000000083300000, 0x0000000083400000, 0x0000000083400000|100%| O|  |TAMS 0x0000000083400000, 0x0000000083300000| Untracked 
|  52|0x0000000083400000, 0x0000000083500000, 0x0000000083500000|100%| O|  |TAMS 0x0000000083500000, 0x0000000083400000| Untracked 
|  53|0x0000000083500000, 0x0000000083600000, 0x0000000083600000|100%| O|  |TAMS 0x0000000083600000, 0x0000000083500000| Untracked 
|  54|0x0000000083600000, 0x0000000083700000, 0x0000000083700000|100%| O|  |TAMS 0x0000000083700000, 0x0000000083600000| Untracked 
|  55|0x0000000083700000, 0x0000000083800000, 0x0000000083800000|100%| O|  |TAMS 0x0000000083719200, 0x0000000083700000| Untracked 
|  56|0x0000000083800000, 0x0000000083900000, 0x0000000083900000|100%| O|  |TAMS 0x0000000083900000, 0x0000000083800000| Untracked 
|  57|0x0000000083900000, 0x0000000083a00000, 0x0000000083a00000|100%| O|  |TAMS 0x0000000083a00000, 0x0000000083900000| Untracked 
|  58|0x0000000083a00000, 0x0000000083b00000, 0x0000000083b00000|100%| O|  |TAMS 0x0000000083b00000, 0x0000000083a00000| Untracked 
|  59|0x0000000083b00000, 0x0000000083c00000, 0x0000000083c00000|100%| O|  |TAMS 0x0000000083c00000, 0x0000000083b00000| Untracked 
|  60|0x0000000083c00000, 0x0000000083d00000, 0x0000000083d00000|100%| O|  |TAMS 0x0000000083d00000, 0x0000000083c00000| Untracked 
|  61|0x0000000083d00000, 0x0000000083e00000, 0x0000000083e00000|100%| O|  |TAMS 0x0000000083e00000, 0x0000000083d00000| Untracked 
|  62|0x0000000083e00000, 0x0000000083f00000, 0x0000000083f00000|100%| O|  |TAMS 0x0000000083f00000, 0x0000000083e00000| Untracked 
|  63|0x0000000083f00000, 0x0000000084000000, 0x0000000084000000|100%| O|  |TAMS 0x0000000084000000, 0x0000000083f00000| Untracked 
|  64|0x0000000084000000, 0x0000000084100000, 0x0000000084100000|100%| O|  |TAMS 0x0000000084100000, 0x0000000084000000| Untracked 
|  65|0x0000000084100000, 0x0000000084200000, 0x0000000084200000|100%| O|  |TAMS 0x0000000084200000, 0x0000000084100000| Untracked 
|  66|0x0000000084200000, 0x0000000084300000, 0x0000000084300000|100%| O|  |TAMS 0x0000000084300000, 0x0000000084200000| Untracked 
|  67|0x0000000084300000, 0x0000000084400000, 0x0000000084400000|100%| O|  |TAMS 0x0000000084400000, 0x0000000084300000| Untracked 
|  68|0x0000000084400000, 0x0000000084500000, 0x0000000084500000|100%| O|  |TAMS 0x0000000084500000, 0x0000000084400000| Untracked 
|  69|0x0000000084500000, 0x0000000084600000, 0x0000000084600000|100%| O|  |TAMS 0x0000000084600000, 0x0000000084500000| Untracked 
|  70|0x0000000084600000, 0x0000000084700000, 0x0000000084700000|100%| O|  |TAMS 0x0000000084700000, 0x0000000084600000| Untracked 
|  71|0x0000000084700000, 0x0000000084800000, 0x0000000084800000|100%| O|  |TAMS 0x0000000084800000, 0x0000000084700000| Untracked 
|  72|0x0000000084800000, 0x0000000084900000, 0x0000000084900000|100%| O|  |TAMS 0x0000000084900000, 0x0000000084800000| Untracked 
|  73|0x0000000084900000, 0x0000000084a00000, 0x0000000084a00000|100%| O|  |TAMS 0x0000000084a00000, 0x0000000084900000| Untracked 
|  74|0x0000000084a00000, 0x0000000084b00000, 0x0000000084b00000|100%| O|  |TAMS 0x0000000084b00000, 0x0000000084a00000| Untracked 
|  75|0x0000000084b00000, 0x0000000084c00000, 0x0000000084c00000|100%| O|  |TAMS 0x0000000084c00000, 0x0000000084b00000| Untracked 
|  76|0x0000000084c00000, 0x0000000084d00000, 0x0000000084d00000|100%| O|  |TAMS 0x0000000084d00000, 0x0000000084c00000| Untracked 
|  77|0x0000000084d00000, 0x0000000084e00000, 0x0000000084e00000|100%| O|  |TAMS 0x0000000084e00000, 0x0000000084d00000| Untracked 
|  78|0x0000000084e00000, 0x0000000084f00000, 0x0000000084f00000|100%| O|  |TAMS 0x0000000084f00000, 0x0000000084e00000| Untracked 
|  79|0x0000000084f00000, 0x0000000085000000, 0x0000000085000000|100%| O|  |TAMS 0x0000000085000000, 0x0000000084f00000| Untracked 
|  80|0x0000000085000000, 0x0000000085100000, 0x0000000085100000|100%| O|  |TAMS 0x0000000085100000, 0x0000000085000000| Untracked 
|  81|0x0000000085100000, 0x0000000085200000, 0x0000000085200000|100%| O|  |TAMS 0x0000000085200000, 0x0000000085100000| Untracked 
|  82|0x0000000085200000, 0x0000000085300000, 0x0000000085300000|100%| O|  |TAMS 0x0000000085300000, 0x0000000085200000| Untracked 
|  83|0x0000000085300000, 0x0000000085400000, 0x0000000085400000|100%| O|  |TAMS 0x0000000085400000, 0x0000000085300000| Untracked 
|  84|0x0000000085400000, 0x0000000085500000, 0x0000000085500000|100%| O|  |TAMS 0x0000000085500000, 0x0000000085400000| Untracked 
|  85|0x0000000085500000, 0x0000000085600000, 0x0000000085600000|100%| O|  |TAMS 0x0000000085600000, 0x0000000085500000| Untracked 
|  86|0x0000000085600000, 0x0000000085700000, 0x0000000085700000|100%| O|  |TAMS 0x0000000085700000, 0x0000000085600000| Untracked 
|  87|0x0000000085700000, 0x0000000085800000, 0x0000000085800000|100%| O|  |TAMS 0x0000000085800000, 0x0000000085700000| Untracked 
|  88|0x0000000085800000, 0x0000000085900000, 0x0000000085900000|100%| O|  |TAMS 0x0000000085900000, 0x0000000085800000| Untracked 
|  89|0x0000000085900000, 0x0000000085a00000, 0x0000000085a00000|100%| O|  |TAMS 0x0000000085a00000, 0x0000000085900000| Untracked 
|  90|0x0000000085a00000, 0x0000000085b00000, 0x0000000085b00000|100%| O|  |TAMS 0x0000000085b00000, 0x0000000085a00000| Untracked 
|  91|0x0000000085b00000, 0x0000000085c00000, 0x0000000085c00000|100%| O|  |TAMS 0x0000000085c00000, 0x0000000085b00000| Untracked 
|  92|0x0000000085c00000, 0x0000000085d00000, 0x0000000085d00000|100%| O|  |TAMS 0x0000000085d00000, 0x0000000085c00000| Untracked 
|  93|0x0000000085d00000, 0x0000000085e00000, 0x0000000085e00000|100%| O|  |TAMS 0x0000000085e00000, 0x0000000085d00000| Untracked 
|  94|0x0000000085e00000, 0x0000000085f00000, 0x0000000085f00000|100%| O|  |TAMS 0x0000000085f00000, 0x0000000085e00000| Untracked 
|  95|0x0000000085f00000, 0x0000000086000000, 0x0000000086000000|100%| O|  |TAMS 0x0000000086000000, 0x0000000085f00000| Untracked 
|  96|0x0000000086000000, 0x0000000086100000, 0x0000000086100000|100%| O|  |TAMS 0x0000000086100000, 0x0000000086000000| Untracked 
|  97|0x0000000086100000, 0x0000000086200000, 0x0000000086200000|100%| O|  |TAMS 0x0000000086200000, 0x0000000086100000| Untracked 
|  98|0x0000000086200000, 0x0000000086300000, 0x0000000086300000|100%| O|  |TAMS 0x0000000086300000, 0x0000000086200000| Untracked 
|  99|0x0000000086300000, 0x0000000086400000, 0x0000000086400000|100%| O|  |TAMS 0x0000000086400000, 0x0000000086300000| Untracked 
| 100|0x0000000086400000, 0x0000000086500000, 0x0000000086500000|100%| O|  |TAMS 0x0000000086500000, 0x0000000086400000| Untracked 
| 101|0x0000000086500000, 0x0000000086600000, 0x0000000086600000|100%| O|  |TAMS 0x0000000086600000, 0x0000000086500000| Untracked 
| 102|0x0000000086600000, 0x0000000086700000, 0x0000000086700000|100%| O|  |TAMS 0x0000000086700000, 0x0000000086600000| Untracked 
| 103|0x0000000086700000, 0x0000000086800000, 0x0000000086800000|100%| O|  |TAMS 0x0000000086800000, 0x0000000086700000| Untracked 
| 104|0x0000000086800000, 0x0000000086900000, 0x0000000086900000|100%| O|  |TAMS 0x0000000086900000, 0x0000000086800000| Untracked 
| 105|0x0000000086900000, 0x0000000086a00000, 0x0000000086a00000|100%| O|  |TAMS 0x0000000086900000, 0x0000000086900000| Untracked 
| 106|0x0000000086a00000, 0x0000000086b00000, 0x0000000086b00000|100%| O|  |TAMS 0x0000000086b00000, 0x0000000086a00000| Untracked 
| 107|0x0000000086b00000, 0x0000000086c00000, 0x0000000086c00000|100%| O|  |TAMS 0x0000000086c00000, 0x0000000086b00000| Untracked 
| 108|0x0000000086c00000, 0x0000000086d00000, 0x0000000086d00000|100%| O|  |TAMS 0x0000000086d00000, 0x0000000086c00000| Untracked 
| 109|0x0000000086d00000, 0x0000000086e00000, 0x0000000086e00000|100%| O|  |TAMS 0x0000000086e00000, 0x0000000086d00000| Untracked 
| 110|0x0000000086e00000, 0x0000000086f00000, 0x0000000086f00000|100%| O|  |TAMS 0x0000000086f00000, 0x0000000086e00000| Untracked 
| 111|0x0000000086f00000, 0x0000000087000000, 0x0000000087000000|100%| O|  |TAMS 0x0000000087000000, 0x0000000086f00000| Untracked 
| 112|0x0000000087000000, 0x0000000087100000, 0x0000000087100000|100%| O|  |TAMS 0x0000000087100000, 0x0000000087000000| Untracked 
| 113|0x0000000087100000, 0x0000000087200000, 0x0000000087200000|100%| O|  |TAMS 0x0000000087200000, 0x0000000087100000| Untracked 
| 114|0x0000000087200000, 0x0000000087300000, 0x0000000087300000|100%| O|  |TAMS 0x0000000087300000, 0x0000000087200000| Untracked 
| 115|0x0000000087300000, 0x0000000087400000, 0x0000000087400000|100%| O|  |TAMS 0x0000000087400000, 0x0000000087300000| Untracked 
| 116|0x0000000087400000, 0x0000000087500000, 0x0000000087500000|100%| O|  |TAMS 0x0000000087500000, 0x0000000087400000| Untracked 
| 117|0x0000000087500000, 0x0000000087600000, 0x0000000087600000|100%| O|  |TAMS 0x0000000087600000, 0x0000000087500000| Untracked 
| 118|0x0000000087600000, 0x0000000087700000, 0x0000000087700000|100%| O|  |TAMS 0x0000000087700000, 0x0000000087600000| Untracked 
| 119|0x0000000087700000, 0x0000000087800000, 0x0000000087800000|100%| O|  |TAMS 0x0000000087800000, 0x0000000087700000| Untracked 
| 120|0x0000000087800000, 0x0000000087900000, 0x0000000087900000|100%| O|  |TAMS 0x0000000087900000, 0x0000000087800000| Untracked 
| 121|0x0000000087900000, 0x0000000087a00000, 0x0000000087a00000|100%| O|  |TAMS 0x0000000087a00000, 0x0000000087900000| Untracked 
| 122|0x0000000087a00000, 0x0000000087b00000, 0x0000000087b00000|100%| O|  |TAMS 0x0000000087b00000, 0x0000000087a00000| Untracked 
| 123|0x0000000087b00000, 0x0000000087c00000, 0x0000000087c00000|100%| O|  |TAMS 0x0000000087c00000, 0x0000000087b00000| Untracked 
| 124|0x0000000087c00000, 0x0000000087d00000, 0x0000000087d00000|100%| O|  |TAMS 0x0000000087d00000, 0x0000000087c00000| Untracked 
| 125|0x0000000087d00000, 0x0000000087e00000, 0x0000000087e00000|100%| O|  |TAMS 0x0000000087e00000, 0x0000000087d00000| Untracked 
| 126|0x0000000087e00000, 0x0000000087f00000, 0x0000000087f00000|100%| O|  |TAMS 0x0000000087f00000, 0x0000000087e00000| Untracked 
| 127|0x0000000087f00000, 0x0000000088000000, 0x0000000088000000|100%| O|  |TAMS 0x0000000088000000, 0x0000000087f00000| Untracked 
| 128|0x0000000088000000, 0x0000000088100000, 0x0000000088100000|100%| O|  |TAMS 0x0000000088100000, 0x0000000088000000| Untracked 
| 129|0x0000000088100000, 0x0000000088200000, 0x0000000088200000|100%| O|  |TAMS 0x0000000088200000, 0x0000000088100000| Untracked 
| 130|0x0000000088200000, 0x0000000088300000, 0x0000000088300000|100%| O|  |TAMS 0x0000000088300000, 0x0000000088200000| Untracked 
| 131|0x0000000088300000, 0x0000000088400000, 0x0000000088400000|100%| O|  |TAMS 0x0000000088400000, 0x0000000088300000| Untracked 
| 132|0x0000000088400000, 0x0000000088500000, 0x0000000088500000|100%| O|  |TAMS 0x0000000088500000, 0x0000000088400000| Untracked 
| 133|0x0000000088500000, 0x0000000088600000, 0x0000000088600000|100%| O|  |TAMS 0x0000000088600000, 0x0000000088500000| Untracked 
| 134|0x0000000088600000, 0x0000000088700000, 0x0000000088700000|100%| O|  |TAMS 0x0000000088700000, 0x0000000088600000| Untracked 
| 135|0x0000000088700000, 0x000000008875d800, 0x0000000088800000| 36%| O|  |TAMS 0x0000000088700000, 0x0000000088700000| Untracked 
| 136|0x0000000088800000, 0x0000000088900000, 0x0000000088900000|100%| O|  |TAMS 0x0000000088900000, 0x0000000088800000| Untracked 
| 137|0x0000000088900000, 0x0000000088a00000, 0x0000000088a00000|100%| O|  |TAMS 0x0000000088900000, 0x0000000088900000| Untracked 
| 138|0x0000000088a00000, 0x0000000088b00000, 0x0000000088b00000|100%| O|  |TAMS 0x0000000088a00000, 0x0000000088a00000| Untracked 
| 139|0x0000000088b00000, 0x0000000088b00000, 0x0000000088c00000|  0%| F|  |TAMS 0x0000000088b00000, 0x0000000088b00000| Untracked 
| 140|0x0000000088c00000, 0x0000000088c00000, 0x0000000088d00000|  0%| F|  |TAMS 0x0000000088c00000, 0x0000000088c00000| Untracked 
| 141|0x0000000088d00000, 0x0000000088d00000, 0x0000000088e00000|  0%| F|  |TAMS 0x0000000088d00000, 0x0000000088d00000| Untracked 
| 142|0x0000000088e00000, 0x0000000088e00000, 0x0000000088f00000|  0%| F|  |TAMS 0x0000000088e00000, 0x0000000088e00000| Untracked 
| 143|0x0000000088f00000, 0x0000000088f00000, 0x0000000089000000|  0%| F|  |TAMS 0x0000000088f00000, 0x0000000088f00000| Untracked 
| 144|0x0000000089000000, 0x0000000089000000, 0x0000000089100000|  0%| F|  |TAMS 0x0000000089000000, 0x0000000089000000| Untracked 
| 145|0x0000000089100000, 0x0000000089100000, 0x0000000089200000|  0%| F|  |TAMS 0x0000000089100000, 0x0000000089100000| Untracked 
| 146|0x0000000089200000, 0x0000000089200000, 0x0000000089300000|  0%| F|  |TAMS 0x0000000089200000, 0x0000000089200000| Untracked 
| 147|0x0000000089300000, 0x0000000089300000, 0x0000000089400000|  0%| F|  |TAMS 0x0000000089300000, 0x0000000089300000| Untracked 
| 148|0x0000000089400000, 0x0000000089400000, 0x0000000089500000|  0%| F|  |TAMS 0x0000000089400000, 0x0000000089400000| Untracked 
| 149|0x0000000089500000, 0x0000000089500000, 0x0000000089600000|  0%| F|  |TAMS 0x0000000089500000, 0x0000000089500000| Untracked 
| 150|0x0000000089600000, 0x0000000089600000, 0x0000000089700000|  0%| F|  |TAMS 0x0000000089600000, 0x0000000089600000| Untracked 
| 151|0x0000000089700000, 0x0000000089700000, 0x0000000089800000|  0%| F|  |TAMS 0x0000000089700000, 0x0000000089700000| Untracked 
| 152|0x0000000089800000, 0x0000000089800000, 0x0000000089900000|  0%| F|  |TAMS 0x0000000089800000, 0x0000000089800000| Untracked 
| 153|0x0000000089900000, 0x0000000089900000, 0x0000000089a00000|  0%| F|  |TAMS 0x0000000089900000, 0x0000000089900000| Untracked 
| 154|0x0000000089a00000, 0x0000000089a00000, 0x0000000089b00000|  0%| F|  |TAMS 0x0000000089a00000, 0x0000000089a00000| Untracked 
| 155|0x0000000089b00000, 0x0000000089b00000, 0x0000000089c00000|  0%| F|  |TAMS 0x0000000089b00000, 0x0000000089b00000| Untracked 
| 156|0x0000000089c00000, 0x0000000089c00000, 0x0000000089d00000|  0%| F|  |TAMS 0x0000000089c00000, 0x0000000089c00000| Untracked 
| 157|0x0000000089d00000, 0x0000000089d00000, 0x0000000089e00000|  0%| F|  |TAMS 0x0000000089d00000, 0x0000000089d00000| Untracked 
| 158|0x0000000089e00000, 0x0000000089e00000, 0x0000000089f00000|  0%| F|  |TAMS 0x0000000089e00000, 0x0000000089e00000| Untracked 
| 159|0x0000000089f00000, 0x0000000089f00000, 0x000000008a000000|  0%| F|  |TAMS 0x0000000089f00000, 0x0000000089f00000| Untracked 
| 160|0x000000008a000000, 0x000000008a000000, 0x000000008a100000|  0%| F|  |TAMS 0x000000008a000000, 0x000000008a000000| Untracked 
| 161|0x000000008a100000, 0x000000008a100000, 0x000000008a200000|  0%| F|  |TAMS 0x000000008a100000, 0x000000008a100000| Untracked 
| 162|0x000000008a200000, 0x000000008a200000, 0x000000008a300000|  0%| F|  |TAMS 0x000000008a200000, 0x000000008a200000| Untracked 
| 163|0x000000008a300000, 0x000000008a300000, 0x000000008a400000|  0%| F|  |TAMS 0x000000008a300000, 0x000000008a300000| Untracked 
| 164|0x000000008a400000, 0x000000008a400000, 0x000000008a500000|  0%| F|  |TAMS 0x000000008a400000, 0x000000008a400000| Untracked 
| 165|0x000000008a500000, 0x000000008a500000, 0x000000008a600000|  0%| F|  |TAMS 0x000000008a500000, 0x000000008a500000| Untracked 
| 166|0x000000008a600000, 0x000000008a600000, 0x000000008a700000|  0%| F|  |TAMS 0x000000008a600000, 0x000000008a600000| Untracked 
| 167|0x000000008a700000, 0x000000008a700000, 0x000000008a800000|  0%| F|  |TAMS 0x000000008a700000, 0x000000008a700000| Untracked 
| 168|0x000000008a800000, 0x000000008a800000, 0x000000008a900000|  0%| F|  |TAMS 0x000000008a800000, 0x000000008a800000| Untracked 
| 169|0x000000008a900000, 0x000000008a900000, 0x000000008aa00000|  0%| F|  |TAMS 0x000000008a900000, 0x000000008a900000| Untracked 
| 170|0x000000008aa00000, 0x000000008aa00000, 0x000000008ab00000|  0%| F|  |TAMS 0x000000008aa00000, 0x000000008aa00000| Untracked 
| 171|0x000000008ab00000, 0x000000008ab00000, 0x000000008ac00000|  0%| F|  |TAMS 0x000000008ab00000, 0x000000008ab00000| Untracked 
| 172|0x000000008ac00000, 0x000000008ad00000, 0x000000008ad00000|100%| S|CS|TAMS 0x000000008ac00000, 0x000000008ac00000| Complete 
| 173|0x000000008ad00000, 0x000000008ae00000, 0x000000008ae00000|100%| S|CS|TAMS 0x000000008ad00000, 0x000000008ad00000| Complete 
| 174|0x000000008ae00000, 0x000000008af00000, 0x000000008af00000|100%| S|CS|TAMS 0x000000008ae00000, 0x000000008ae00000| Complete 
| 175|0x000000008af00000, 0x000000008af00000, 0x000000008b000000|  0%| F|  |TAMS 0x000000008af00000, 0x000000008af00000| Untracked 
| 176|0x000000008b000000, 0x000000008b000000, 0x000000008b100000|  0%| F|  |TAMS 0x000000008b000000, 0x000000008b000000| Untracked 
| 177|0x000000008b100000, 0x000000008b100000, 0x000000008b200000|  0%| F|  |TAMS 0x000000008b100000, 0x000000008b100000| Untracked 
| 178|0x000000008b200000, 0x000000008b200000, 0x000000008b300000|  0%| F|  |TAMS 0x000000008b200000, 0x000000008b200000| Untracked 
| 179|0x000000008b300000, 0x000000008b300000, 0x000000008b400000|  0%| F|  |TAMS 0x000000008b300000, 0x000000008b300000| Untracked 
| 180|0x000000008b400000, 0x000000008b400000, 0x000000008b500000|  0%| F|  |TAMS 0x000000008b400000, 0x000000008b400000| Untracked 
| 181|0x000000008b500000, 0x000000008b500000, 0x000000008b600000|  0%| F|  |TAMS 0x000000008b500000, 0x000000008b500000| Untracked 
| 182|0x000000008b600000, 0x000000008b600000, 0x000000008b700000|  0%| F|  |TAMS 0x000000008b600000, 0x000000008b600000| Untracked 
| 183|0x000000008b700000, 0x000000008b700000, 0x000000008b800000|  0%| F|  |TAMS 0x000000008b700000, 0x000000008b700000| Untracked 
| 184|0x000000008b800000, 0x000000008b800000, 0x000000008b900000|  0%| F|  |TAMS 0x000000008b800000, 0x000000008b800000| Untracked 
| 185|0x000000008b900000, 0x000000008b900000, 0x000000008ba00000|  0%| F|  |TAMS 0x000000008b900000, 0x000000008b900000| Untracked 
| 186|0x000000008ba00000, 0x000000008ba00000, 0x000000008bb00000|  0%| F|  |TAMS 0x000000008ba00000, 0x000000008ba00000| Untracked 
| 187|0x000000008bb00000, 0x000000008bb00000, 0x000000008bc00000|  0%| F|  |TAMS 0x000000008bb00000, 0x000000008bb00000| Untracked 
| 188|0x000000008bc00000, 0x000000008bc00000, 0x000000008bd00000|  0%| F|  |TAMS 0x000000008bc00000, 0x000000008bc00000| Untracked 
| 189|0x000000008bd00000, 0x000000008bd00000, 0x000000008be00000|  0%| F|  |TAMS 0x000000008bd00000, 0x000000008bd00000| Untracked 
| 190|0x000000008be00000, 0x000000008be00000, 0x000000008bf00000|  0%| F|  |TAMS 0x000000008be00000, 0x000000008be00000| Untracked 
| 191|0x000000008bf00000, 0x000000008bf00000, 0x000000008c000000|  0%| F|  |TAMS 0x000000008bf00000, 0x000000008bf00000| Untracked 
| 192|0x000000008c000000, 0x000000008c000000, 0x000000008c100000|  0%| F|  |TAMS 0x000000008c000000, 0x000000008c000000| Untracked 
| 193|0x000000008c100000, 0x000000008c100000, 0x000000008c200000|  0%| F|  |TAMS 0x000000008c100000, 0x000000008c100000| Untracked 
| 194|0x000000008c200000, 0x000000008c200000, 0x000000008c300000|  0%| F|  |TAMS 0x000000008c200000, 0x000000008c200000| Untracked 
| 195|0x000000008c300000, 0x000000008c300000, 0x000000008c400000|  0%| F|  |TAMS 0x000000008c300000, 0x000000008c300000| Untracked 
| 196|0x000000008c400000, 0x000000008c400000, 0x000000008c500000|  0%| F|  |TAMS 0x000000008c400000, 0x000000008c400000| Untracked 
| 197|0x000000008c500000, 0x000000008c500000, 0x000000008c600000|  0%| F|  |TAMS 0x000000008c500000, 0x000000008c500000| Untracked 
| 198|0x000000008c600000, 0x000000008c600000, 0x000000008c700000|  0%| F|  |TAMS 0x000000008c600000, 0x000000008c600000| Untracked 
| 199|0x000000008c700000, 0x000000008c700000, 0x000000008c800000|  0%| F|  |TAMS 0x000000008c700000, 0x000000008c700000| Untracked 
| 200|0x000000008c800000, 0x000000008c800000, 0x000000008c900000|  0%| F|  |TAMS 0x000000008c800000, 0x000000008c800000| Untracked 
| 201|0x000000008c900000, 0x000000008c900000, 0x000000008ca00000|  0%| F|  |TAMS 0x000000008c900000, 0x000000008c900000| Untracked 
| 202|0x000000008ca00000, 0x000000008ca00000, 0x000000008cb00000|  0%| F|  |TAMS 0x000000008ca00000, 0x000000008ca00000| Untracked 
| 203|0x000000008cb00000, 0x000000008cb00000, 0x000000008cc00000|  0%| F|  |TAMS 0x000000008cb00000, 0x000000008cb00000| Untracked 
| 204|0x000000008cc00000, 0x000000008cc00000, 0x000000008cd00000|  0%| F|  |TAMS 0x000000008cc00000, 0x000000008cc00000| Untracked 
| 205|0x000000008cd00000, 0x000000008cd00000, 0x000000008ce00000|  0%| F|  |TAMS 0x000000008cd00000, 0x000000008cd00000| Untracked 
| 206|0x000000008ce00000, 0x000000008ce00000, 0x000000008cf00000|  0%| F|  |TAMS 0x000000008ce00000, 0x000000008ce00000| Untracked 
| 207|0x000000008cf00000, 0x000000008cf00000, 0x000000008d000000|  0%| F|  |TAMS 0x000000008cf00000, 0x000000008cf00000| Untracked 
| 208|0x000000008d000000, 0x000000008d000000, 0x000000008d100000|  0%| F|  |TAMS 0x000000008d000000, 0x000000008d000000| Untracked 
| 209|0x000000008d100000, 0x000000008d100000, 0x000000008d200000|  0%| F|  |TAMS 0x000000008d100000, 0x000000008d100000| Untracked 
| 210|0x000000008d200000, 0x000000008d200000, 0x000000008d300000|  0%| F|  |TAMS 0x000000008d200000, 0x000000008d200000| Untracked 
| 211|0x000000008d300000, 0x000000008d300000, 0x000000008d400000|  0%| F|  |TAMS 0x000000008d300000, 0x000000008d300000| Untracked 
| 212|0x000000008d400000, 0x000000008d400000, 0x000000008d500000|  0%| F|  |TAMS 0x000000008d400000, 0x000000008d400000| Untracked 
| 213|0x000000008d500000, 0x000000008d500000, 0x000000008d600000|  0%| F|  |TAMS 0x000000008d500000, 0x000000008d500000| Untracked 
| 214|0x000000008d600000, 0x000000008d600000, 0x000000008d700000|  0%| F|  |TAMS 0x000000008d600000, 0x000000008d600000| Untracked 
| 215|0x000000008d700000, 0x000000008d700000, 0x000000008d800000|  0%| F|  |TAMS 0x000000008d700000, 0x000000008d700000| Untracked 
| 216|0x000000008d800000, 0x000000008d800000, 0x000000008d900000|  0%| F|  |TAMS 0x000000008d800000, 0x000000008d800000| Untracked 
| 217|0x000000008d900000, 0x000000008d900000, 0x000000008da00000|  0%| F|  |TAMS 0x000000008d900000, 0x000000008d900000| Untracked 
| 218|0x000000008da00000, 0x000000008da00000, 0x000000008db00000|  0%| F|  |TAMS 0x000000008da00000, 0x000000008da00000| Untracked 
| 219|0x000000008db00000, 0x000000008db00000, 0x000000008dc00000|  0%| F|  |TAMS 0x000000008db00000, 0x000000008db00000| Untracked 
| 220|0x000000008dc00000, 0x000000008dc00000, 0x000000008dd00000|  0%| F|  |TAMS 0x000000008dc00000, 0x000000008dc00000| Untracked 
| 221|0x000000008dd00000, 0x000000008dd00000, 0x000000008de00000|  0%| F|  |TAMS 0x000000008dd00000, 0x000000008dd00000| Untracked 
| 222|0x000000008de00000, 0x000000008de00000, 0x000000008df00000|  0%| F|  |TAMS 0x000000008de00000, 0x000000008de00000| Untracked 
| 223|0x000000008df00000, 0x000000008df00000, 0x000000008e000000|  0%| F|  |TAMS 0x000000008df00000, 0x000000008df00000| Untracked 
| 224|0x000000008e000000, 0x000000008e000000, 0x000000008e100000|  0%| F|  |TAMS 0x000000008e000000, 0x000000008e000000| Untracked 
| 225|0x000000008e100000, 0x000000008e100000, 0x000000008e200000|  0%| F|  |TAMS 0x000000008e100000, 0x000000008e100000| Untracked 
| 226|0x000000008e200000, 0x000000008e200000, 0x000000008e300000|  0%| F|  |TAMS 0x000000008e200000, 0x000000008e200000| Untracked 
| 227|0x000000008e300000, 0x000000008e300000, 0x000000008e400000|  0%| F|  |TAMS 0x000000008e300000, 0x000000008e300000| Untracked 
| 228|0x000000008e400000, 0x000000008e400000, 0x000000008e500000|  0%| F|  |TAMS 0x000000008e400000, 0x000000008e400000| Untracked 
| 229|0x000000008e500000, 0x000000008e500000, 0x000000008e600000|  0%| F|  |TAMS 0x000000008e500000, 0x000000008e500000| Untracked 
| 230|0x000000008e600000, 0x000000008e671388, 0x000000008e700000| 44%| E|  |TAMS 0x000000008e600000, 0x000000008e600000| Complete 
| 231|0x000000008e700000, 0x000000008e800000, 0x000000008e800000|100%| E|CS|TAMS 0x000000008e700000, 0x000000008e700000| Complete 
| 232|0x000000008e800000, 0x000000008e900000, 0x000000008e900000|100%| E|CS|TAMS 0x000000008e800000, 0x000000008e800000| Complete 
| 233|0x000000008e900000, 0x000000008ea00000, 0x000000008ea00000|100%| E|CS|TAMS 0x000000008e900000, 0x000000008e900000| Complete 
| 234|0x000000008ea00000, 0x000000008eb00000, 0x000000008eb00000|100%| E|CS|TAMS 0x000000008ea00000, 0x000000008ea00000| Complete 
| 235|0x000000008eb00000, 0x000000008ec00000, 0x000000008ec00000|100%| E|CS|TAMS 0x000000008eb00000, 0x000000008eb00000| Complete 
| 236|0x000000008ec00000, 0x000000008ed00000, 0x000000008ed00000|100%| E|CS|TAMS 0x000000008ec00000, 0x000000008ec00000| Complete 
| 237|0x000000008ed00000, 0x000000008ee00000, 0x000000008ee00000|100%| E|CS|TAMS 0x000000008ed00000, 0x000000008ed00000| Complete 
| 238|0x000000008ee00000, 0x000000008ef00000, 0x000000008ef00000|100%| E|CS|TAMS 0x000000008ee00000, 0x000000008ee00000| Complete 
| 239|0x000000008ef00000, 0x000000008f000000, 0x000000008f000000|100%| E|CS|TAMS 0x000000008ef00000, 0x000000008ef00000| Complete 

Card table byte_map: [0x000001d90f400000,0x000001d90f800000] _byte_map_base: 0x000001d90f000000

Marking Bits (Prev, Next): (CMBitMap*) 0x000001d97bee4d38, (CMBitMap*) 0x000001d97bee4d70
 Prev Bits: [0x000001d90fc00000, 0x000001d911c00000)
 Next Bits: [0x000001d911c00000, 0x000001d913c00000)

Polling page: 0x000001d97b680000

Metaspace:

Usage:
  Non-class:    113.82 MB capacity,   111.46 MB ( 98%) used,     1.90 MB (  2%) free+waste,   479.75 KB ( <1%) overhead. 
      Class:     18.04 MB capacity,    16.53 MB ( 92%) used,     1.30 MB (  7%) free+waste,   220.62 KB (  1%) overhead. 
       Both:    131.86 MB capacity,   127.98 MB ( 97%) used,     3.20 MB (  2%) free+waste,   700.38 KB ( <1%) overhead. 

Virtual space:
  Non-class space:      114.00 MB reserved,     113.85 MB (>99%) committed 
      Class space:        1.00 GB reserved,      18.15 MB (  2%) committed 
             Both:        1.11 GB reserved,     132.00 MB ( 12%) committed 

Chunk freelists:
   Non-Class:  25.00 KB
       Class:  22.00 KB
        Both:  47.00 KB

MaxMetaspaceSize: 17179869184.00 GB
CompressedClassSpaceSize: 1.00 GB
Initial GC threshold: 20.80 MB
Current GC threshold: 214.58 MB
CDS: off

CodeHeap 'non-profiled nmethods': size=120000Kb used=10360Kb max_used=10360Kb free=109639Kb
 bounds [0x000001d907ad0000, 0x000001d9084f0000, 0x000001d90f000000]
CodeHeap 'profiled nmethods': size=120000Kb used=35870Kb max_used=35870Kb free=84130Kb
 bounds [0x000001d9005a0000, 0x000001d9028b0000, 0x000001d907ad0000]
CodeHeap 'non-nmethods': size=5760Kb used=2483Kb max_used=2534Kb free=3277Kb
 bounds [0x000001d900000000, 0x000001d900280000, 0x000001d9005a0000]
 total_blobs=17197 nmethods=16166 adapters=943
 compilation: enabled
              stopped_count=0, restarted_count=0
 full_count=0

Compilation events (20 events):
Event: 477.812 Thread 0x000001d916cb2000 16336       3       com.android.ide.common.symbols.Symbol::normalSymbol (13 bytes)
Event: 477.812 Thread 0x000001d916cb2000 nmethod 16336 0x000001d90287c190 code [0x000001d90287c340, 0x000001d90287c468]
Event: 477.823 Thread 0x000001d916cb0800 16337       4       com.android.ide.common.symbols.SymbolIo$ReadConfiguration$3::parseLine (5 bytes)
Event: 477.823 Thread 0x000001d91a880000 16338       4       com.android.ide.common.symbols.SymbolIo::readSymbolListWithPackageLine (211 bytes)
Event: 477.833 Thread 0x000001d916cb2000 16339       3       com.google.common.collect.Hashing::closedTableSize (37 bytes)
Event: 477.833 Thread 0x000001d916cb2000 nmethod 16339 0x000001d90287c510 code [0x000001d90287c6e0, 0x000001d90287c9e8]
Event: 477.835 Thread 0x000001d916cb2000 16341       3       com.android.ide.common.symbols.Symbol$Companion::normalSymbol (120 bytes)
Event: 477.837 Thread 0x000001d916cb2000 nmethod 16341 0x000001d90287cb10 code [0x000001d90287d080, 0x000001d90287f818]
Event: 477.837 Thread 0x000001d916cb2000 16344       3       com.android.ide.common.symbols.SymbolIo$SymbolData::<init> (60 bytes)
Event: 477.837 Thread 0x000001d916cb2000 nmethod 16344 0x000001d902880590 code [0x000001d902880780, 0x000001d902880bf8]
Event: 477.837 Thread 0x000001d916cb2000 16345       3       com.android.ide.common.symbols.Symbol$BasicNormalSymbol::hashCode (23 bytes)
Event: 477.838 Thread 0x000001d916cb2000 nmethod 16345 0x000001d902880d10 code [0x000001d902880ee0, 0x000001d9028810f8]
Event: 477.838 Thread 0x000001d916cb2000 16342       3       com.google.common.math.MathPreconditions::checkPositive (53 bytes)
Event: 477.838 Thread 0x000001d916cb2000 nmethod 16342 0x000001d902881210 code [0x000001d9028814e0, 0x000001d9028820b8]
Event: 477.838 Thread 0x000001d916cb2000 16343       3       com.google.common.math.IntMath::isPowerOfTwo (24 bytes)
Event: 477.838 Thread 0x000001d916cb2000 nmethod 16343 0x000001d902882590 code [0x000001d902882740, 0x000001d9028828d8]
Event: 477.861 Thread 0x000001d916cb2000 16346       3       com.google.common.collect.ImmutableSet::chooseTableSize (62 bytes)
Event: 477.862 Thread 0x000001d916cb2000 nmethod 16346 0x000001d902882990 code [0x000001d902882bc0, 0x000001d9028831b8]
Event: 477.866 Thread 0x000001d916cb2000 16347       3       com.google.common.cache.LocalCache$Segment::drainRecencyQueue (45 bytes)
Event: 477.866 Thread 0x000001d916cb2000 nmethod 16347 0x000001d902883410 code [0x000001d902883620, 0x000001d902883be8]

GC Heap History (20 events):
Event: 476.176 GC heap before
{Heap before GC invocations=68 (full 0):
 garbage-first heap   total 155648K, used 133324K [0x0000000080000000, 0x0000000100000000)
  region size 1024K, 7 young (7168K), 1 survivors (1024K)
 Metaspace       used 124892K, capacity 128741K, committed 128892K, reserved 1161216K
  class space    used 16199K, capacity 17650K, committed 17688K, reserved 1048576K
}
Event: 476.180 GC heap after
{Heap after GC invocations=69 (full 0):
 garbage-first heap   total 155648K, used 131072K [0x0000000080000000, 0x0000000100000000)
  region size 1024K, 1 young (1024K), 1 survivors (1024K)
 Metaspace       used 124892K, capacity 128741K, committed 128892K, reserved 1161216K
  class space    used 16199K, capacity 17650K, committed 17688K, reserved 1048576K
}
Event: 476.230 GC heap before
{Heap before GC invocations=69 (full 0):
 garbage-first heap   total 155648K, used 137216K [0x0000000080000000, 0x0000000100000000)
  region size 1024K, 7 young (7168K), 1 survivors (1024K)
 Metaspace       used 124939K, capacity 128805K, committed 128892K, reserved 1161216K
  class space    used 16199K, capacity 17650K, committed 17688K, reserved 1048576K
}
Event: 476.236 GC heap after
{Heap after GC invocations=70 (full 0):
 garbage-first heap   total 155648K, used 136881K [0x0000000080000000, 0x0000000100000000)
  region size 1024K, 1 young (1024K), 1 survivors (1024K)
 Metaspace       used 124939K, capacity 128805K, committed 128892K, reserved 1161216K
  class space    used 16199K, capacity 17650K, committed 17688K, reserved 1048576K
}
Event: 476.283 GC heap before
{Heap before GC invocations=70 (full 0):
 garbage-first heap   total 155648K, used 142001K [0x0000000080000000, 0x0000000100000000)
  region size 1024K, 7 young (7168K), 1 survivors (1024K)
 Metaspace       used 125057K, capacity 128871K, committed 129148K, reserved 1161216K
  class space    used 16215K, capacity 17651K, committed 17688K, reserved 1048576K
}
Event: 476.289 GC heap after
{Heap after GC invocations=71 (full 0):
 garbage-first heap   total 155648K, used 140409K [0x0000000080000000, 0x0000000100000000)
  region size 1024K, 1 young (1024K), 1 survivors (1024K)
 Metaspace       used 125057K, capacity 128871K, committed 129148K, reserved 1161216K
  class space    used 16215K, capacity 17651K, committed 17688K, reserved 1048576K
}
Event: 476.425 GC heap before
{Heap before GC invocations=72 (full 0):
 garbage-first heap   total 155648K, used 143481K [0x0000000080000000, 0x0000000100000000)
  region size 1024K, 7 young (7168K), 1 survivors (1024K)
 Metaspace       used 125399K, capacity 129264K, committed 129532K, reserved 1161216K
  class space    used 16264K, capacity 17721K, committed 17816K, reserved 1048576K
}
Event: 476.439 GC heap after
{Heap after GC invocations=73 (full 0):
 garbage-first heap   total 155648K, used 139201K [0x0000000080000000, 0x0000000100000000)
  region size 1024K, 1 young (1024K), 1 survivors (1024K)
 Metaspace       used 125399K, capacity 129264K, committed 129532K, reserved 1161216K
  class space    used 16264K, capacity 17721K, committed 17816K, reserved 1048576K
}
Event: 476.500 GC heap before
{Heap before GC invocations=73 (full 0):
 garbage-first heap   total 155648K, used 145345K [0x0000000080000000, 0x0000000100000000)
  region size 1024K, 7 young (7168K), 1 survivors (1024K)
 Metaspace       used 125501K, capacity 129328K, committed 129532K, reserved 1161216K
  class space    used 16274K, capacity 17721K, committed 17816K, reserved 1048576K
}
Event: 476.504 GC heap after
{Heap after GC invocations=74 (full 0):
 garbage-first heap   total 155648K, used 138891K [0x0000000080000000, 0x0000000100000000)
  region size 1024K, 1 young (1024K), 1 survivors (1024K)
 Metaspace       used 125501K, capacity 129328K, committed 129532K, reserved 1161216K
  class space    used 16274K, capacity 17721K, committed 17816K, reserved 1048576K
}
Event: 476.693 GC heap before
{Heap before GC invocations=74 (full 0):
 garbage-first heap   total 155648K, used 145035K [0x0000000080000000, 0x0000000100000000)
  region size 1024K, 7 young (7168K), 1 survivors (1024K)
 Metaspace       used 127145K, capacity 131032K, committed 131324K, reserved 1163264K
  class space    used 16498K, capacity 17989K, committed 18072K, reserved 1048576K
}
Event: 476.697 GC heap after
{Heap after GC invocations=75 (full 0):
 garbage-first heap   total 198656K, used 138759K [0x0000000080000000, 0x0000000100000000)
  region size 1024K, 1 young (1024K), 1 survivors (1024K)
 Metaspace       used 127145K, capacity 131032K, committed 131324K, reserved 1163264K
  class space    used 16498K, capacity 17989K, committed 18072K, reserved 1048576K
}
Event: 477.086 GC heap before
{Heap before GC invocations=76 (full 0):
 garbage-first heap   total 198656K, used 171527K [0x0000000080000000, 0x0000000100000000)
  region size 1024K, 17 young (17408K), 1 survivors (1024K)
 Metaspace       used 127937K, capacity 131789K, committed 131836K, reserved 1163264K
  class space    used 16572K, capacity 18043K, committed 18072K, reserved 1048576K
}
Event: 477.093 GC heap after
{Heap after GC invocations=77 (full 0):
 garbage-first heap   total 198656K, used 141921K [0x0000000080000000, 0x0000000100000000)
  region size 1024K, 3 young (3072K), 3 survivors (3072K)
 Metaspace       used 127937K, capacity 131789K, committed 131836K, reserved 1163264K
  class space    used 16572K, capacity 18043K, committed 18072K, reserved 1048576K
}
Event: 477.231 GC heap before
{Heap before GC invocations=77 (full 0):
 garbage-first heap   total 198656K, used 147041K [0x0000000080000000, 0x0000000100000000)
  region size 1024K, 9 young (9216K), 3 survivors (3072K)
 Metaspace       used 129184K, capacity 133152K, committed 133372K, reserved 1165312K
  class space    used 16701K, capacity 18196K, committed 18328K, reserved 1048576K
}
Event: 477.236 GC heap after
{Heap after GC invocations=78 (full 0):
 garbage-first heap   total 198656K, used 141627K [0x0000000080000000, 0x0000000100000000)
  region size 1024K, 1 young (1024K), 1 survivors (1024K)
 Metaspace       used 129184K, capacity 133152K, committed 133372K, reserved 1165312K
  class space    used 16701K, capacity 18196K, committed 18328K, reserved 1048576K
}
Event: 477.516 GC heap before
{Heap before GC invocations=78 (full 0):
 garbage-first heap   total 198656K, used 156987K [0x0000000080000000, 0x0000000100000000)
  region size 1024K, 17 young (17408K), 1 survivors (1024K)
 Metaspace       used 129801K, capacity 133819K, committed 133884K, reserved 1165312K
  class space    used 16771K, capacity 18265K, committed 18328K, reserved 1048576K
}
Event: 477.519 GC heap after
{Heap after GC invocations=79 (full 0):
 garbage-first heap   total 198656K, used 142473K [0x0000000080000000, 0x0000000100000000)
  region size 1024K, 2 young (2048K), 2 survivors (2048K)
 Metaspace       used 129801K, capacity 133819K, committed 133884K, reserved 1165312K
  class space    used 16771K, capacity 18265K, committed 18328K, reserved 1048576K
}
Event: 477.826 GC heap before
{Heap before GC invocations=79 (full 0):
 garbage-first heap   total 198656K, used 158857K [0x0000000080000000, 0x0000000100000000)
  region size 1024K, 19 young (19456K), 2 survivors (2048K)
 Metaspace       used 130008K, capacity 133998K, committed 134140K, reserved 1165312K
  class space    used 16793K, capacity 18301K, committed 18328K, reserved 1048576K
}
Event: 477.832 GC heap after
{Heap after GC invocations=80 (full 0):
 garbage-first heap   total 245760K, used 144758K [0x0000000080000000, 0x0000000100000000)
  region size 1024K, 3 young (3072K), 3 survivors (3072K)
 Metaspace       used 130008K, capacity 133998K, committed 134140K, reserved 1165312K
  class space    used 16793K, capacity 18301K, committed 18328K, reserved 1048576K
}

Deoptimization events (20 events):
Event: 477.581 Thread 0x000001d920d43000 DEOPT PACKING pc=0x000001d9084c11cc sp=0x00000067d1dfd7e0
Event: 477.581 Thread 0x000001d920d43000 DEOPT UNPACKING pc=0x000001d90004a1af sp=0x00000067d1dfd708 mode 2
Event: 477.581 Thread 0x000001d920d43000 Uncommon trap: trap_request=0xffffffde fr.pc=0x000001d9084c11cc relative=0x000000000000018c
Event: 477.581 Thread 0x000001d920d43000 Uncommon trap: reason=class_check action=maybe_recompile pc=0x000001d9084c11cc method=com.google.common.collect.RegularImmutableMap.get(Ljava/lang/Object;[Lcom/google/common/collect/ImmutableMapEntry;I)Ljava/lang/Object; @ 54 c2
Event: 477.581 Thread 0x000001d920d43000 DEOPT PACKING pc=0x000001d9084c11cc sp=0x00000067d1dfd7e0
Event: 477.581 Thread 0x000001d920d43000 DEOPT UNPACKING pc=0x000001d90004a1af sp=0x00000067d1dfd708 mode 2
Event: 477.581 Thread 0x000001d920d43000 Uncommon trap: trap_request=0xffffffde fr.pc=0x000001d9084c11cc relative=0x000000000000018c
Event: 477.581 Thread 0x000001d920d43000 Uncommon trap: reason=class_check action=maybe_recompile pc=0x000001d9084c11cc method=com.google.common.collect.RegularImmutableMap.get(Ljava/lang/Object;[Lcom/google/common/collect/ImmutableMapEntry;I)Ljava/lang/Object; @ 54 c2
Event: 477.581 Thread 0x000001d920d43000 DEOPT PACKING pc=0x000001d9084c11cc sp=0x00000067d1dfd7e0
Event: 477.581 Thread 0x000001d920d43000 DEOPT UNPACKING pc=0x000001d90004a1af sp=0x00000067d1dfd708 mode 2
Event: 477.581 Thread 0x000001d920d43000 Uncommon trap: trap_request=0xffffff4d fr.pc=0x000001d9084bed80 relative=0x0000000000000140
Event: 477.581 Thread 0x000001d920d43000 Uncommon trap: reason=unstable_if action=reinterpret pc=0x000001d9084bed80 method=com.google.common.collect.RegularImmutableMap.get(Ljava/lang/Object;[Lcom/google/common/collect/ImmutableMapEntry;I)Ljava/lang/Object; @ 27 c2
Event: 477.581 Thread 0x000001d920d43000 DEOPT PACKING pc=0x000001d9084bed80 sp=0x00000067d1dfd770
Event: 477.581 Thread 0x000001d920d43000 DEOPT UNPACKING pc=0x000001d90004a1af sp=0x00000067d1dfd708 mode 2
Event: 477.584 Thread 0x000001d91d96a000 DEOPT PACKING pc=0x000001d901c8c834 sp=0x00000067d18fd290
Event: 477.584 Thread 0x000001d91d96a000 DEOPT UNPACKING pc=0x000001d90004a95e sp=0x00000067d18fc7e8 mode 0
Event: 477.630 Thread 0x000001d91d96a000 Uncommon trap: trap_request=0xffffff4d fr.pc=0x000001d90836fca0 relative=0x0000000000005180
Event: 477.630 Thread 0x000001d91d96a000 Uncommon trap: reason=unstable_if action=reinterpret pc=0x000001d90836fca0 method=java.lang.String.split(Ljava/lang/String;I)[Ljava/lang/String; @ 256 c2
Event: 477.630 Thread 0x000001d91d96a000 DEOPT PACKING pc=0x000001d90836fca0 sp=0x00000067d18fa130
Event: 477.630 Thread 0x000001d91d96a000 DEOPT UNPACKING pc=0x000001d90004a1af sp=0x00000067d18fa148 mode 2

Classes redefined (0 events):
No events

Internal exceptions (20 events):
Event: 471.719 Thread 0x000001d916f44000 Implicit null exception at 0x000001d908148a45 to 0x000001d908148d49
Event: 471.720 Thread 0x000001d916f44000 Implicit null exception at 0x000001d9082fe892 to 0x000001d908304778
Event: 473.867 Thread 0x000001d916f44000 Exception <a 'sun/nio/fs/WindowsException'{0x0000000088caea08}> (0x0000000088caea08) thrown at [src/hotspot/share/prims/jni.cpp, line 617]
Event: 474.121 Thread 0x000001d916f44000 Exception <a 'sun/nio/fs/WindowsException'{0x0000000088d46710}> (0x0000000088d46710) thrown at [src/hotspot/share/prims/jni.cpp, line 617]
Event: 474.160 Thread 0x000001d916f44000 Exception <a 'sun/nio/fs/WindowsException'{0x0000000088dee988}> (0x0000000088dee988) thrown at [src/hotspot/share/prims/jni.cpp, line 617]
Event: 474.160 Thread 0x000001d916f44000 Exception <a 'sun/nio/fs/WindowsException'{0x0000000088defd00}> (0x0000000088defd00) thrown at [src/hotspot/share/prims/jni.cpp, line 617]
Event: 474.161 Thread 0x000001d916f44000 Exception <a 'sun/nio/fs/WindowsException'{0x0000000088df10c8}> (0x0000000088df10c8) thrown at [src/hotspot/share/prims/jni.cpp, line 617]
Event: 474.161 Thread 0x000001d916f44000 Exception <a 'sun/nio/fs/WindowsException'{0x0000000088df2490}> (0x0000000088df2490) thrown at [src/hotspot/share/prims/jni.cpp, line 617]
Event: 474.311 Thread 0x000001d916f44000 Implicit null exception at 0x000001d908337d35 to 0x000001d9083380e0
Event: 474.475 Thread 0x000001d916f44000 Exception <a 'sun/nio/fs/WindowsException'{0x00000000892c5160}> (0x00000000892c5160) thrown at [src/hotspot/share/prims/jni.cpp, line 617]
Event: 476.403 Thread 0x000001d91d96e000 Exception <a 'java/lang/NoSuchMethodError'{0x00000000895eca10}: 'java.lang.Object java.lang.invoke.DirectMethodHandle$Holder.invokeSpecial(java.lang.Object, java.lang.Object, int, int, int, java.lang.Object, java.lang.Object, java.lang.Object, int)'> (0x00000000895eca10) thrown at [src/hotspot/share/interpreter/linkResolver.cpp, line 773]
Event: 476.403 Thread 0x000001d91d96e000 Exception <a 'java/lang/NoSuchMethodError'{0x00000000895f08c0}: 'java.lang.Object java.lang.invoke.DelegatingMethodHandle$Holder.reinvoke_L(java.lang.Object, int, int, int, java.lang.Object, java.lang.Object, java.lang.Object, int)'> (0x00000000895f08c0) thrown at [src/hotspot/share/interpreter/linkResolver.cpp, line 773]
Event: 476.406 Thread 0x000001d91d96e000 Exception <a 'java/lang/NoSuchMethodError'{0x000000008943cd78}: 'java.lang.Object java.lang.invoke.DirectMethodHandle$Holder.invokeStatic(java.lang.Object, java.lang.Object, java.lang.Object, java.lang.Object, java.lang.Object, java.lang.Object, java.lang.Object, int, int, java.lang.Object)'> (0x000000008943cd78) thrown at [src/hotspot/share/interpreter/linkResolver.cpp, line 773]
Event: 476.407 Thread 0x000001d91d96e000 Exception <a 'java/lang/NoSuchMethodError'{0x0000000089458500}: 'java.lang.Object java.lang.invoke.DirectMethodHandle$Holder.invokeStatic(java.lang.Object, java.lang.Object, java.lang.Object, java.lang.Object, java.lang.Object, java.lang.Object, java.lang.Object, int, int, java.lang.Object, java.lang.Object)'> (0x0000000089458500) thrown at [src/hotspot/share/interpreter/linkResolver.cpp, line 773]
Event: 476.408 Thread 0x000001d91d96e000 Exception <a 'java/lang/NoSuchMethodError'{0x0000000089475840}: 'java.lang.Object java.lang.invoke.DirectMethodHandle$Holder.invokeStatic(java.lang.Object, java.lang.Object, java.lang.Object, java.lang.Object, java.lang.Object, java.lang.Object, java.lang.Object, int, int, java.lang.Object, java.lang.Object, java.lang.Object)'> (0x0000000089475840) thrown at [src/hotspot/share/interpreter/linkResolver.cpp, line 773]
Event: 476.463 Thread 0x000001d91d96e000 Implicit null exception at 0x000001d908450b78 to 0x000001d9084514e6
Event: 476.593 Thread 0x000001d91d96e000 Implicit null exception at 0x000001d90843ac20 to 0x000001d90843c4aa
Event: 476.625 Thread 0x000001d91d96e000 Implicit null exception at 0x000001d90843d3da to 0x000001d90843d494
Event: 476.810 Thread 0x000001d91d96e000 Implicit null exception at 0x000001d90844f0d4 to 0x000001d90844fad8
Event: 477.069 Thread 0x000001d91d96e000 Exception <a 'java/lang/NoSuchMethodError'{0x000000008b397fe8}: <clinit>> (0x000000008b397fe8) thrown at [src/hotspot/share/prims/jni.cpp, line 1367]

Events (20 events):
Event: 477.622 loading class com/google/common/cache/CacheBuilderSpec$1
Event: 477.622 loading class com/google/common/cache/CacheBuilderSpec$1 done
Event: 477.622 loading class com/android/build/gradle/internal/services/SymbolTableBuildService$symbolTableCache$1
Event: 477.622 loading class com/android/build/gradle/internal/services/SymbolTableBuildService$symbolTableCache$1 done
Event: 477.623 loading class com/android/build/gradle/internal/services/SymbolTableBuildService$FileCacheKey
Event: 477.623 loading class com/android/build/gradle/internal/services/SymbolTableBuildService$FileCacheKey done
Event: 477.626 loading class com/google/common/cache/LocalCache$Values
Event: 477.626 loading class com/google/common/cache/LocalCache$Values done
Event: 477.627 loading class com/google/common/cache/LocalCache$ValueIterator
Event: 477.627 loading class com/google/common/cache/LocalCache$ValueIterator done
Event: 477.630 loading class com/google/common/cache/LocalCache$SoftValueReference
Event: 477.630 loading class com/google/common/cache/LocalCache$SoftValueReference done
Event: 477.634 loading class com/android/ide/common/symbols/Symbol$BasicAttributeSymbol
Event: 477.634 loading class com/android/ide/common/symbols/Symbol$BasicAttributeSymbol done
Event: 477.647 loading class com/android/ide/common/symbols/SymbolIo$1
Event: 477.647 loading class com/android/ide/common/symbols/SymbolIo$1 done
Event: 477.647 loading class com/android/ide/common/symbols/Symbol$BasicStyleableSymbol
Event: 477.647 loading class com/android/ide/common/symbols/Symbol$BasicStyleableSymbol done
Event: 477.826 Executing VM operation: G1CollectForAllocation
Event: 477.832 Executing VM operation: G1CollectForAllocation done


Dynamic libraries:
0x00007ff6894a0000 - 0x00007ff6894aa000 	C:\Program Files\Android\Android Studio1\jbr\bin\java.exe
0x00007ffbd8bd0000 - 0x00007ffbd8dc8000 	C:\Windows\SYSTEM32\ntdll.dll
0x00007ffbd82a0000 - 0x00007ffbd835f000 	C:\Windows\System32\KERNEL32.DLL
0x00007ffbd6590000 - 0x00007ffbd6886000 	C:\Windows\System32\KERNELBASE.dll
0x00007ffbd6490000 - 0x00007ffbd6590000 	C:\Windows\System32\ucrtbase.dll
0x00007ffbd0750000 - 0x00007ffbd0767000 	C:\Program Files\Android\Android Studio1\jbr\bin\jli.dll
0x00007ffbd04b0000 - 0x00007ffbd04cb000 	C:\Program Files\Android\Android Studio1\jbr\bin\VCRUNTIME140.dll
0x00007ffbd6ce0000 - 0x00007ffbd6e7d000 	C:\Windows\System32\USER32.dll
0x00007ffbd62b0000 - 0x00007ffbd62d2000 	C:\Windows\System32\win32u.dll
0x00007ffbd8920000 - 0x00007ffbd894c000 	C:\Windows\System32\GDI32.dll
0x00007ffbd69e0000 - 0x00007ffbd6af5000 	C:\Windows\System32\gdi32full.dll
0x00007ffbd6b00000 - 0x00007ffbd6b9d000 	C:\Windows\System32\msvcp_win.dll
0x00007ffbb5fd0000 - 0x00007ffbb626a000 	C:\Windows\WinSxS\amd64_microsoft.windows.common-controls_6595b64144ccf1df_6.0.19041.1110_none_60b5254171f9507e\COMCTL32.dll
0x00007ffbd7610000 - 0x00007ffbd76ae000 	C:\Windows\System32\msvcrt.dll
0x00007ffbd87e0000 - 0x00007ffbd8810000 	C:\Windows\System32\IMM32.DLL
0x00007ffbd0730000 - 0x00007ffbd073c000 	C:\Program Files\Android\Android Studio1\jbr\bin\vcruntime140_1.dll
0x00007ffbc1620000 - 0x00007ffbc16ad000 	C:\Program Files\Android\Android Studio1\jbr\bin\msvcp140.dll
0x00007ffb94480000 - 0x00007ffb9503c000 	C:\Program Files\Android\Android Studio1\jbr\bin\server\jvm.dll
0x00007ffbd6c30000 - 0x00007ffbd6cdf000 	C:\Windows\System32\ADVAPI32.dll
0x00007ffbd70a0000 - 0x00007ffbd713c000 	C:\Windows\System32\sechost.dll
0x00007ffbd8500000 - 0x00007ffbd8626000 	C:\Windows\System32\RPCRT4.dll
0x00007ffbc27d0000 - 0x00007ffbc27f7000 	C:\Windows\SYSTEM32\WINMM.dll
0x00007ffbcb960000 - 0x00007ffbcb96a000 	C:\Windows\SYSTEM32\VERSION.dll
0x00007ffbbd5a0000 - 0x00007ffbbd5a9000 	C:\Windows\SYSTEM32\WSOCK32.dll
0x00007ffbd8360000 - 0x00007ffbd83cb000 	C:\Windows\System32\WS2_32.dll
0x00007ffbd8230000 - 0x00007ffbd8238000 	C:\Windows\System32\PSAPI.DLL
0x00007ffbd4170000 - 0x00007ffbd4182000 	C:\Windows\SYSTEM32\kernel.appcore.dll
0x00007ffbd2f80000 - 0x00007ffbd2f90000 	C:\Program Files\Android\Android Studio1\jbr\bin\verify.dll
0x00007ffbd38d0000 - 0x00007ffbd3ab4000 	C:\Windows\SYSTEM32\DBGHELP.DLL
0x00007ffbbecb0000 - 0x00007ffbbece4000 	C:\Windows\SYSTEM32\dbgcore.DLL
0x00007ffbd6ba0000 - 0x00007ffbd6c22000 	C:\Windows\System32\bcryptPrimitives.dll
0x00007ffbd0670000 - 0x00007ffbd0698000 	C:\Program Files\Android\Android Studio1\jbr\bin\java.dll
0x00007ffbd2dd0000 - 0x00007ffbd2dda000 	C:\Program Files\Android\Android Studio1\jbr\bin\jimage.dll
0x00007ffbd0ab0000 - 0x00007ffbd0ac8000 	C:\Program Files\Android\Android Studio1\jbr\bin\zip.dll
0x00007ffbd7ae0000 - 0x00007ffbd8224000 	C:\Windows\System32\SHELL32.dll
0x00007ffbd4370000 - 0x00007ffbd4b03000 	C:\Windows\SYSTEM32\windows.storage.dll
0x00007ffbd76b0000 - 0x00007ffbd7a04000 	C:\Windows\System32\combase.dll
0x00007ffbd5d10000 - 0x00007ffbd5d3e000 	C:\Windows\SYSTEM32\Wldp.dll
0x00007ffbd8ae0000 - 0x00007ffbd8b8d000 	C:\Windows\System32\SHCORE.dll
0x00007ffbd8960000 - 0x00007ffbd89b5000 	C:\Windows\System32\shlwapi.dll
0x00007ffbd61f0000 - 0x00007ffbd620f000 	C:\Windows\SYSTEM32\profapi.dll
0x00007ffbd03a0000 - 0x00007ffbd03b9000 	C:\Program Files\Android\Android Studio1\jbr\bin\net.dll
0x00007ffbc9640000 - 0x00007ffbc974a000 	C:\Windows\SYSTEM32\WINHTTP.dll
0x00007ffbd5a70000 - 0x00007ffbd5ada000 	C:\Windows\system32\mswsock.dll
0x00007ffbd00c0000 - 0x00007ffbd00d3000 	C:\Program Files\Android\Android Studio1\jbr\bin\nio.dll
0x00007ffbd04d0000 - 0x00007ffbd04f7000 	C:\Users\user\.gradle\native\e1d6ef7f7dcc3fd88c89a11ec53ec762bb8ba0a96d01ffa2cd45eb1d1d8dd5c5\windows-amd64\native-platform.dll
0x00007ffba1100000 - 0x00007ffba1244000 	C:\Users\user\.gradle\native\0d407fdbe67a94daf76414ababcb853783967236a71b16ec16e742cd7a986fd3\windows-amd64\native-platform-file-events.dll
0x00007ffbd2a10000 - 0x00007ffbd2a1a000 	C:\Program Files\Android\Android Studio1\jbr\bin\management.dll
0x00007ffbd2900000 - 0x00007ffbd290b000 	C:\Program Files\Android\Android Studio1\jbr\bin\management_ext.dll
0x00007ffbd5c60000 - 0x00007ffbd5c78000 	C:\Windows\SYSTEM32\CRYPTSP.dll
0x00007ffbd5320000 - 0x00007ffbd5354000 	C:\Windows\system32\rsaenh.dll
0x00007ffbd6940000 - 0x00007ffbd6967000 	C:\Windows\System32\bcrypt.dll
0x00007ffbd61b0000 - 0x00007ffbd61de000 	C:\Windows\SYSTEM32\USERENV.dll
0x00007ffbd5c80000 - 0x00007ffbd5c8c000 	C:\Windows\SYSTEM32\CRYPTBASE.dll
0x00007ffbd5710000 - 0x00007ffbd574c000 	C:\Windows\SYSTEM32\IPHLPAPI.DLL
0x00007ffbd8950000 - 0x00007ffbd8958000 	C:\Windows\System32\NSI.dll
0x00007ffbca8a0000 - 0x00007ffbca8b7000 	C:\Windows\SYSTEM32\dhcpcsvc6.DLL
0x00007ffbcacb0000 - 0x00007ffbcaccd000 	C:\Windows\SYSTEM32\dhcpcsvc.DLL
0x00007ffbd5760000 - 0x00007ffbd582b000 	C:\Windows\SYSTEM32\DNSAPI.dll
0x00007ffb9bb80000 - 0x00007ffb9bb97000 	C:\Windows\system32\napinsp.dll
0x00007ffb9bba0000 - 0x00007ffb9bbbb000 	C:\Windows\system32\pnrpnsp.dll
0x00007ffbd1a60000 - 0x00007ffbd1a75000 	C:\Windows\system32\wshbth.dll
0x00007ffbd28b0000 - 0x00007ffbd28cd000 	C:\Windows\system32\NLAapi.dll
0x00007ffb9bbc0000 - 0x00007ffb9bbd2000 	C:\Windows\System32\winrnr.dll
0x000000006c860000 - 0x000000006c886000 	C:\Program Files\Bonjour\mdnsNSP.dll
0x00007ffbc3ef0000 - 0x00007ffbc3efa000 	C:\Windows\System32\rasadhlp.dll
0x00007ffbc3f40000 - 0x00007ffbc3fc2000 	C:\Windows\System32\fwpuclnt.dll
0x00007ffbca770000 - 0x00007ffbca78e000 	C:\Users\user\AppData\Local\Temp\native-platform11518444179194064286dir\native-platform.dll
0x00007ffbd04a0000 - 0x00007ffbd04a7000 	C:\Program Files\Android\Android Studio1\jbr\bin\rmi.dll
0x00007ffbca610000 - 0x00007ffbca637000 	C:\Program Files\Android\Android Studio1\jbr\bin\sunec.dll
0x00007ffbd5440000 - 0x00007ffbd5473000 	C:\Windows\SYSTEM32\ntmarta.dll

dbghelp: loaded successfully - version: 4.0.5 - missing functions: none
symbol engine: initialized successfully - sym options: 0x614 - pdb path: .;C:\Program Files\Android\Android Studio1\jbr\bin;C:\Windows\SYSTEM32;C:\Windows\WinSxS\amd64_microsoft.windows.common-controls_6595b64144ccf1df_6.0.19041.1110_none_60b5254171f9507e;C:\Program Files\Android\Android Studio1\jbr\bin\server;C:\Users\user\.gradle\native\e1d6ef7f7dcc3fd88c89a11ec53ec762bb8ba0a96d01ffa2cd45eb1d1d8dd5c5\windows-amd64;C:\Users\user\.gradle\native\0d407fdbe67a94daf76414ababcb853783967236a71b16ec16e742cd7a986fd3\windows-amd64;C:\Program Files\Bonjour;C:\Users\user\AppData\Local\Temp\native-platform11518444179194064286dir

VM Arguments:
jvm_args: --add-opens=java.base/java.util=ALL-UNNAMED --add-opens=java.base/java.lang=ALL-UNNAMED --add-opens=java.base/java.lang.invoke=ALL-UNNAMED --add-opens=java.base/java.util=ALL-UNNAMED --add-opens=java.prefs/java.util.prefs=ALL-UNNAMED --add-opens=java.prefs/java.util.prefs=ALL-UNNAMED --add-opens=java.base/java.nio.charset=ALL-UNNAMED --add-opens=java.base/java.net=ALL-UNNAMED --add-opens=java.base/java.util.concurrent.atomic=ALL-UNNAMED -Xmx2048m -Dfile.encoding=UTF-8 -Duser.country=KR -Duser.language=ko -Duser.variant 
java_command: org.gradle.launcher.daemon.bootstrap.GradleDaemon 7.5
java_class_path (initial): C:\Users\user\.gradle\wrapper\dists\gradle-7.5-bin\f1w0cc9nuo0eivz97x2xlu9sv\gradle-7.5\lib\gradle-launcher-7.5.jar
Launcher Type: SUN_STANDARD

[Global flags]
     intx CICompilerCount                          = 4                                         {product} {ergonomic}
     uint ConcGCThreads                            = 2                                         {product} {ergonomic}
     uint G1ConcRefinementThreads                  = 8                                         {product} {ergonomic}
   size_t G1HeapRegionSize                         = 1048576                                   {product} {ergonomic}
    uintx GCDrainStackTargetSize                   = 64                                        {product} {ergonomic}
   size_t InitialHeapSize                          = 132120576                                 {product} {ergonomic}
   size_t MarkStackSize                            = 4194304                                   {product} {ergonomic}
   size_t MaxHeapSize                              = 2147483648                                {product} {command line}
   size_t MaxNewSize                               = 1287651328                                {product} {ergonomic}
   size_t MinHeapDeltaBytes                        = 1048576                                   {product} {ergonomic}
    uintx NonNMethodCodeHeapSize                   = 5836300                                {pd product} {ergonomic}
    uintx NonProfiledCodeHeapSize                  = 122910970                              {pd product} {ergonomic}
    uintx ProfiledCodeHeapSize                     = 122910970                              {pd product} {ergonomic}
    uintx ReservedCodeCacheSize                    = 251658240                              {pd product} {ergonomic}
     bool SegmentedCodeCache                       = true                                      {product} {ergonomic}
     bool UseCompressedClassPointers               = true                                 {lp64_product} {ergonomic}
     bool UseCompressedOops                        = true                                 {lp64_product} {ergonomic}
     bool UseG1GC                                  = true                                      {product} {ergonomic}
     bool UseLargePagesIndividualAllocation        = false                                  {pd product} {ergonomic}

Logging:
Log output configuration:
 #0: stdout all=warning uptime,level,tags
 #1: stderr all=off uptime,level,tags

Environment Variables:
PATH=C:\Program Files\openssl-0.9.8e_X64\bin;C:\Program Files\Common Files\Oracle\Java\javapath;C:\Windows\system32;C:\Windows;C:\Windows\System32\Wbem;C:\Windows\System32\WindowsPowerShell\v1.0\;C:\Windows\System32\OpenSSH\;C:\Program Files\Git\cmd;C:\Program Files\OpenSSL-Win64\bin;C:\Program Files\Java\jdk-19\bin;C:\Users\user\AppData\Local\Programs\Python\Python39\Scripts\;C:\Users\user\AppData\Local\Programs\Python\Python39\;C:\Users\user\AppData\Local\Microsoft\WindowsApps;
USERNAME=user
OS=Windows_NT
PROCESSOR_IDENTIFIER=Intel64 Family 6 Model 166 Stepping 0, GenuineIntel



---------------  S Y S T E M  ---------------

OS: Windows 10 , 64 bit Build 19041 (10.0.19041.2913)
OS uptime: 0 days 22:39 hours

CPU:total 8 (initial active 8) (4 cores per cpu, 2 threads per core) family 6 model 166 stepping 0 microcode 0xc6, cmov, cx8, fxsr, mmx, sse, sse2, sse3, ssse3, sse4.1, sse4.2, popcnt, avx, avx2, aes, clmul, erms, 3dnowpref, lzcnt, ht, tsc, tscinvbit, bmi1, bmi2, adx, fma

Memory: 4k page, system-wide physical 8006M (429M free)
TotalPageFile size 11950M (AvailPageFile size 6M)
current process WorkingSet (physical memory assigned to process): 459M, peak: 459M
current process commit charge ("private bytes"): 619M, peak: 619M

vm_info: OpenJDK 64-Bit Server VM (11.0.15+0-b2043.56-9505619) for windows-amd64 JRE (11.0.15+0-b2043.56-9505619), built on Jan 19 2023 02:48:00 by "builduser" with unknown MS VC++:1929

END.
