#
# There is insufficient memory for the Java Runtime Environment to continue.
# Native memory allocation (malloc) failed to allocate 1220496 bytes for Chunk::new
# Possible reasons:
#   The system is out of physical RAM or swap space
#   The process is running with CompressedOops enabled, and the Java Heap may be blocking the growth of the native heap
# Possible solutions:
#   Reduce memory load on the system
#   Increase physical memory or swap space
#   Check if swap backing store is full
#   Decrease Java heap size (-Xmx/-Xms)
#   Decrease number of Java threads
#   Decrease Java thread stack sizes (-Xss)
#   Set larger code cache with -XX:ReservedCodeCacheSize=
#   JVM is running with Unscaled Compressed Oops mode in which the Java heap is
#     placed in the first 4GB address space. The Java Heap base address is the
#     maximum limit for the native heap growth. Please use -XX:HeapBaseMinAddress
#     to set the Java Heap base and to place the Java Heap above 4GB virtual address.
# This output file may be truncated or incomplete.
#
#  Out of Memory Error (src/hotspot/share/memory/arena.cpp:197), pid=11040, tid=13788
#
# JRE version: OpenJDK Runtime Environment (11.0.15) (build 11.0.15+0-b2043.56-9505619)
# Java VM: OpenJDK 64-Bit Server VM (11.0.15+0-b2043.56-9505619, mixed mode, tiered, compressed oops, g1 gc, windows-amd64)
# No core dump will be written. Minidumps are not enabled by default on client versions of Windows
#

---------------  S U M M A R Y ------------

Command Line: --add-opens=java.base/java.util=ALL-UNNAMED --add-opens=java.base/java.lang=ALL-UNNAMED --add-opens=java.base/java.lang.invoke=ALL-UNNAMED --add-opens=java.base/java.util=ALL-UNNAMED --add-opens=java.prefs/java.util.prefs=ALL-UNNAMED --add-opens=java.prefs/java.util.prefs=ALL-UNNAMED --add-opens=java.base/java.nio.charset=ALL-UNNAMED --add-opens=java.base/java.net=ALL-UNNAMED --add-opens=java.base/java.util.concurrent.atomic=ALL-UNNAMED -Xmx2048m -Dfile.encoding=UTF-8 -Duser.country=KR -Duser.language=ko -Duser.variant org.gradle.launcher.daemon.bootstrap.GradleDaemon 7.5

Host: Intel(R) Core(TM) i5-10210U CPU @ 1.60GHz, 8 cores, 7G,  Windows 10 , 64 bit Build 19041 (10.0.19041.2913)
Time: Wed May 31 00:04:39 2023  Windows 10 , 64 bit Build 19041 (10.0.19041.2913) elapsed time: 4.890405 seconds (0d 0h 0m 4s)

---------------  T H R E A D  ---------------

Current thread (0x000001eeff657000):  JavaThread "C2 CompilerThread0" daemon [_thread_in_native, id=13788, stack(0x0000001bd3700000,0x0000001bd3800000)]


Current CompileTask:
C2:   4890 2566   !   4       java.lang.reflect.Executable::declaredAnnotations (85 bytes)

Stack: [0x0000001bd3700000,0x0000001bd3800000]
Native frames: (J=compiled Java code, j=interpreted, Vv=VM code, C=native code)
V  [jvm.dll+0x64135a]
V  [jvm.dll+0x7d39f9]
V  [jvm.dll+0x7d51b9]
V  [jvm.dll+0x7d58a3]
V  [jvm.dll+0x2691c5]
V  [jvm.dll+0xc1a5c]
V  [jvm.dll+0xc200c]
V  [jvm.dll+0x377462]
V  [jvm.dll+0x342495]
V  [jvm.dll+0x34186a]
V  [jvm.dll+0x2214bd]
V  [jvm.dll+0x220498]
V  [jvm.dll+0x19e851]
V  [jvm.dll+0x230479]
V  [jvm.dll+0x22e5ef]
V  [jvm.dll+0x794de1]
V  [jvm.dll+0x78dc24]
V  [jvm.dll+0x6400f6]
C  [ucrtbase.dll+0x21bb2]
C  [KERNEL32.DLL+0x17614]
C  [ntdll.dll+0x526a1]


---------------  P R O C E S S  ---------------

Threads class SMR info:
_java_thread_list=0x000001ee881d08b0, length=31, elements={
0x000001eeea893800, 0x000001eefed37800, 0x000001eefed41000, 0x000001eefed62000,
0x000001eefed63000, 0x000001eeff649000, 0x000001eeff657000, 0x000001eeff658800,
0x000001eeff665000, 0x000001eeff7c9000, 0x000001ee87350000, 0x000001ee874af800,
0x000001ee874b0800, 0x000001ee87995000, 0x000001ee879a8800, 0x000001ee87905800,
0x000001ee8790b000, 0x000001ee8793d000, 0x000001ee8793d800, 0x000001ee87d29000,
0x000001ee87932800, 0x000001ee87934800, 0x000001ee87931800, 0x000001ee87933000,
0x000001ee87930000, 0x000001ee87930800, 0x000001ee87934000, 0x000001ee8792f000,
0x000001ee87935800, 0x000001ee89ba5800, 0x000001ee89ba3000
}

Java Threads: ( => current thread )
  0x000001eeea893800 JavaThread "main" [_thread_blocked, id=16148, stack(0x0000001bd2b00000,0x0000001bd2c00000)]
  0x000001eefed37800 JavaThread "Reference Handler" daemon [_thread_blocked, id=15304, stack(0x0000001bd3200000,0x0000001bd3300000)]
  0x000001eefed41000 JavaThread "Finalizer" daemon [_thread_blocked, id=3304, stack(0x0000001bd3300000,0x0000001bd3400000)]
  0x000001eefed62000 JavaThread "Signal Dispatcher" daemon [_thread_blocked, id=6616, stack(0x0000001bd3400000,0x0000001bd3500000)]
  0x000001eefed63000 JavaThread "Attach Listener" daemon [_thread_blocked, id=12404, stack(0x0000001bd3500000,0x0000001bd3600000)]
  0x000001eeff649000 JavaThread "Service Thread" daemon [_thread_blocked, id=12156, stack(0x0000001bd3600000,0x0000001bd3700000)]
=>0x000001eeff657000 JavaThread "C2 CompilerThread0" daemon [_thread_in_native, id=13788, stack(0x0000001bd3700000,0x0000001bd3800000)]
  0x000001eeff658800 JavaThread "C1 CompilerThread0" daemon [_thread_blocked, id=14108, stack(0x0000001bd3800000,0x0000001bd3900000)]
  0x000001eeff665000 JavaThread "Sweeper thread" daemon [_thread_blocked, id=14780, stack(0x0000001bd3900000,0x0000001bd3a00000)]
  0x000001eeff7c9000 JavaThread "Common-Cleaner" daemon [_thread_blocked, id=5768, stack(0x0000001bd3a00000,0x0000001bd3b00000)]
  0x000001ee87350000 JavaThread "Daemon health stats" [_thread_blocked, id=14352, stack(0x0000001bd3e00000,0x0000001bd3f00000)]
  0x000001ee874af800 JavaThread "Incoming local TCP Connector on port 50968" [_thread_in_native, id=5500, stack(0x0000001bd3f00000,0x0000001bd4000000)]
  0x000001ee874b0800 JavaThread "Daemon periodic checks" [_thread_blocked, id=15584, stack(0x0000001bd4000000,0x0000001bd4100000)]
  0x000001ee87995000 JavaThread "Daemon" [_thread_blocked, id=14572, stack(0x0000001bd4100000,0x0000001bd4200000)]
  0x000001ee879a8800 JavaThread "Handler for socket connection from /127.0.0.1:50968 to /127.0.0.1:50969" [_thread_in_native, id=15948, stack(0x0000001bd4200000,0x0000001bd4300000)]
  0x000001ee87905800 JavaThread "Cancel handler" [_thread_blocked, id=10588, stack(0x0000001bd4300000,0x0000001bd4400000)]
  0x000001ee8790b000 JavaThread "Daemon worker" [_thread_in_vm, id=5380, stack(0x0000001bd4400000,0x0000001bd4500000)]
  0x000001ee8793d000 JavaThread "Asynchronous log dispatcher for DefaultDaemonConnection: socket connection from /127.0.0.1:50968 to /127.0.0.1:50969" [_thread_blocked, id=14300, stack(0x0000001bd4500000,0x0000001bd4600000)]
  0x000001ee8793d800 JavaThread "Stdin handler" [_thread_blocked, id=2864, stack(0x0000001bd4600000,0x0000001bd4700000)]
  0x000001ee87d29000 JavaThread "Daemon client event forwarder" [_thread_blocked, id=14312, stack(0x0000001bd4700000,0x0000001bd4800000)]
  0x000001ee87932800 JavaThread "Cache worker for journal cache (C:\Users\user\.gradle\caches\journal-1)" [_thread_blocked, id=12204, stack(0x0000001bd4800000,0x0000001bd4900000)]
  0x000001ee87934800 JavaThread "File lock request listener" [_thread_in_native, id=10376, stack(0x0000001bd4e00000,0x0000001bd4f00000)]
  0x000001ee87931800 JavaThread "Cache worker for file hash cache (C:\Users\user\.gradle\caches\7.5\fileHashes)" [_thread_blocked, id=4712, stack(0x0000001bd5000000,0x0000001bd5100000)]
  0x000001ee87933000 JavaThread "File watcher server" daemon [_thread_in_native, id=7404, stack(0x0000001bd5100000,0x0000001bd5200000)]
  0x000001ee87930000 JavaThread "File watcher consumer" daemon [_thread_blocked, id=2204, stack(0x0000001bd5200000,0x0000001bd5300000)]
  0x000001ee87930800 JavaThread "Cache worker for checksums cache (C:\Users\user\Desktop\Android\WorkbookChap8_login\.gradle\7.5\checksums)" [_thread_blocked, id=5256, stack(0x0000001bd5300000,0x0000001bd5400000)]
  0x000001ee87934000 JavaThread "Cache worker for cache directory md-rule (C:\Users\user\.gradle\caches\7.5\md-rule)" [_thread_blocked, id=7764, stack(0x0000001bd5400000,0x0000001bd5500000)]
  0x000001ee8792f000 JavaThread "Cache worker for file content cache (C:\Users\user\.gradle\caches\7.5\fileContent)" [_thread_blocked, id=9504, stack(0x0000001bd5500000,0x0000001bd5600000)]
  0x000001ee87935800 JavaThread "Cache worker for file hash cache (C:\Users\user\Desktop\Android\WorkbookChap8_login\.gradle\7.5\fileHashes)" [_thread_blocked, id=5012, stack(0x0000001bd5600000,0x0000001bd5700000)]
  0x000001ee89ba5800 JavaThread "Cache worker for cache directory md-supplier (C:\Users\user\.gradle\caches\7.5\md-supplier)" [_thread_blocked, id=10292, stack(0x0000001bd5700000,0x0000001bd5800000)]
  0x000001ee89ba3000 JavaThread "Cache worker for execution history cache (C:\Users\user\.gradle\caches\7.5\executionHistory)" [_thread_blocked, id=15732, stack(0x0000001bd5800000,0x0000001bd5900000)]

Other Threads:
  0x000001eefed35800 VMThread "VM Thread" [stack: 0x0000001bd3100000,0x0000001bd3200000] [id=15460]
  0x000001eeff7d8800 WatcherThread [stack: 0x0000001bd3b00000,0x0000001bd3c00000] [id=15140]
  0x000001eeea8ac000 GCTaskThread "GC Thread#0" [stack: 0x0000001bd2c00000,0x0000001bd2d00000] [id=4364]
  0x000001ee86656000 GCTaskThread "GC Thread#1" [stack: 0x0000001bd3c00000,0x0000001bd3d00000] [id=16940]
  0x000001ee8608c000 GCTaskThread "GC Thread#2" [stack: 0x0000001bd3d00000,0x0000001bd3e00000] [id=4592]
  0x000001ee87916000 GCTaskThread "GC Thread#3" [stack: 0x0000001bd4900000,0x0000001bd4a00000] [id=14168]
  0x000001ee8793c000 GCTaskThread "GC Thread#4" [stack: 0x0000001bd4a00000,0x0000001bd4b00000] [id=11148]
  0x000001ee87d23800 GCTaskThread "GC Thread#5" [stack: 0x0000001bd4b00000,0x0000001bd4c00000] [id=12136]
  0x000001ee87d24000 GCTaskThread "GC Thread#6" [stack: 0x0000001bd4c00000,0x0000001bd4d00000] [id=15832]
  0x000001ee87c6f800 GCTaskThread "GC Thread#7" [stack: 0x0000001bd4d00000,0x0000001bd4e00000] [id=14304]
  0x000001eeea8e0800 ConcurrentGCThread "G1 Main Marker" [stack: 0x0000001bd2d00000,0x0000001bd2e00000] [id=12124]
  0x000001eeea8e2000 ConcurrentGCThread "G1 Conc#0" [stack: 0x0000001bd2e00000,0x0000001bd2f00000] [id=15628]
  0x000001ee87d77000 ConcurrentGCThread "G1 Conc#1" [stack: 0x0000001bd4f00000,0x0000001bd5000000] [id=10672]
  0x000001eeea96e000 ConcurrentGCThread "G1 Refine#0" [stack: 0x0000001bd2f00000,0x0000001bd3000000] [id=15100]
  0x000001eefeb84800 ConcurrentGCThread "G1 Young RemSet Sampling" [stack: 0x0000001bd3000000,0x0000001bd3100000] [id=11800]

Threads with active compile tasks:
C2 CompilerThread0     4930 2566   !   4       java.lang.reflect.Executable::declaredAnnotations (85 bytes)

VM state:not at safepoint (normal execution)

VM Mutex/Monitor currently owned by a thread: None

Heap address: 0x0000000080000000, size: 2048 MB, Compressed Oops mode: 32-bit
Narrow klass base: 0x0000000000000000, Narrow klass shift: 3
Compressed class space size: 1073741824 Address: 0x0000000100000000

Heap:
 garbage-first heap   total 129024K, used 22896K [0x0000000080000000, 0x0000000100000000)
  region size 1024K, 8 young (8192K), 5 survivors (5120K)
 Metaspace       used 31660K, capacity 32456K, committed 32636K, reserved 1083392K
  class space    used 4248K, capacity 4519K, committed 4556K, reserved 1048576K
Heap Regions: E=young(eden), S=young(survivor), O=old, HS=humongous(starts), HC=humongous(continues), CS=collection set, F=free, A=archive, TAMS=top-at-mark-start (previous, next)
|   0|0x0000000080000000, 0x0000000080100000, 0x0000000080100000|100%| O|  |TAMS 0x0000000080100000, 0x0000000080000000| Untracked 
|   1|0x0000000080100000, 0x0000000080200000, 0x0000000080200000|100%| O|  |TAMS 0x0000000080200000, 0x0000000080100000| Untracked 
|   2|0x0000000080200000, 0x0000000080300000, 0x0000000080300000|100%| O|  |TAMS 0x0000000080300000, 0x0000000080200000| Untracked 
|   3|0x0000000080300000, 0x0000000080400000, 0x0000000080400000|100%|HS|  |TAMS 0x0000000080400000, 0x0000000080300000| Complete 
|   4|0x0000000080400000, 0x0000000080500000, 0x0000000080500000|100%|HC|  |TAMS 0x0000000080500000, 0x0000000080400000| Complete 
|   5|0x0000000080500000, 0x0000000080600000, 0x0000000080600000|100%|HC|  |TAMS 0x0000000080600000, 0x0000000080500000| Complete 
|   6|0x0000000080600000, 0x0000000080700000, 0x0000000080700000|100%| O|  |TAMS 0x0000000080700000, 0x0000000080600000| Untracked 
|   7|0x0000000080700000, 0x0000000080800000, 0x0000000080800000|100%| O|  |TAMS 0x0000000080800000, 0x0000000080700000| Untracked 
|   8|0x0000000080800000, 0x0000000080900000, 0x0000000080900000|100%| O|  |TAMS 0x0000000080900000, 0x0000000080800000| Untracked 
|   9|0x0000000080900000, 0x0000000080a00000, 0x0000000080a00000|100%| O|  |TAMS 0x0000000080a00000, 0x0000000080900000| Untracked 
|  10|0x0000000080a00000, 0x0000000080b00000, 0x0000000080b00000|100%| O|  |TAMS 0x0000000080b00000, 0x0000000080a00000| Untracked 
|  11|0x0000000080b00000, 0x0000000080c00000, 0x0000000080c00000|100%| O|  |TAMS 0x0000000080c00000, 0x0000000080b00000| Untracked 
|  12|0x0000000080c00000, 0x0000000080d00000, 0x0000000080d00000|100%| O|  |TAMS 0x0000000080d00000, 0x0000000080c00000| Untracked 
|  13|0x0000000080d00000, 0x0000000080e00000, 0x0000000080e00000|100%| O|  |TAMS 0x0000000080e00000, 0x0000000080d00000| Untracked 
|  14|0x0000000080e00000, 0x0000000080f00000, 0x0000000080f00000|100%| O|  |TAMS 0x0000000080f00000, 0x0000000080e00000| Untracked 
|  15|0x0000000080f00000, 0x0000000081000000, 0x0000000081000000|100%| O|  |TAMS 0x0000000081000000, 0x0000000080f00000| Untracked 
|  16|0x0000000081000000, 0x0000000081006000, 0x0000000081100000|  2%| O|  |TAMS 0x0000000081006000, 0x0000000081000000| Untracked 
|  17|0x0000000081100000, 0x0000000081100000, 0x0000000081200000|  0%| F|  |TAMS 0x0000000081100000, 0x0000000081100000| Untracked 
|  18|0x0000000081200000, 0x0000000081200000, 0x0000000081300000|  0%| F|  |TAMS 0x0000000081200000, 0x0000000081200000| Untracked 
|  19|0x0000000081300000, 0x0000000081300000, 0x0000000081400000|  0%| F|  |TAMS 0x0000000081300000, 0x0000000081300000| Untracked 
|  20|0x0000000081400000, 0x0000000081400000, 0x0000000081500000|  0%| F|  |TAMS 0x0000000081400000, 0x0000000081400000| Untracked 
|  21|0x0000000081500000, 0x0000000081500000, 0x0000000081600000|  0%| F|  |TAMS 0x0000000081500000, 0x0000000081500000| Untracked 
|  22|0x0000000081600000, 0x0000000081600000, 0x0000000081700000|  0%| F|  |TAMS 0x0000000081600000, 0x0000000081600000| Untracked 
|  23|0x0000000081700000, 0x0000000081700000, 0x0000000081800000|  0%| F|  |TAMS 0x0000000081700000, 0x0000000081700000| Untracked 
|  24|0x0000000081800000, 0x0000000081800000, 0x0000000081900000|  0%| F|  |TAMS 0x0000000081800000, 0x0000000081800000| Untracked 
|  25|0x0000000081900000, 0x0000000081900000, 0x0000000081a00000|  0%| F|  |TAMS 0x0000000081900000, 0x0000000081900000| Untracked 
|  26|0x0000000081a00000, 0x0000000081a00000, 0x0000000081b00000|  0%| F|  |TAMS 0x0000000081a00000, 0x0000000081a00000| Untracked 
|  27|0x0000000081b00000, 0x0000000081b00000, 0x0000000081c00000|  0%| F|  |TAMS 0x0000000081b00000, 0x0000000081b00000| Untracked 
|  28|0x0000000081c00000, 0x0000000081c00000, 0x0000000081d00000|  0%| F|  |TAMS 0x0000000081c00000, 0x0000000081c00000| Untracked 
|  29|0x0000000081d00000, 0x0000000081d00000, 0x0000000081e00000|  0%| F|  |TAMS 0x0000000081d00000, 0x0000000081d00000| Untracked 
|  30|0x0000000081e00000, 0x0000000081e00000, 0x0000000081f00000|  0%| F|  |TAMS 0x0000000081e00000, 0x0000000081e00000| Untracked 
|  31|0x0000000081f00000, 0x0000000081f00000, 0x0000000082000000|  0%| F|  |TAMS 0x0000000081f00000, 0x0000000081f00000| Untracked 
|  32|0x0000000082000000, 0x0000000082000000, 0x0000000082100000|  0%| F|  |TAMS 0x0000000082000000, 0x0000000082000000| Untracked 
|  33|0x0000000082100000, 0x0000000082100000, 0x0000000082200000|  0%| F|  |TAMS 0x0000000082100000, 0x0000000082100000| Untracked 
|  34|0x0000000082200000, 0x0000000082200000, 0x0000000082300000|  0%| F|  |TAMS 0x0000000082200000, 0x0000000082200000| Untracked 
|  35|0x0000000082300000, 0x0000000082300000, 0x0000000082400000|  0%| F|  |TAMS 0x0000000082300000, 0x0000000082300000| Untracked 
|  36|0x0000000082400000, 0x0000000082400000, 0x0000000082500000|  0%| F|  |TAMS 0x0000000082400000, 0x0000000082400000| Untracked 
|  37|0x0000000082500000, 0x0000000082500000, 0x0000000082600000|  0%| F|  |TAMS 0x0000000082500000, 0x0000000082500000| Untracked 
|  38|0x0000000082600000, 0x0000000082600000, 0x0000000082700000|  0%| F|  |TAMS 0x0000000082600000, 0x0000000082600000| Untracked 
|  39|0x0000000082700000, 0x0000000082700000, 0x0000000082800000|  0%| F|  |TAMS 0x0000000082700000, 0x0000000082700000| Untracked 
|  40|0x0000000082800000, 0x0000000082800000, 0x0000000082900000|  0%| F|  |TAMS 0x0000000082800000, 0x0000000082800000| Untracked 
|  41|0x0000000082900000, 0x0000000082900000, 0x0000000082a00000|  0%| F|  |TAMS 0x0000000082900000, 0x0000000082900000| Untracked 
|  42|0x0000000082a00000, 0x0000000082a00000, 0x0000000082b00000|  0%| F|  |TAMS 0x0000000082a00000, 0x0000000082a00000| Untracked 
|  43|0x0000000082b00000, 0x0000000082b00000, 0x0000000082c00000|  0%| F|  |TAMS 0x0000000082b00000, 0x0000000082b00000| Untracked 
|  44|0x0000000082c00000, 0x0000000082c00000, 0x0000000082d00000|  0%| F|  |TAMS 0x0000000082c00000, 0x0000000082c00000| Untracked 
|  45|0x0000000082d00000, 0x0000000082d00000, 0x0000000082e00000|  0%| F|  |TAMS 0x0000000082d00000, 0x0000000082d00000| Untracked 
|  46|0x0000000082e00000, 0x0000000082e00000, 0x0000000082f00000|  0%| F|  |TAMS 0x0000000082e00000, 0x0000000082e00000| Untracked 
|  47|0x0000000082f00000, 0x0000000082f00000, 0x0000000083000000|  0%| F|  |TAMS 0x0000000082f00000, 0x0000000082f00000| Untracked 
|  48|0x0000000083000000, 0x0000000083000000, 0x0000000083100000|  0%| F|  |TAMS 0x0000000083000000, 0x0000000083000000| Untracked 
|  49|0x0000000083100000, 0x0000000083100000, 0x0000000083200000|  0%| F|  |TAMS 0x0000000083100000, 0x0000000083100000| Untracked 
|  50|0x0000000083200000, 0x0000000083200000, 0x0000000083300000|  0%| F|  |TAMS 0x0000000083200000, 0x0000000083200000| Untracked 
|  51|0x0000000083300000, 0x0000000083300000, 0x0000000083400000|  0%| F|  |TAMS 0x0000000083300000, 0x0000000083300000| Untracked 
|  52|0x0000000083400000, 0x0000000083400000, 0x0000000083500000|  0%| F|  |TAMS 0x0000000083400000, 0x0000000083400000| Untracked 
|  53|0x0000000083500000, 0x0000000083500000, 0x0000000083600000|  0%| F|  |TAMS 0x0000000083500000, 0x0000000083500000| Untracked 
|  54|0x0000000083600000, 0x0000000083600000, 0x0000000083700000|  0%| F|  |TAMS 0x0000000083600000, 0x0000000083600000| Untracked 
|  55|0x0000000083700000, 0x0000000083700000, 0x0000000083800000|  0%| F|  |TAMS 0x0000000083700000, 0x0000000083700000| Untracked 
|  56|0x0000000083800000, 0x0000000083800000, 0x0000000083900000|  0%| F|  |TAMS 0x0000000083800000, 0x0000000083800000| Untracked 
|  57|0x0000000083900000, 0x0000000083900000, 0x0000000083a00000|  0%| F|  |TAMS 0x0000000083900000, 0x0000000083900000| Untracked 
|  58|0x0000000083a00000, 0x0000000083a00000, 0x0000000083b00000|  0%| F|  |TAMS 0x0000000083a00000, 0x0000000083a00000| Untracked 
|  59|0x0000000083b00000, 0x0000000083b00000, 0x0000000083c00000|  0%| F|  |TAMS 0x0000000083b00000, 0x0000000083b00000| Untracked 
|  60|0x0000000083c00000, 0x0000000083c00000, 0x0000000083d00000|  0%| F|  |TAMS 0x0000000083c00000, 0x0000000083c00000| Untracked 
|  61|0x0000000083d00000, 0x0000000083d00000, 0x0000000083e00000|  0%| F|  |TAMS 0x0000000083d00000, 0x0000000083d00000| Untracked 
|  62|0x0000000083e00000, 0x0000000083e00000, 0x0000000083f00000|  0%| F|  |TAMS 0x0000000083e00000, 0x0000000083e00000| Untracked 
|  63|0x0000000083f00000, 0x0000000083f00000, 0x0000000084000000|  0%| F|  |TAMS 0x0000000083f00000, 0x0000000083f00000| Untracked 
|  64|0x0000000084000000, 0x0000000084000000, 0x0000000084100000|  0%| F|  |TAMS 0x0000000084000000, 0x0000000084000000| Untracked 
|  65|0x0000000084100000, 0x0000000084100000, 0x0000000084200000|  0%| F|  |TAMS 0x0000000084100000, 0x0000000084100000| Untracked 
|  66|0x0000000084200000, 0x0000000084200000, 0x0000000084300000|  0%| F|  |TAMS 0x0000000084200000, 0x0000000084200000| Untracked 
|  67|0x0000000084300000, 0x0000000084300000, 0x0000000084400000|  0%| F|  |TAMS 0x0000000084300000, 0x0000000084300000| Untracked 
|  68|0x0000000084400000, 0x0000000084400000, 0x0000000084500000|  0%| F|  |TAMS 0x0000000084400000, 0x0000000084400000| Untracked 
|  69|0x0000000084500000, 0x0000000084500000, 0x0000000084600000|  0%| F|  |TAMS 0x0000000084500000, 0x0000000084500000| Untracked 
|  70|0x0000000084600000, 0x0000000084600000, 0x0000000084700000|  0%| F|  |TAMS 0x0000000084600000, 0x0000000084600000| Untracked 
|  71|0x0000000084700000, 0x0000000084700000, 0x0000000084800000|  0%| F|  |TAMS 0x0000000084700000, 0x0000000084700000| Untracked 
|  72|0x0000000084800000, 0x0000000084800000, 0x0000000084900000|  0%| F|  |TAMS 0x0000000084800000, 0x0000000084800000| Untracked 
|  73|0x0000000084900000, 0x0000000084900000, 0x0000000084a00000|  0%| F|  |TAMS 0x0000000084900000, 0x0000000084900000| Untracked 
|  74|0x0000000084a00000, 0x0000000084a00000, 0x0000000084b00000|  0%| F|  |TAMS 0x0000000084a00000, 0x0000000084a00000| Untracked 
|  75|0x0000000084b00000, 0x0000000084b00000, 0x0000000084c00000|  0%| F|  |TAMS 0x0000000084b00000, 0x0000000084b00000| Untracked 
|  76|0x0000000084c00000, 0x0000000084c00000, 0x0000000084d00000|  0%| F|  |TAMS 0x0000000084c00000, 0x0000000084c00000| Untracked 
|  77|0x0000000084d00000, 0x0000000084d00000, 0x0000000084e00000|  0%| F|  |TAMS 0x0000000084d00000, 0x0000000084d00000| Untracked 
|  78|0x0000000084e00000, 0x0000000084e00000, 0x0000000084f00000|  0%| F|  |TAMS 0x0000000084e00000, 0x0000000084e00000| Untracked 
|  79|0x0000000084f00000, 0x0000000084f00000, 0x0000000085000000|  0%| F|  |TAMS 0x0000000084f00000, 0x0000000084f00000| Untracked 
|  80|0x0000000085000000, 0x0000000085000000, 0x0000000085100000|  0%| F|  |TAMS 0x0000000085000000, 0x0000000085000000| Untracked 
|  81|0x0000000085100000, 0x0000000085100000, 0x0000000085200000|  0%| F|  |TAMS 0x0000000085100000, 0x0000000085100000| Untracked 
|  82|0x0000000085200000, 0x0000000085200000, 0x0000000085300000|  0%| F|  |TAMS 0x0000000085200000, 0x0000000085200000| Untracked 
|  83|0x0000000085300000, 0x0000000085300000, 0x0000000085400000|  0%| F|  |TAMS 0x0000000085300000, 0x0000000085300000| Untracked 
|  84|0x0000000085400000, 0x0000000085400000, 0x0000000085500000|  0%| F|  |TAMS 0x0000000085400000, 0x0000000085400000| Untracked 
|  85|0x0000000085500000, 0x0000000085500000, 0x0000000085600000|  0%| F|  |TAMS 0x0000000085500000, 0x0000000085500000| Untracked 
|  86|0x0000000085600000, 0x0000000085600000, 0x0000000085700000|  0%| F|  |TAMS 0x0000000085600000, 0x0000000085600000| Untracked 
|  87|0x0000000085700000, 0x0000000085700000, 0x0000000085800000|  0%| F|  |TAMS 0x0000000085700000, 0x0000000085700000| Untracked 
|  88|0x0000000085800000, 0x0000000085800000, 0x0000000085900000|  0%| F|  |TAMS 0x0000000085800000, 0x0000000085800000| Untracked 
|  89|0x0000000085900000, 0x0000000085900000, 0x0000000085a00000|  0%| F|  |TAMS 0x0000000085900000, 0x0000000085900000| Untracked 
|  90|0x0000000085a00000, 0x0000000085a00000, 0x0000000085b00000|  0%| F|  |TAMS 0x0000000085a00000, 0x0000000085a00000| Untracked 
|  91|0x0000000085b00000, 0x0000000085b00000, 0x0000000085c00000|  0%| F|  |TAMS 0x0000000085b00000, 0x0000000085b00000| Untracked 
|  92|0x0000000085c00000, 0x0000000085c00000, 0x0000000085d00000|  0%| F|  |TAMS 0x0000000085c00000, 0x0000000085c00000| Untracked 
|  93|0x0000000085d00000, 0x0000000085d00000, 0x0000000085e00000|  0%| F|  |TAMS 0x0000000085d00000, 0x0000000085d00000| Untracked 
|  94|0x0000000085e00000, 0x0000000085e00000, 0x0000000085f00000|  0%| F|  |TAMS 0x0000000085e00000, 0x0000000085e00000| Untracked 
|  95|0x0000000085f00000, 0x0000000085f00000, 0x0000000086000000|  0%| F|  |TAMS 0x0000000085f00000, 0x0000000085f00000| Untracked 
|  96|0x0000000086000000, 0x0000000086000000, 0x0000000086100000|  0%| F|  |TAMS 0x0000000086000000, 0x0000000086000000| Untracked 
|  97|0x0000000086100000, 0x0000000086100000, 0x0000000086200000|  0%| F|  |TAMS 0x0000000086100000, 0x0000000086100000| Untracked 
|  98|0x0000000086200000, 0x0000000086200000, 0x0000000086300000|  0%| F|  |TAMS 0x0000000086200000, 0x0000000086200000| Untracked 
|  99|0x0000000086300000, 0x0000000086300000, 0x0000000086400000|  0%| F|  |TAMS 0x0000000086300000, 0x0000000086300000| Untracked 
| 100|0x0000000086400000, 0x0000000086400000, 0x0000000086500000|  0%| F|  |TAMS 0x0000000086400000, 0x0000000086400000| Untracked 
| 101|0x0000000086500000, 0x0000000086500000, 0x0000000086600000|  0%| F|  |TAMS 0x0000000086500000, 0x0000000086500000| Untracked 
| 102|0x0000000086600000, 0x0000000086600000, 0x0000000086700000|  0%| F|  |TAMS 0x0000000086600000, 0x0000000086600000| Untracked 
| 103|0x0000000086700000, 0x0000000086700000, 0x0000000086800000|  0%| F|  |TAMS 0x0000000086700000, 0x0000000086700000| Untracked 
| 104|0x0000000086800000, 0x0000000086800000, 0x0000000086900000|  0%| F|  |TAMS 0x0000000086800000, 0x0000000086800000| Untracked 
| 105|0x0000000086900000, 0x0000000086900000, 0x0000000086a00000|  0%| F|  |TAMS 0x0000000086900000, 0x0000000086900000| Untracked 
| 106|0x0000000086a00000, 0x0000000086a00000, 0x0000000086b00000|  0%| F|  |TAMS 0x0000000086a00000, 0x0000000086a00000| Untracked 
| 107|0x0000000086b00000, 0x0000000086b00000, 0x0000000086c00000|  0%| F|  |TAMS 0x0000000086b00000, 0x0000000086b00000| Untracked 
| 108|0x0000000086c00000, 0x0000000086c00000, 0x0000000086d00000|  0%| F|  |TAMS 0x0000000086c00000, 0x0000000086c00000| Untracked 
| 109|0x0000000086d00000, 0x0000000086d00000, 0x0000000086e00000|  0%| F|  |TAMS 0x0000000086d00000, 0x0000000086d00000| Untracked 
| 110|0x0000000086e00000, 0x0000000086e00000, 0x0000000086f00000|  0%| F|  |TAMS 0x0000000086e00000, 0x0000000086e00000| Untracked 
| 111|0x0000000086f00000, 0x0000000086f00000, 0x0000000087000000|  0%| F|  |TAMS 0x0000000086f00000, 0x0000000086f00000| Untracked 
| 112|0x0000000087000000, 0x0000000087000000, 0x0000000087100000|  0%| F|  |TAMS 0x0000000087000000, 0x0000000087000000| Untracked 
| 113|0x0000000087100000, 0x0000000087100000, 0x0000000087200000|  0%| F|  |TAMS 0x0000000087100000, 0x0000000087100000| Untracked 
| 114|0x0000000087200000, 0x0000000087200000, 0x0000000087300000|  0%| F|  |TAMS 0x0000000087200000, 0x0000000087200000| Untracked 
| 115|0x0000000087300000, 0x0000000087300000, 0x0000000087400000|  0%| F|  |TAMS 0x0000000087300000, 0x0000000087300000| Untracked 
| 116|0x0000000087400000, 0x0000000087400000, 0x0000000087500000|  0%| F|  |TAMS 0x0000000087400000, 0x0000000087400000| Untracked 
| 117|0x0000000087500000, 0x0000000087500000, 0x0000000087600000|  0%| F|  |TAMS 0x0000000087500000, 0x0000000087500000| Untracked 
| 118|0x0000000087600000, 0x0000000087700000, 0x0000000087700000|100%| E|  |TAMS 0x0000000087600000, 0x0000000087600000| Complete 
| 119|0x0000000087700000, 0x0000000087800000, 0x0000000087800000|100%| E|CS|TAMS 0x0000000087700000, 0x0000000087700000| Complete 
| 120|0x0000000087800000, 0x0000000087856160, 0x0000000087900000| 33%| S|CS|TAMS 0x0000000087800000, 0x0000000087800000| Complete 
| 121|0x0000000087900000, 0x0000000087a00000, 0x0000000087a00000|100%| S|CS|TAMS 0x0000000087900000, 0x0000000087900000| Complete 
| 122|0x0000000087a00000, 0x0000000087b00000, 0x0000000087b00000|100%| S|CS|TAMS 0x0000000087a00000, 0x0000000087a00000| Complete 
| 123|0x0000000087b00000, 0x0000000087c00000, 0x0000000087c00000|100%| S|CS|TAMS 0x0000000087b00000, 0x0000000087b00000| Complete 
| 124|0x0000000087c00000, 0x0000000087d00000, 0x0000000087d00000|100%| S|CS|TAMS 0x0000000087c00000, 0x0000000087c00000| Complete 
| 125|0x0000000087d00000, 0x0000000087e00000, 0x0000000087e00000|100%| E|CS|TAMS 0x0000000087d00000, 0x0000000087d00000| Complete 

Card table byte_map: [0x000001eefdaf0000,0x000001eefdef0000] _byte_map_base: 0x000001eefd6f0000

Marking Bits (Prev, Next): (CMBitMap*) 0x000001eeea8d7b78, (CMBitMap*) 0x000001eeea8d7bb0
 Prev Bits: [0x000001ee80000000, 0x000001ee82000000)
 Next Bits: [0x000001ee82000000, 0x000001ee84000000)

Polling page: 0x000001eee87a0000

Metaspace:

Usage:
  Non-class:     27.31 MB capacity,    26.83 MB ( 98%) used,   417.99 KB (  1%) free+waste,    73.56 KB ( <1%) overhead. 
      Class:      4.46 MB capacity,     4.16 MB ( 93%) used,   265.86 KB (  6%) free+waste,    37.31 KB ( <1%) overhead. 
       Both:     31.77 MB capacity,    30.99 MB ( 98%) used,   683.85 KB (  2%) free+waste,   110.88 KB ( <1%) overhead. 

Virtual space:
  Non-class space:       34.00 MB reserved,      27.42 MB ( 81%) committed 
      Class space:        1.00 GB reserved,       4.57 MB ( <1%) committed 
             Both:        1.03 GB reserved,      32.00 MB (  3%) committed 

Chunk freelists:
   Non-Class:  0 bytes
       Class:  6.00 KB
        Both:  6.00 KB

MaxMetaspaceSize: 17179869184.00 GB
CompressedClassSpaceSize: 1.00 GB
Initial GC threshold: 20.80 MB
Current GC threshold: 52.70 MB
CDS: off

CodeHeap 'non-profiled nmethods': size=120000Kb used=1209Kb max_used=1209Kb free=118790Kb
 bounds [0x000001eef5e90000, 0x000001eef6100000, 0x000001eefd3c0000]
CodeHeap 'profiled nmethods': size=120000Kb used=5564Kb max_used=5564Kb free=114435Kb
 bounds [0x000001eeee960000, 0x000001eeeeed0000, 0x000001eef5e90000]
CodeHeap 'non-nmethods': size=5760Kb used=1239Kb max_used=1277Kb free=4521Kb
 bounds [0x000001eeee3c0000, 0x000001eeee630000, 0x000001eeee960000]
 total_blobs=3114 nmethods=2596 adapters=430
 compilation: enabled
              stopped_count=0, restarted_count=0
 full_count=0

Compilation events (20 events):
Event: 4.834 Thread 0x000001eeff658800 2574       3       java.lang.Class::getDeclaredConstructors (27 bytes)
Event: 4.834 Thread 0x000001eeff658800 nmethod 2574 0x000001eeeeec0610 code [0x000001eeeeec0800, 0x000001eeeeec0a98]
Event: 4.839 Thread 0x000001eeff658800 2575       3       java.util.stream.StreamOpFlag::combineOpFlags (9 bytes)
Event: 4.839 Thread 0x000001eeff658800 nmethod 2575 0x000001eeeeec0b90 code [0x000001eeeeec0d40, 0x000001eeeeec0ef8]
Event: 4.839 Thread 0x000001eeff658800 2576       3       java.util.stream.StreamOpFlag::getMask (30 bytes)
Event: 4.839 Thread 0x000001eeff658800 nmethod 2576 0x000001eeeeec0f90 code [0x000001eeeeec1140, 0x000001eeeeec1298]
Event: 4.839 Thread 0x000001eeff658800 2577       3       org.gradle.internal.instantiation.generator.AbstractClassGenerator$PropertyMetadata::getType (34 bytes)
Event: 4.840 Thread 0x000001eeff658800 nmethod 2577 0x000001eeeeec1310 code [0x000001eeeeec1520, 0x000001eeeeec1af8]
Event: 4.840 Thread 0x000001eeff658800 2578       3       org.objectweb.asm.MethodWriter::putAbstractTypes (31 bytes)
Event: 4.841 Thread 0x000001eeff658800 nmethod 2578 0x000001eeeeec1d10 code [0x000001eeeeec1ee0, 0x000001eeeeec2108]
Event: 4.841 Thread 0x000001eeff658800 2579       3       org.gradle.model.internal.asm.MethodVisitorScope::_INVOKEVIRTUAL (12 bytes)
Event: 4.841 Thread 0x000001eeff658800 nmethod 2579 0x000001eeeeec2290 code [0x000001eeeeec2440, 0x000001eeeeec2588]
Event: 4.841 Thread 0x000001eeff658800 2580       3       java.util.Collections::emptySet (4 bytes)
Event: 4.841 Thread 0x000001eeff658800 nmethod 2580 0x000001eeeeec2690 code [0x000001eeeeec2840, 0x000001eeeeec2938]
Event: 4.843 Thread 0x000001eeff658800 2582       3       java.util.concurrent.locks.ReentrantLock::lock (9 bytes)
Event: 4.843 Thread 0x000001eeff658800 nmethod 2582 0x000001eeeeec2990 code [0x000001eeeeec2ba0, 0x000001eeeeec2fd8]
Event: 4.855 Thread 0x000001eeff658800 2583       3       java.lang.invoke.ClassSpecializer$SpeciesData::fieldCount (10 bytes)
Event: 4.855 Thread 0x000001eeff658800 nmethod 2583 0x000001eeeeec3190 code [0x000001eeeeec3340, 0x000001eeeeec3508]
Event: 4.867 Thread 0x000001eeff658800 2585       3       java.lang.invoke.MethodHandleNatives$CallSiteContext::run (5 bytes)
Event: 4.868 Thread 0x000001eeff658800 nmethod 2585 0x000001eeeeec3610 code [0x000001eeeeec37c0, 0x000001eeeeec38e8]

GC Heap History (14 events):
Event: 0.818 GC heap before
{Heap before GC invocations=0 (full 0):
 garbage-first heap   total 129024K, used 29696K [0x0000000080000000, 0x0000000100000000)
  region size 1024K, 24 young (24576K), 0 survivors (0K)
 Metaspace       used 10059K, capacity 10336K, committed 10624K, reserved 1058816K
  class space    used 1022K, capacity 1105K, committed 1152K, reserved 1048576K
}
Event: 0.822 GC heap after
{Heap after GC invocations=1 (full 0):
 garbage-first heap   total 129024K, used 9379K [0x0000000080000000, 0x0000000100000000)
  region size 1024K, 3 young (3072K), 3 survivors (3072K)
 Metaspace       used 10059K, capacity 10336K, committed 10624K, reserved 1058816K
  class space    used 1022K, capacity 1105K, committed 1152K, reserved 1048576K
}
Event: 1.169 GC heap before
{Heap before GC invocations=1 (full 0):
 garbage-first heap   total 129024K, used 31907K [0x0000000080000000, 0x0000000100000000)
  region size 1024K, 25 young (25600K), 3 survivors (3072K)
 Metaspace       used 11253K, capacity 11520K, committed 11776K, reserved 1060864K
  class space    used 1156K, capacity 1244K, committed 1280K, reserved 1048576K
}
Event: 1.171 GC heap after
{Heap after GC invocations=2 (full 0):
 garbage-first heap   total 129024K, used 10183K [0x0000000080000000, 0x0000000100000000)
  region size 1024K, 1 young (1024K), 1 survivors (1024K)
 Metaspace       used 11253K, capacity 11520K, committed 11776K, reserved 1060864K
  class space    used 1156K, capacity 1244K, committed 1280K, reserved 1048576K
}
Event: 3.418 GC heap before
{Heap before GC invocations=2 (full 0):
 garbage-first heap   total 129024K, used 64455K [0x0000000080000000, 0x0000000100000000)
  region size 1024K, 53 young (54272K), 1 survivors (1024K)
 Metaspace       used 18213K, capacity 18640K, committed 18688K, reserved 1064960K
  class space    used 2136K, capacity 2281K, committed 2304K, reserved 1048576K
}
Event: 3.424 GC heap after
{Heap after GC invocations=3 (full 0):
 garbage-first heap   total 129024K, used 16414K [0x0000000080000000, 0x0000000100000000)
  region size 1024K, 7 young (7168K), 7 survivors (7168K)
 Metaspace       used 18213K, capacity 18640K, committed 18688K, reserved 1064960K
  class space    used 2136K, capacity 2281K, committed 2304K, reserved 1048576K
}
Event: 3.685 GC heap before
{Heap before GC invocations=3 (full 0):
 garbage-first heap   total 129024K, used 39966K [0x0000000080000000, 0x0000000100000000)
  region size 1024K, 31 young (31744K), 7 survivors (7168K)
 Metaspace       used 20820K, capacity 21195K, committed 21296K, reserved 1069056K
  class space    used 2528K, capacity 2685K, committed 2688K, reserved 1048576K
}
Event: 3.692 GC heap after
{Heap after GC invocations=4 (full 0):
 garbage-first heap   total 129024K, used 17357K [0x0000000080000000, 0x0000000100000000)
  region size 1024K, 1 young (1024K), 1 survivors (1024K)
 Metaspace       used 20820K, capacity 21195K, committed 21296K, reserved 1069056K
  class space    used 2528K, capacity 2685K, committed 2688K, reserved 1048576K
}
Event: 4.273 GC heap before
{Heap before GC invocations=5 (full 0):
 garbage-first heap   total 129024K, used 69581K [0x0000000080000000, 0x0000000100000000)
  region size 1024K, 52 young (53248K), 1 survivors (1024K)
 Metaspace       used 26289K, capacity 26975K, committed 27260K, reserved 1073152K
  class space    used 3418K, capacity 3666K, committed 3788K, reserved 1048576K
}
Event: 4.277 GC heap after
{Heap after GC invocations=6 (full 0):
 garbage-first heap   total 129024K, used 19206K [0x0000000080000000, 0x0000000100000000)
  region size 1024K, 3 young (3072K), 3 survivors (3072K)
 Metaspace       used 26289K, capacity 26975K, committed 27260K, reserved 1073152K
  class space    used 3418K, capacity 3666K, committed 3788K, reserved 1048576K
}
Event: 4.862 GC heap before
{Heap before GC invocations=6 (full 0):
 garbage-first heap   total 129024K, used 74502K [0x0000000080000000, 0x0000000100000000)
  region size 1024K, 57 young (58368K), 3 survivors (3072K)
 Metaspace       used 31162K, capacity 31973K, committed 32124K, reserved 1077248K
  class space    used 4175K, capacity 4463K, committed 4556K, reserved 1048576K
}
Event: 4.867 GC heap after
{Heap after GC invocations=7 (full 0):
 garbage-first heap   total 129024K, used 20671K [0x0000000080000000, 0x0000000100000000)
  region size 1024K, 5 young (5120K), 5 survivors (5120K)
 Metaspace       used 31162K, capacity 31973K, committed 32124K, reserved 1077248K
  class space    used 4175K, capacity 4463K, committed 4556K, reserved 1048576K
}
Event: 4.875 GC heap before
{Heap before GC invocations=7 (full 0):
 garbage-first heap   total 129024K, used 20671K [0x0000000080000000, 0x0000000100000000)
  region size 1024K, 6 young (6144K), 5 survivors (5120K)
 Metaspace       used 31205K, capacity 31973K, committed 32124K, reserved 1083392K
  class space    used 4181K, capacity 4463K, committed 4556K, reserved 1048576K
}
Event: 4.881 GC heap after
{Heap after GC invocations=8 (full 0):
 garbage-first heap   total 129024K, used 20848K [0x0000000080000000, 0x0000000100000000)
  region size 1024K, 5 young (5120K), 5 survivors (5120K)
 Metaspace       used 31205K, capacity 31973K, committed 32124K, reserved 1083392K
  class space    used 4181K, capacity 4463K, committed 4556K, reserved 1048576K
}

Deoptimization events (20 events):
Event: 3.626 Thread 0x000001ee8790b000 DEOPT PACKING pc=0x000001eef5f63778 sp=0x0000001bd44fd770
Event: 3.626 Thread 0x000001ee8790b000 DEOPT UNPACKING pc=0x000001eeee40a1af sp=0x0000001bd44fd718 mode 2
Event: 3.769 Thread 0x000001ee8790b000 Uncommon trap: trap_request=0xffffff4d fr.pc=0x000001eef5f5eb98 relative=0x0000000000000398
Event: 3.769 Thread 0x000001ee8790b000 Uncommon trap: reason=unstable_if action=reinterpret pc=0x000001eef5f5eb98 method=jdk.internal.org.objectweb.asm.Type.getArgumentsAndReturnSizes(Ljava/lang/String;)I @ 88 c2
Event: 3.769 Thread 0x000001ee8790b000 DEOPT PACKING pc=0x000001eef5f5eb98 sp=0x0000001bd44f9890
Event: 3.769 Thread 0x000001ee8790b000 DEOPT UNPACKING pc=0x000001eeee40a1af sp=0x0000001bd44f9818 mode 2
Event: 3.967 Thread 0x000001ee8790b000 Uncommon trap: trap_request=0xffffff4d fr.pc=0x000001eef5f2d26c relative=0x000000000000022c
Event: 3.967 Thread 0x000001ee8790b000 Uncommon trap: reason=unstable_if action=reinterpret pc=0x000001eef5f2d26c method=java.util.concurrent.ConcurrentHashMap.get(Ljava/lang/Object;)Ljava/lang/Object; @ 76 c2
Event: 3.967 Thread 0x000001ee8790b000 DEOPT PACKING pc=0x000001eef5f2d26c sp=0x0000001bd44f8b70
Event: 3.967 Thread 0x000001ee8790b000 DEOPT UNPACKING pc=0x000001eeee40a1af sp=0x0000001bd44f8ad8 mode 2
Event: 4.240 Thread 0x000001ee8790b000 Uncommon trap: trap_request=0xffffff7e fr.pc=0x000001eef5f95110 relative=0x0000000000000150
Event: 4.240 Thread 0x000001ee8790b000 Uncommon trap: reason=predicate action=maybe_recompile pc=0x000001eef5f95110 method=com.google.common.base.CharMatcher.indexIn(Ljava/lang/CharSequence;I)I @ 19 c2
Event: 4.240 Thread 0x000001ee8790b000 DEOPT PACKING pc=0x000001eef5f95110 sp=0x0000001bd44fb920
Event: 4.240 Thread 0x000001ee8790b000 DEOPT UNPACKING pc=0x000001eeee40a1af sp=0x0000001bd44fb8b0 mode 2
Event: 4.546 Thread 0x000001ee8790b000 Uncommon trap: trap_request=0xffffff4d fr.pc=0x000001eef5f5c2d8 relative=0x0000000000000218
Event: 4.546 Thread 0x000001ee8790b000 Uncommon trap: reason=unstable_if action=reinterpret pc=0x000001eef5f5c2d8 method=java.util.HashMap.hash(Ljava/lang/Object;)I @ 1 c2
Event: 4.546 Thread 0x000001ee8790b000 DEOPT PACKING pc=0x000001eef5f5c2d8 sp=0x0000001bd44f8280
Event: 4.546 Thread 0x000001ee8790b000 DEOPT UNPACKING pc=0x000001eeee40a1af sp=0x0000001bd44f81b8 mode 2
Event: 4.737 Thread 0x000001ee8790b000 DEOPT PACKING pc=0x000001eeeed74cf9 sp=0x0000001bd44f7c00
Event: 4.737 Thread 0x000001ee8790b000 DEOPT UNPACKING pc=0x000001eeee40a95e sp=0x0000001bd44f7148 mode 0

Classes redefined (0 events):
No events

Internal exceptions (20 events):
Event: 4.028 Thread 0x000001ee8790b000 Exception <a 'java/lang/NoSuchMethodError'{0x0000000085fafc48}: 'java.lang.Object java.lang.invoke.DirectMethodHandle$Holder.invokeStatic(java.lang.Object, java.lang.Object, java.lang.Object, int, java.lang.Object, java.lang.Object)'> (0x0000000085fafc48) thrown at [src/hotspot/share/interpreter/linkResolver.cpp, line 773]
Event: 4.029 Thread 0x000001ee8790b000 Exception <a 'java/lang/NoSuchMethodError'{0x0000000085fb7358}: 'java.lang.Object java.lang.invoke.Invokers$Holder.linkToTargetMethod(java.lang.Object, java.lang.Object, int, java.lang.Object, java.lang.Object, java.lang.Object)'> (0x0000000085fb7358) thrown at [src/hotspot/share/interpreter/linkResolver.cpp, line 773]
Event: 4.053 Thread 0x000001ee8790b000 Exception <a 'java/lang/NoSuchMethodError'{0x0000000085d693e8}: 'java.lang.Object java.lang.invoke.DirectMethodHandle$Holder.invokeVirtual(java.lang.Object, java.lang.Object, java.lang.Object, java.lang.Object, java.lang.Object, java.lang.Object, java.lang.Object, java.lang.Object, java.lang.Object, java.lang.Object, java.lang.Object, java.lang.Object, java.lang.Object, java.lang.Object, java.lang.Object, java.lang.Object, java.lang.Object, java.lang.Object, java.lang.Object, java.lang.Object, java.lang.Ob
Event: 4.118 Thread 0x000001ee8790b000 Exception <a 'java/lang/NoSuchMethodError'{0x00000000855ab850}: 'int java.lang.invoke.DirectMethodHandle$Holder.invokeStaticInit(java.lang.Object, java.lang.Object, java.lang.Object)'> (0x00000000855ab850) thrown at [src/hotspot/share/interpreter/linkResolver.cpp, line 773]
Event: 4.184 Thread 0x000001ee8790b000 Exception <a 'java/lang/NoSuchMethodError'{0x00000000850604e8}: 'void java.lang.invoke.DirectMethodHandle$Holder.invokeStaticInit(java.lang.Object, java.lang.Object)'> (0x00000000850604e8) thrown at [src/hotspot/share/interpreter/linkResolver.cpp, line 773]
Event: 4.269 Thread 0x000001ee8790b000 Exception <a 'java/lang/NoSuchMethodError'{0x0000000084a8fa48}: 'void java.lang.invoke.DirectMethodHandle$Holder.invokeStatic(java.lang.Object, java.lang.Object, java.lang.Object, java.lang.Object)'> (0x0000000084a8fa48) thrown at [src/hotspot/share/interpreter/linkResolver.cpp, line 773]
Event: 4.271 Thread 0x000001ee8790b000 Exception <a 'java/lang/NoSuchMethodError'{0x0000000084aaeed0}: 'int java.lang.invoke.DirectMethodHandle$Holder.invokeVirtual(java.lang.Object, java.lang.Object)'> (0x0000000084aaeed0) thrown at [src/hotspot/share/interpreter/linkResolver.cpp, line 773]
Event: 4.272 Thread 0x000001ee8790b000 Exception <a 'java/lang/NoSuchMethodError'{0x0000000084af3698}: 'java.lang.Object java.lang.invoke.DirectMethodHandle$Holder.invokeVirtual(java.lang.Object, java.lang.Object, java.lang.Object)'> (0x0000000084af3698) thrown at [src/hotspot/share/interpreter/linkResolver.cpp, line 773]
Event: 4.280 Thread 0x000001ee8790b000 Exception <a 'java/lang/NoSuchMethodError'{0x0000000087d1c700}: 'int java.lang.invoke.DirectMethodHandle$Holder.invokeVirtual(java.lang.Object, java.lang.Object, java.lang.Object)'> (0x0000000087d1c700) thrown at [src/hotspot/share/interpreter/linkResolver.cpp, line 773]
Event: 4.305 Thread 0x000001ee8790b000 Exception <a 'java/lang/NoSuchMethodError'{0x0000000087b39540}: 'void java.lang.invoke.DirectMethodHandle$Holder.invokeSpecial(java.lang.Object, java.lang.Object)'> (0x0000000087b39540) thrown at [src/hotspot/share/interpreter/linkResolver.cpp, line 773]
Event: 4.441 Thread 0x000001ee8790b000 Exception <a 'java/lang/NoSuchMethodError'{0x0000000086c2ff38}: 'java.lang.Object java.lang.invoke.DirectMethodHandle$Holder.invokeSpecialIFC(java.lang.Object, java.lang.Object, java.lang.Object, java.lang.Object)'> (0x0000000086c2ff38) thrown at [src/hotspot/share/interpreter/linkResolver.cpp, line 773]
Event: 4.546 Thread 0x000001ee8790b000 Implicit null exception at 0x000001eef5f5c0f5 to 0x000001eef5f5c2c8
Event: 4.602 Thread 0x000001ee8790b000 Exception <a 'java/lang/NoSuchMethodError'{0x00000000860968e0}: 'java.lang.Object java.lang.invoke.DirectMethodHandle$Holder.invokeSpecial(java.lang.Object, java.lang.Object, java.lang.Object, java.lang.Object, java.lang.Object, java.lang.Object, java.lang.Object, java.lang.Object, java.lang.Object, java.lang.Object, java.lang.Object, java.lang.Object, java.lang.Object)'> (0x00000000860968e0) thrown at [src/hotspot/share/interpreter/linkResolver.cpp, line 773]
Event: 4.603 Thread 0x000001ee8790b000 Exception <a 'java/lang/NoSuchMethodError'{0x00000000860a7740}: 'java.lang.Object java.lang.invoke.DirectMethodHandle$Holder.invokeSpecial(java.lang.Object, java.lang.Object, java.lang.Object, java.lang.Object, java.lang.Object, java.lang.Object, java.lang.Object, java.lang.Object, java.lang.Object, java.lang.Object, java.lang.Object, java.lang.Object)'> (0x00000000860a7740) thrown at [src/hotspot/share/interpreter/linkResolver.cpp, line 773]
Event: 4.604 Thread 0x000001ee8790b000 Exception <a 'java/lang/NoSuchMethodError'{0x00000000860ac868}: 'java.lang.Object java.lang.invoke.Invokers$Holder.linkToTargetMethod(java.lang.Object, java.lang.Object, java.lang.Object, java.lang.Object, java.lang.Object, java.lang.Object, java.lang.Object, java.lang.Object, java.lang.Object, java.lang.Object, java.lang.Object)'> (0x00000000860ac868) thrown at [src/hotspot/share/interpreter/linkResolver.cpp, line 773]
Event: 4.612 Thread 0x000001ee8790b000 Exception <a 'java/lang/NoSuchMethodError'{0x0000000085f5c190}: 'java.lang.Object java.lang.invoke.DirectMethodHandle$Holder.invokeSpecial(java.lang.Object, java.lang.Object, java.lang.Object, java.lang.Object, java.lang.Object, java.lang.Object, java.lang.Object, java.lang.Object, java.lang.Object, java.lang.Object, java.lang.Object, java.lang.Object, java.lang.Object, java.lang.Object)'> (0x0000000085f5c190) thrown at [src/hotspot/share/interpreter/linkResolver.cpp, line 773]
Event: 4.613 Thread 0x000001ee8790b000 Exception <a 'java/lang/NoSuchMethodError'{0x0000000085f6d808}: 'java.lang.Object java.lang.invoke.Invokers$Holder.linkToTargetMethod(java.lang.Object, java.lang.Object, java.lang.Object, java.lang.Object, java.lang.Object, java.lang.Object, java.lang.Object, java.lang.Object, java.lang.Object, java.lang.Object, java.lang.Object, java.lang.Object)'> (0x0000000085f6d808) thrown at [src/hotspot/share/interpreter/linkResolver.cpp, line 773]
Event: 4.630 Thread 0x000001ee8790b000 Exception <a 'java/lang/NoSuchMethodError'{0x0000000085e66b98}: 'java.lang.Object java.lang.invoke.DirectMethodHandle$Holder.invokeStaticInit(java.lang.Object, java.lang.Object, java.lang.Object, java.lang.Object)'> (0x0000000085e66b98) thrown at [src/hotspot/share/interpreter/linkResolver.cpp, line 773]
Event: 4.730 Thread 0x000001ee8790b000 Exception <a 'java/lang/NoSuchMethodError'{0x00000000855ca478}: 'java.lang.Object java.lang.invoke.Invokers$Holder.linkToTargetMethod(java.lang.Object, java.lang.Object, java.lang.Object, java.lang.Object, java.lang.Object, java.lang.Object, java.lang.Object, java.lang.Object)'> (0x00000000855ca478) thrown at [src/hotspot/share/interpreter/linkResolver.cpp, line 773]
Event: 4.736 Thread 0x000001ee8790b000 Exception <a 'java/lang/IncompatibleClassChangeError'{0x000000008545f8e0}: Found class java.lang.Object, but interface was expected> (0x000000008545f8e0) thrown at [src/hotspot/share/interpreter/linkResolver.cpp, line 839]

Events (20 events):
Event: 4.874 loading class org/gradle/groovy/scripts/internal/AbstractScriptTransformer
Event: 4.874 loading class org/gradle/groovy/scripts/internal/AbstractScriptTransformer done
Event: 4.874 Executing VM operation: CollectForMetadataAllocation
Event: 4.881 Executing VM operation: CollectForMetadataAllocation done
Event: 4.881 loading class org/codehaus/groovy/control/CompilationUnit$SourceUnitOperation
Event: 4.881 loading class org/codehaus/groovy/control/CompilationUnit$SourceUnitOperation done
Event: 4.882 loading class org/codehaus/groovy/control/CompilationUnit$ISourceUnitOperation
Event: 4.882 loading class org/codehaus/groovy/control/CompilationUnit$ISourceUnitOperation done
Event: 4.882 loading class org/codehaus/groovy/control/CompilationUnit$PhaseOperation
Event: 4.882 loading class org/codehaus/groovy/control/CompilationUnit$PhaseOperation done
Event: 4.882 loading class org/codehaus/groovy/GroovyBugError
Event: 4.882 loading class org/codehaus/groovy/GroovyBugError done
Event: 4.883 loading class com/google/common/collect/MapMaker$Dummy
Event: 4.883 loading class com/google/common/collect/MapMaker$Dummy done
Event: 4.883 loading class com/google/common/collect/MapMakerInternalMap$WeakKeyDummyValueEntry
Event: 4.883 loading class com/google/common/collect/MapMakerInternalMap$WeakKeyDummyValueEntry done
Event: 4.884 loading class com/google/common/collect/MapMakerInternalMap$StrongValueEntry
Event: 4.884 loading class com/google/common/collect/MapMakerInternalMap$StrongValueEntry done
Event: 4.884 loading class com/google/common/collect/MapMakerInternalMap$AbstractWeakKeyEntry
Event: 4.884 loading class com/google/common/collect/MapMakerInternalMap$AbstractWeakKeyEntry done


Dynamic libraries:
0x00007ff68f470000 - 0x00007ff68f47a000 	C:\Program Files\Android\Android Studio1\jbr\bin\java.exe
0x00007ff854ff0000 - 0x00007ff8551e8000 	C:\Windows\SYSTEM32\ntdll.dll
0x00007ff8537e0000 - 0x00007ff85389f000 	C:\Windows\System32\KERNEL32.DLL
0x00007ff852a40000 - 0x00007ff852d36000 	C:\Windows\System32\KERNELBASE.dll
0x00007ff852ea0000 - 0x00007ff852fa0000 	C:\Windows\System32\ucrtbase.dll
0x00007ff84e890000 - 0x00007ff84e8a7000 	C:\Program Files\Android\Android Studio1\jbr\bin\jli.dll
0x00007ff853910000 - 0x00007ff853aad000 	C:\Windows\System32\USER32.dll
0x00007ff852dd0000 - 0x00007ff852df2000 	C:\Windows\System32\win32u.dll
0x00007ff853ab0000 - 0x00007ff853adc000 	C:\Windows\System32\GDI32.dll
0x00007ff852880000 - 0x00007ff852995000 	C:\Windows\System32\gdi32full.dll
0x00007ff852e00000 - 0x00007ff852e9d000 	C:\Windows\System32\msvcp_win.dll
0x00007ff832180000 - 0x00007ff83241a000 	C:\Windows\WinSxS\amd64_microsoft.windows.common-controls_6595b64144ccf1df_6.0.19041.1110_none_60b5254171f9507e\COMCTL32.dll
0x00007ff854f00000 - 0x00007ff854f9e000 	C:\Windows\System32\msvcrt.dll
0x00007ff84c410000 - 0x00007ff84c42b000 	C:\Program Files\Android\Android Studio1\jbr\bin\VCRUNTIME140.dll
0x00007ff853ce0000 - 0x00007ff853d10000 	C:\Windows\System32\IMM32.DLL
0x00007ff84e860000 - 0x00007ff84e86c000 	C:\Program Files\Android\Android Studio1\jbr\bin\vcruntime140_1.dll
0x00007ff83dfa0000 - 0x00007ff83e02d000 	C:\Program Files\Android\Android Studio1\jbr\bin\msvcp140.dll
0x00007fffee9e0000 - 0x00007fffef59c000 	C:\Program Files\Android\Android Studio1\jbr\bin\server\jvm.dll
0x00007ff853c10000 - 0x00007ff853cbf000 	C:\Windows\System32\ADVAPI32.dll
0x00007ff853320000 - 0x00007ff8533bc000 	C:\Windows\System32\sechost.dll
0x00007ff853ae0000 - 0x00007ff853c06000 	C:\Windows\System32\RPCRT4.dll
0x00007ff853e30000 - 0x00007ff853e38000 	C:\Windows\System32\PSAPI.DLL
0x00007ff83b490000 - 0x00007ff83b499000 	C:\Windows\SYSTEM32\WSOCK32.dll
0x00007ff83e940000 - 0x00007ff83e967000 	C:\Windows\SYSTEM32\WINMM.dll
0x00007ff847be0000 - 0x00007ff847bea000 	C:\Windows\SYSTEM32\VERSION.dll
0x00007ff8542b0000 - 0x00007ff85431b000 	C:\Windows\System32\ws2_32.DLL
0x00007ff850590000 - 0x00007ff8505a2000 	C:\Windows\SYSTEM32\kernel.appcore.dll
0x00007ff84e800000 - 0x00007ff84e810000 	C:\Program Files\Android\Android Studio1\jbr\bin\verify.dll
0x00007ff84fcf0000 - 0x00007ff84fed4000 	C:\Windows\SYSTEM32\DBGHELP.DLL
0x00007ff83b380000 - 0x00007ff83b3b4000 	C:\Windows\SYSTEM32\dbgcore.DLL
0x00007ff852d40000 - 0x00007ff852dc2000 	C:\Windows\System32\bcryptPrimitives.dll
0x00007ff83e2f0000 - 0x00007ff83e318000 	C:\Program Files\Android\Android Studio1\jbr\bin\java.dll
0x00007ff846920000 - 0x00007ff84692a000 	C:\Program Files\Android\Android Studio1\jbr\bin\jimage.dll
0x00007ff8465b0000 - 0x00007ff8465c8000 	C:\Program Files\Android\Android Studio1\jbr\bin\zip.dll
0x00007ff854320000 - 0x00007ff854a64000 	C:\Windows\System32\SHELL32.dll
0x00007ff850790000 - 0x00007ff850f23000 	C:\Windows\SYSTEM32\windows.storage.dll
0x00007ff854ba0000 - 0x00007ff854ef4000 	C:\Windows\System32\combase.dll
0x00007ff852130000 - 0x00007ff85215e000 	C:\Windows\SYSTEM32\Wldp.dll
0x00007ff853130000 - 0x00007ff8531dd000 	C:\Windows\System32\SHCORE.dll
0x00007ff8538a0000 - 0x00007ff8538f5000 	C:\Windows\System32\shlwapi.dll
0x00007ff852610000 - 0x00007ff85262f000 	C:\Windows\SYSTEM32\profapi.dll
0x00007ff83df30000 - 0x00007ff83df49000 	C:\Program Files\Android\Android Studio1\jbr\bin\net.dll
0x00007ff8459c0000 - 0x00007ff845aca000 	C:\Windows\SYSTEM32\WINHTTP.dll
0x00007ff851e90000 - 0x00007ff851efa000 	C:\Windows\system32\mswsock.dll
0x00007ff83df10000 - 0x00007ff83df23000 	C:\Program Files\Android\Android Studio1\jbr\bin\nio.dll
0x00007ff84c7f0000 - 0x00007ff84c817000 	C:\Users\user\.gradle\native\e1d6ef7f7dcc3fd88c89a11ec53ec762bb8ba0a96d01ffa2cd45eb1d1d8dd5c5\windows-amd64\native-platform.dll
0x00007ff8281d0000 - 0x00007ff828314000 	C:\Users\user\.gradle\native\0d407fdbe67a94daf76414ababcb853783967236a71b16ec16e742cd7a986fd3\windows-amd64\native-platform-file-events.dll
0x00007ff846910000 - 0x00007ff84691a000 	C:\Program Files\Android\Android Studio1\jbr\bin\management.dll
0x00007ff846730000 - 0x00007ff84673b000 	C:\Program Files\Android\Android Studio1\jbr\bin\management_ext.dll
0x00007ff852090000 - 0x00007ff8520a8000 	C:\Windows\SYSTEM32\CRYPTSP.dll
0x00007ff851740000 - 0x00007ff851774000 	C:\Windows\system32\rsaenh.dll
0x00007ff8529a0000 - 0x00007ff8529c7000 	C:\Windows\System32\bcrypt.dll
0x00007ff8525d0000 - 0x00007ff8525fe000 	C:\Windows\SYSTEM32\USERENV.dll
0x00007ff852080000 - 0x00007ff85208c000 	C:\Windows\SYSTEM32\CRYPTBASE.dll
0x00007ff851b30000 - 0x00007ff851b6c000 	C:\Windows\SYSTEM32\IPHLPAPI.DLL
0x00007ff854fa0000 - 0x00007ff854fa8000 	C:\Windows\System32\NSI.dll
0x00007ff846100000 - 0x00007ff846117000 	C:\Windows\SYSTEM32\dhcpcsvc6.DLL
0x00007ff846af0000 - 0x00007ff846b0d000 	C:\Windows\SYSTEM32\dhcpcsvc.DLL
0x00007ff851b80000 - 0x00007ff851c4b000 	C:\Windows\SYSTEM32\DNSAPI.dll

dbghelp: loaded successfully - version: 4.0.5 - missing functions: none
symbol engine: initialized successfully - sym options: 0x614 - pdb path: .;C:\Program Files\Android\Android Studio1\jbr\bin;C:\Windows\SYSTEM32;C:\Windows\WinSxS\amd64_microsoft.windows.common-controls_6595b64144ccf1df_6.0.19041.1110_none_60b5254171f9507e;C:\Program Files\Android\Android Studio1\jbr\bin\server;C:\Users\user\.gradle\native\e1d6ef7f7dcc3fd88c89a11ec53ec762bb8ba0a96d01ffa2cd45eb1d1d8dd5c5\windows-amd64;C:\Users\user\.gradle\native\0d407fdbe67a94daf76414ababcb853783967236a71b16ec16e742cd7a986fd3\windows-amd64

VM Arguments:
jvm_args: --add-opens=java.base/java.util=ALL-UNNAMED --add-opens=java.base/java.lang=ALL-UNNAMED --add-opens=java.base/java.lang.invoke=ALL-UNNAMED --add-opens=java.base/java.util=ALL-UNNAMED --add-opens=java.prefs/java.util.prefs=ALL-UNNAMED --add-opens=java.prefs/java.util.prefs=ALL-UNNAMED --add-opens=java.base/java.nio.charset=ALL-UNNAMED --add-opens=java.base/java.net=ALL-UNNAMED --add-opens=java.base/java.util.concurrent.atomic=ALL-UNNAMED -Xmx2048m -Dfile.encoding=UTF-8 -Duser.country=KR -Duser.language=ko -Duser.variant 
java_command: org.gradle.launcher.daemon.bootstrap.GradleDaemon 7.5
java_class_path (initial): C:\Users\user\.gradle\wrapper\dists\gradle-7.5-bin\f1w0cc9nuo0eivz97x2xlu9sv\gradle-7.5\lib\gradle-launcher-7.5.jar
Launcher Type: SUN_STANDARD

[Global flags]
     intx CICompilerCount                          = 4                                         {product} {ergonomic}
     uint ConcGCThreads                            = 2                                         {product} {ergonomic}
     uint G1ConcRefinementThreads                  = 8                                         {product} {ergonomic}
   size_t G1HeapRegionSize                         = 1048576                                   {product} {ergonomic}
    uintx GCDrainStackTargetSize                   = 64                                        {product} {ergonomic}
   size_t InitialHeapSize                          = 132120576                                 {product} {ergonomic}
   size_t MarkStackSize                            = 4194304                                   {product} {ergonomic}
   size_t MaxHeapSize                              = 2147483648                                {product} {command line}
   size_t MaxNewSize                               = 1287651328                                {product} {ergonomic}
   size_t MinHeapDeltaBytes                        = 1048576                                   {product} {ergonomic}
    uintx NonNMethodCodeHeapSize                   = 5836300                                {pd product} {ergonomic}
    uintx NonProfiledCodeHeapSize                  = 122910970                              {pd product} {ergonomic}
    uintx ProfiledCodeHeapSize                     = 122910970                              {pd product} {ergonomic}
    uintx ReservedCodeCacheSize                    = 251658240                              {pd product} {ergonomic}
     bool SegmentedCodeCache                       = true                                      {product} {ergonomic}
     bool UseCompressedClassPointers               = true                                 {lp64_product} {ergonomic}
     bool UseCompressedOops                        = true                                 {lp64_product} {ergonomic}
     bool UseG1GC                                  = true                                      {product} {ergonomic}
     bool UseLargePagesIndividualAllocation        = false                                  {pd product} {ergonomic}

Logging:
Log output configuration:
 #0: stdout all=warning uptime,level,tags
 #1: stderr all=off uptime,level,tags

Environment Variables:
PATH=C:\Program Files\openssl-0.9.8e_X64\bin;C:\Program Files\Common Files\Oracle\Java\javapath;C:\Windows\system32;C:\Windows;C:\Windows\System32\Wbem;C:\Windows\System32\WindowsPowerShell\v1.0\;C:\Windows\System32\OpenSSH\;C:\Program Files\Git\cmd;C:\Program Files\OpenSSL-Win64\bin;C:\Program Files\Java\jdk-19\bin;C:\Users\user\AppData\Local\Programs\Python\Python39\Scripts\;C:\Users\user\AppData\Local\Programs\Python\Python39\;C:\Users\user\AppData\Local\Microsoft\WindowsApps;
USERNAME=user
OS=Windows_NT
PROCESSOR_IDENTIFIER=Intel64 Family 6 Model 166 Stepping 0, GenuineIntel



---------------  S Y S T E M  ---------------

OS: Windows 10 , 64 bit Build 19041 (10.0.19041.2913)
OS uptime: 0 days 12:52 hours

CPU:total 8 (initial active 8) (4 cores per cpu, 2 threads per core) family 6 model 166 stepping 0 microcode 0xc6, cmov, cx8, fxsr, mmx, sse, sse2, sse3, ssse3, sse4.1, sse4.2, popcnt, avx, avx2, aes, clmul, erms, 3dnowpref, lzcnt, ht, tsc, tscinvbit, bmi1, bmi2, adx, fma

Memory: 4k page, system-wide physical 8006M (162M free)
TotalPageFile size 11950M (AvailPageFile size 1M)
current process WorkingSet (physical memory assigned to process): 198M, peak: 198M
current process commit charge ("private bytes"): 283M, peak: 283M

vm_info: OpenJDK 64-Bit Server VM (11.0.15+0-b2043.56-9505619) for windows-amd64 JRE (11.0.15+0-b2043.56-9505619), built on Jan 19 2023 02:48:00 by "builduser" with unknown MS VC++:1929

END.
