#
# There is insufficient memory for the Java Runtime Environment to continue.
# Native memory allocation (malloc) failed to allocate 716816 bytes for Chunk::new
# Possible reasons:
#   The system is out of physical RAM or swap space
#   The process is running with CompressedOops enabled, and the Java Heap may be blocking the growth of the native heap
# Possible solutions:
#   Reduce memory load on the system
#   Increase physical memory or swap space
#   Check if swap backing store is full
#   Decrease Java heap size (-Xmx/-Xms)
#   Decrease number of Java threads
#   Decrease Java thread stack sizes (-Xss)
#   Set larger code cache with -XX:ReservedCodeCacheSize=
#   JVM is running with Unscaled Compressed Oops mode in which the Java heap is
#     placed in the first 4GB address space. The Java Heap base address is the
#     maximum limit for the native heap growth. Please use -XX:HeapBaseMinAddress
#     to set the Java Heap base and to place the Java Heap above 4GB virtual address.
# This output file may be truncated or incomplete.
#
#  Out of Memory Error (src/hotspot/share/memory/arena.cpp:197), pid=11364, tid=15404
#
# JRE version: OpenJDK Runtime Environment (11.0.15) (build 11.0.15+0-b2043.56-9505619)
# Java VM: OpenJDK 64-Bit Server VM (11.0.15+0-b2043.56-9505619, mixed mode, tiered, compressed oops, g1 gc, windows-amd64)
# No core dump will be written. Minidumps are not enabled by default on client versions of Windows
#

---------------  S U M M A R Y ------------

Command Line: --add-opens=java.base/java.util=ALL-UNNAMED --add-opens=java.base/java.lang=ALL-UNNAMED --add-opens=java.base/java.lang.invoke=ALL-UNNAMED --add-opens=java.base/java.util=ALL-UNNAMED --add-opens=java.prefs/java.util.prefs=ALL-UNNAMED --add-opens=java.prefs/java.util.prefs=ALL-UNNAMED --add-opens=java.base/java.nio.charset=ALL-UNNAMED --add-opens=java.base/java.net=ALL-UNNAMED --add-opens=java.base/java.util.concurrent.atomic=ALL-UNNAMED -Xmx2048m -Dfile.encoding=UTF-8 -Duser.country=KR -Duser.language=ko -Duser.variant org.gradle.launcher.daemon.bootstrap.GradleDaemon 7.5

Host: Intel(R) Core(TM) i5-10210U CPU @ 1.60GHz, 8 cores, 7G,  Windows 10 , 64 bit Build 19041 (10.0.19041.2913)
Time: Thu May 18 13:06:17 2023  Windows 10 , 64 bit Build 19041 (10.0.19041.2913) elapsed time: 105.899620 seconds (0d 0h 1m 45s)

---------------  T H R E A D  ---------------

Current thread (0x000001f87f7fe800):  JavaThread "C2 CompilerThread0" daemon [_thread_in_native, id=15404, stack(0x000000b72e400000,0x000000b72e500000)]


Current CompileTask:
C2: 105900 17102       4       sun.security.util.AbstractAlgorithmConstraints::checkAlgorithm (87 bytes)

Stack: [0x000000b72e400000,0x000000b72e500000]
Native frames: (J=compiled Java code, j=interpreted, Vv=VM code, C=native code)
V  [jvm.dll+0x64135a]
V  [jvm.dll+0x7d39f9]
V  [jvm.dll+0x7d51b9]
V  [jvm.dll+0x7d58a3]
V  [jvm.dll+0x2691c5]
V  [jvm.dll+0xc1a5c]
V  [jvm.dll+0xc200c]
V  [jvm.dll+0x3774a7]
V  [jvm.dll+0x342495]
V  [jvm.dll+0x34186a]
V  [jvm.dll+0x2214bd]
V  [jvm.dll+0x220498]
V  [jvm.dll+0x19e851]
V  [jvm.dll+0x230479]
V  [jvm.dll+0x22e5ef]
V  [jvm.dll+0x794de1]
V  [jvm.dll+0x78dc24]
V  [jvm.dll+0x6400f6]
C  [ucrtbase.dll+0x21bb2]
C  [KERNEL32.DLL+0x17614]
C  [ntdll.dll+0x526a1]


---------------  P R O C E S S  ---------------

Threads class SMR info:
_java_thread_list=0x000001f80925d820, length=142, elements={
0x000001f86b323800, 0x000001f87f7d5800, 0x000001f87f7df800, 0x000001f87f7f7800,
0x000001f87f7f8800, 0x000001f87f7fa000, 0x000001f87f7fe800, 0x000001f87f803800,
0x000001f87f807800, 0x000001f87fa57000, 0x000001f8084cc000, 0x000001f806f49800,
0x000001f807a60000, 0x000001f80821c000, 0x000001f80821c800, 0x000001f80850d800,
0x000001f8083d2000, 0x000001f8086b3000, 0x000001f8084ee800, 0x000001f8084ef800,
0x000001f8084f0800, 0x000001f8084f1000, 0x000001f8084f2000, 0x000001f8084f3000,
0x000001f8084ed000, 0x000001f8084f3800, 0x000001f8084ee000, 0x000001f808996000,
0x000001f808997800, 0x000001f808998000, 0x000001f808995000, 0x000001f808999000,
0x000001f80899c800, 0x000001f80899a800, 0x000001f808996800, 0x000001f80899e000,
0x000001f8089a0800, 0x000001f8089a1000, 0x000001f80899f800, 0x000001f80899d000,
0x000001f8089a3000, 0x000001f8089a2000, 0x000001f80899f000, 0x000001f8092c3800,
0x000001f8092c1000, 0x000001f8092c0000, 0x000001f8092c2000, 0x000001f8092c4800,
0x000001f8092c5000, 0x000001f8092c6000, 0x000001f8092c2800, 0x000001f8092cc800,
0x000001f8092cb000, 0x000001f8092c7800, 0x000001f8092c9000, 0x000001f8092cb800,
0x000001f8092c6800, 0x000001f8092cd800, 0x000001f8092c8800, 0x000001f8092ca000,
0x000001f8092ce000, 0x000001f8092cf000, 0x000001f808e33000, 0x000001f808e35800,
0x000001f808e38000, 0x000001f808e36000, 0x000001f808e32000, 0x000001f808e37000,
0x000001f808e38800, 0x000001f808e33800, 0x000001f808e39800, 0x000001f808e3a000,
0x000001f808e34800, 0x000001f808e40000, 0x000001f808e3b000, 0x000001f808e3c800,
0x000001f808e3d800, 0x000001f808e3e800, 0x000001f808e3c000, 0x000001f808e3f000,
0x000001f808e41000, 0x000001f807dd2000, 0x000001f807dd4800, 0x000001f807dd3000,
0x000001f807dd3800, 0x000001f807dd5000, 0x000001f807dd6000, 0x000001f807dd7000,
0x000001f807dd1000, 0x000001f807dd7800, 0x000001f807dd8800, 0x000001f807dd9800,
0x000001f807de0000, 0x000001f807dde000, 0x000001f807dda000, 0x000001f807ddf000,
0x000001f807ddc000, 0x000001f807ddd800, 0x000001f807ddc800, 0x000001f807ddb000,
0x000001f80927e000, 0x000001f809278000, 0x000001f80927b800, 0x000001f809279000,
0x000001f80927a000, 0x000001f809280800, 0x000001f80927a800, 0x000001f80927c800,
0x000001f809281000, 0x000001f809282000, 0x000001f809283000, 0x000001f80927d000,
0x000001f809283800, 0x000001f809284800, 0x000001f80927f000, 0x000001f80927f800,
0x000001f809285800, 0x000001f809286000, 0x000001f809287000, 0x000001f80a035000,
0x000001f80a038000, 0x000001f80a033000, 0x000001f80a036800, 0x000001f80a037000,
0x000001f80a034000, 0x000001f80a032800, 0x000001f80a03e000, 0x000001f80a03c000,
0x000001f80a039000, 0x000001f80a03d000, 0x000001f80a03f800, 0x000001f80a03b800,
0x000001f80a03e800, 0x000001f80a040000, 0x000001f80a03a800, 0x000001f80a041000,
0x000001f80ef36000, 0x000001f80ef33800, 0x000001f80ef38800, 0x000001f80ef35800,
0x000001f80ef37000, 0x000001f80ef3a000
}

Java Threads: ( => current thread )
  0x000001f86b323800 JavaThread "main" [_thread_blocked, id=13772, stack(0x000000b72d800000,0x000000b72d900000)]
  0x000001f87f7d5800 JavaThread "Reference Handler" daemon [_thread_blocked, id=2136, stack(0x000000b72df00000,0x000000b72e000000)]
  0x000001f87f7df800 JavaThread "Finalizer" daemon [_thread_blocked, id=8264, stack(0x000000b72e000000,0x000000b72e100000)]
  0x000001f87f7f7800 JavaThread "Signal Dispatcher" daemon [_thread_blocked, id=14192, stack(0x000000b72e100000,0x000000b72e200000)]
  0x000001f87f7f8800 JavaThread "Attach Listener" daemon [_thread_blocked, id=9452, stack(0x000000b72e200000,0x000000b72e300000)]
  0x000001f87f7fa000 JavaThread "Service Thread" daemon [_thread_blocked, id=5500, stack(0x000000b72e300000,0x000000b72e400000)]
=>0x000001f87f7fe800 JavaThread "C2 CompilerThread0" daemon [_thread_in_native, id=15404, stack(0x000000b72e400000,0x000000b72e500000)]
  0x000001f87f803800 JavaThread "C1 CompilerThread0" daemon [_thread_blocked, id=1800, stack(0x000000b72e500000,0x000000b72e600000)]
  0x000001f87f807800 JavaThread "Sweeper thread" daemon [_thread_blocked, id=16032, stack(0x000000b72e600000,0x000000b72e700000)]
  0x000001f87fa57000 JavaThread "Common-Cleaner" daemon [_thread_blocked, id=13152, stack(0x000000b72e700000,0x000000b72e800000)]
  0x000001f8084cc000 JavaThread "Daemon health stats" [_thread_blocked, id=14732, stack(0x000000b72ec00000,0x000000b72ed00000)]
  0x000001f806f49800 JavaThread "Incoming local TCP Connector on port 56732" [_thread_in_native, id=2920, stack(0x000000b72e900000,0x000000b72ea00000)]
  0x000001f807a60000 JavaThread "Daemon periodic checks" [_thread_blocked, id=8184, stack(0x000000b72ed00000,0x000000b72ee00000)]
  0x000001f80821c000 JavaThread "Daemon" [_thread_blocked, id=11788, stack(0x000000b72ee00000,0x000000b72ef00000)]
  0x000001f80821c800 JavaThread "Handler for socket connection from /127.0.0.1:56732 to /127.0.0.1:56733" [_thread_in_native, id=316, stack(0x000000b72ef00000,0x000000b72f000000)]
  0x000001f80850d800 JavaThread "Cancel handler" [_thread_blocked, id=8608, stack(0x000000b72f000000,0x000000b72f100000)]
  0x000001f8083d2000 JavaThread "Daemon worker" [_thread_blocked, id=13332, stack(0x000000b72f100000,0x000000b72f200000)]
  0x000001f8086b3000 JavaThread "Asynchronous log dispatcher for DefaultDaemonConnection: socket connection from /127.0.0.1:56732 to /127.0.0.1:56733" [_thread_blocked, id=7460, stack(0x000000b72f200000,0x000000b72f300000)]
  0x000001f8084ee800 JavaThread "Daemon client event forwarder" [_thread_blocked, id=16256, stack(0x000000b72f400000,0x000000b72f500000)]
  0x000001f8084ef800 JavaThread "Cache worker for journal cache (C:\Users\user\.gradle\caches\journal-1)" [_thread_blocked, id=12500, stack(0x000000b72fa00000,0x000000b72fb00000)]
  0x000001f8084f0800 JavaThread "File lock request listener" [_thread_in_native, id=7392, stack(0x000000b72fb00000,0x000000b72fc00000)]
  0x000001f8084f1000 JavaThread "Cache worker for file hash cache (C:\Users\user\.gradle\caches\7.5\fileHashes)" [_thread_blocked, id=12284, stack(0x000000b72fd00000,0x000000b72fe00000)]
  0x000001f8084f2000 JavaThread "File watcher server" daemon [_thread_in_native, id=16260, stack(0x000000b72fe00000,0x000000b72ff00000)]
  0x000001f8084f3000 JavaThread "File watcher consumer" daemon [_thread_blocked, id=7396, stack(0x000000b72ff00000,0x000000b730000000)]
  0x000001f8084ed000 JavaThread "Cache worker for checksums cache (C:\Users\user\Desktop\Android\WorkbookChap8\.gradle\7.5\checksums)" [_thread_blocked, id=13688, stack(0x000000b730000000,0x000000b730100000)]
  0x000001f8084f3800 JavaThread "Cache worker for cache directory md-rule (C:\Users\user\.gradle\caches\7.5\md-rule)" [_thread_blocked, id=6096, stack(0x000000b730100000,0x000000b730200000)]
  0x000001f8084ee000 JavaThread "Cache worker for file content cache (C:\Users\user\.gradle\caches\7.5\fileContent)" [_thread_blocked, id=4824, stack(0x000000b730200000,0x000000b730300000)]
  0x000001f808996000 JavaThread "Cache worker for file hash cache (C:\Users\user\Desktop\Android\WorkbookChap8\.gradle\7.5\fileHashes)" [_thread_blocked, id=4428, stack(0x000000b730300000,0x000000b730400000)]
  0x000001f808997800 JavaThread "Cache worker for cache directory md-supplier (C:\Users\user\.gradle\caches\7.5\md-supplier)" [_thread_blocked, id=2036, stack(0x000000b730400000,0x000000b730500000)]
  0x000001f808998000 JavaThread "Cache worker for execution history cache (C:\Users\user\.gradle\caches\7.5\executionHistory)" [_thread_blocked, id=3420, stack(0x000000b730500000,0x000000b730600000)]
  0x000001f808995000 JavaThread "jar transforms" [_thread_blocked, id=3960, stack(0x000000b730600000,0x000000b730700000)]
  0x000001f808999000 JavaThread "jar transforms Thread 2" [_thread_blocked, id=816, stack(0x000000b730700000,0x000000b730800000)]
  0x000001f80899c800 JavaThread "jar transforms Thread 3" [_thread_blocked, id=16340, stack(0x000000b730800000,0x000000b730900000)]
  0x000001f80899a800 JavaThread "jar transforms Thread 4" [_thread_blocked, id=3152, stack(0x000000b730900000,0x000000b730a00000)]
  0x000001f808996800 JavaThread "Cache worker for dependencies-accessors (C:\Users\user\Desktop\Android\WorkbookChap8\.gradle\7.5\dependencies-accessors)" [_thread_blocked, id=14924, stack(0x000000b730a00000,0x000000b730b00000)]
  0x000001f80899e000 JavaThread "jar transforms Thread 5" [_thread_blocked, id=9400, stack(0x000000b730b00000,0x000000b730c00000)]
  0x000001f8089a0800 JavaThread "Cache worker for Build Output Cleanup Cache (C:\Users\user\Desktop\Android\WorkbookChap8\.gradle\buildOutputCleanup)" [_thread_blocked, id=8048, stack(0x000000b730c00000,0x000000b730d00000)]
  0x000001f8089a1000 JavaThread "Unconstrained build operations" [_thread_blocked, id=7032, stack(0x000000b730e00000,0x000000b730f00000)]
  0x000001f80899f800 JavaThread "Unconstrained build operations Thread 2" [_thread_blocked, id=12956, stack(0x000000b730f00000,0x000000b731000000)]
  0x000001f80899d000 JavaThread "Unconstrained build operations Thread 3" [_thread_blocked, id=11056, stack(0x000000b731000000,0x000000b731100000)]
  0x000001f8089a3000 JavaThread "Unconstrained build operations Thread 4" [_thread_blocked, id=7836, stack(0x000000b731100000,0x000000b731200000)]
  0x000001f8089a2000 JavaThread "Unconstrained build operations Thread 5" [_thread_in_native, id=14656, stack(0x000000b731200000,0x000000b731300000)]
  0x000001f80899f000 JavaThread "Unconstrained build operations Thread 6" [_thread_blocked, id=11408, stack(0x000000b731300000,0x000000b731400000)]
  0x000001f8092c3800 JavaThread "Unconstrained build operations Thread 7" [_thread_blocked, id=1696, stack(0x000000b731400000,0x000000b731500000)]
  0x000001f8092c1000 JavaThread "Unconstrained build operations Thread 8" [_thread_blocked, id=15272, stack(0x000000b731500000,0x000000b731600000)]
  0x000001f8092c0000 JavaThread "Unconstrained build operations Thread 9" [_thread_in_native, id=15588, stack(0x000000b731600000,0x000000b731700000)]
  0x000001f8092c2000 JavaThread "Unconstrained build operations Thread 10" [_thread_blocked, id=15292, stack(0x000000b731700000,0x000000b731800000)]
  0x000001f8092c4800 JavaThread "Unconstrained build operations Thread 11" [_thread_blocked, id=8032, stack(0x000000b731800000,0x000000b731900000)]
  0x000001f8092c5000 JavaThread "Unconstrained build operations Thread 12" [_thread_blocked, id=14000, stack(0x000000b731900000,0x000000b731a00000)]
  0x000001f8092c6000 JavaThread "Unconstrained build operations Thread 13" [_thread_blocked, id=12700, stack(0x000000b731a00000,0x000000b731b00000)]
  0x000001f8092c2800 JavaThread "Unconstrained build operations Thread 14" [_thread_blocked, id=13840, stack(0x000000b731b00000,0x000000b731c00000)]
  0x000001f8092cc800 JavaThread "Unconstrained build operations Thread 15" [_thread_blocked, id=14708, stack(0x000000b731c00000,0x000000b731d00000)]
  0x000001f8092cb000 JavaThread "Unconstrained build operations Thread 16" [_thread_blocked, id=13348, stack(0x000000b731d00000,0x000000b731e00000)]
  0x000001f8092c7800 JavaThread "Unconstrained build operations Thread 17" [_thread_blocked, id=11544, stack(0x000000b731e00000,0x000000b731f00000)]
  0x000001f8092c9000 JavaThread "Unconstrained build operations Thread 18" [_thread_blocked, id=3456, stack(0x000000b731f00000,0x000000b732000000)]
  0x000001f8092cb800 JavaThread "Unconstrained build operations Thread 19" [_thread_blocked, id=12752, stack(0x000000b732000000,0x000000b732100000)]
  0x000001f8092c6800 JavaThread "Unconstrained build operations Thread 20" [_thread_blocked, id=9328, stack(0x000000b732100000,0x000000b732200000)]
  0x000001f8092cd800 JavaThread "Unconstrained build operations Thread 21" [_thread_blocked, id=11052, stack(0x000000b732200000,0x000000b732300000)]
  0x000001f8092c8800 JavaThread "Unconstrained build operations Thread 22" [_thread_blocked, id=4280, stack(0x000000b732300000,0x000000b732400000)]
  0x000001f8092ca000 JavaThread "Unconstrained build operations Thread 23" [_thread_blocked, id=13004, stack(0x000000b732400000,0x000000b732500000)]
  0x000001f8092ce000 JavaThread "Unconstrained build operations Thread 24" [_thread_blocked, id=604, stack(0x000000b732500000,0x000000b732600000)]
  0x000001f8092cf000 JavaThread "Unconstrained build operations Thread 25" [_thread_blocked, id=14276, stack(0x000000b732600000,0x000000b732700000)]
  0x000001f808e33000 JavaThread "Unconstrained build operations Thread 26" [_thread_blocked, id=2052, stack(0x000000b732700000,0x000000b732800000)]
  0x000001f808e35800 JavaThread "Unconstrained build operations Thread 27" [_thread_blocked, id=14476, stack(0x000000b732800000,0x000000b732900000)]
  0x000001f808e38000 JavaThread "Unconstrained build operations Thread 28" [_thread_blocked, id=1912, stack(0x000000b732900000,0x000000b732a00000)]
  0x000001f808e36000 JavaThread "Unconstrained build operations Thread 29" [_thread_blocked, id=2888, stack(0x000000b732a00000,0x000000b732b00000)]
  0x000001f808e32000 JavaThread "Unconstrained build operations Thread 30" [_thread_blocked, id=2080, stack(0x000000b732b00000,0x000000b732c00000)]
  0x000001f808e37000 JavaThread "Unconstrained build operations Thread 31" [_thread_blocked, id=5612, stack(0x000000b732c00000,0x000000b732d00000)]
  0x000001f808e38800 JavaThread "Unconstrained build operations Thread 32" [_thread_blocked, id=12896, stack(0x000000b732d00000,0x000000b732e00000)]
  0x000001f808e33800 JavaThread "Unconstrained build operations Thread 33" [_thread_blocked, id=8560, stack(0x000000b732e00000,0x000000b732f00000)]
  0x000001f808e39800 JavaThread "Unconstrained build operations Thread 34" [_thread_blocked, id=8852, stack(0x000000b732f00000,0x000000b733000000)]
  0x000001f808e3a000 JavaThread "Unconstrained build operations Thread 35" [_thread_blocked, id=5040, stack(0x000000b733000000,0x000000b733100000)]
  0x000001f808e34800 JavaThread "Unconstrained build operations Thread 36" [_thread_in_native, id=3976, stack(0x000000b733100000,0x000000b733200000)]
  0x000001f808e40000 JavaThread "Unconstrained build operations Thread 37" [_thread_blocked, id=7824, stack(0x000000b733200000,0x000000b733300000)]
  0x000001f808e3b000 JavaThread "Unconstrained build operations Thread 38" [_thread_in_native, id=15764, stack(0x000000b733300000,0x000000b733400000)]
  0x000001f808e3c800 JavaThread "Unconstrained build operations Thread 39" [_thread_blocked, id=7024, stack(0x000000b733400000,0x000000b733500000)]
  0x000001f808e3d800 JavaThread "Unconstrained build operations Thread 40" [_thread_blocked, id=7544, stack(0x000000b733500000,0x000000b733600000)]
  0x000001f808e3e800 JavaThread "Unconstrained build operations Thread 41" [_thread_blocked, id=280, stack(0x000000b733600000,0x000000b733700000)]
  0x000001f808e3c000 JavaThread "Unconstrained build operations Thread 42" [_thread_blocked, id=13740, stack(0x000000b733700000,0x000000b733800000)]
  0x000001f808e3f000 JavaThread "Unconstrained build operations Thread 43" [_thread_blocked, id=3020, stack(0x000000b733800000,0x000000b733900000)]
  0x000001f808e41000 JavaThread "Unconstrained build operations Thread 44" [_thread_blocked, id=1108, stack(0x000000b733900000,0x000000b733a00000)]
  0x000001f807dd2000 JavaThread "Unconstrained build operations Thread 45" [_thread_blocked, id=5068, stack(0x000000b733a00000,0x000000b733b00000)]
  0x000001f807dd4800 JavaThread "Unconstrained build operations Thread 46" [_thread_blocked, id=4072, stack(0x000000b733b00000,0x000000b733c00000)]
  0x000001f807dd3000 JavaThread "Unconstrained build operations Thread 47" [_thread_blocked, id=15552, stack(0x000000b733c00000,0x000000b733d00000)]
  0x000001f807dd3800 JavaThread "Unconstrained build operations Thread 48" [_thread_in_native, id=13056, stack(0x000000b733d00000,0x000000b733e00000)]
  0x000001f807dd5000 JavaThread "Unconstrained build operations Thread 49" [_thread_blocked, id=13104, stack(0x000000b733e00000,0x000000b733f00000)]
  0x000001f807dd6000 JavaThread "Unconstrained build operations Thread 50" [_thread_in_native, id=11576, stack(0x000000b733f00000,0x000000b734000000)]
  0x000001f807dd7000 JavaThread "Unconstrained build operations Thread 51" [_thread_blocked, id=13052, stack(0x000000b734000000,0x000000b734100000)]
  0x000001f807dd1000 JavaThread "Unconstrained build operations Thread 52" [_thread_blocked, id=860, stack(0x000000b734100000,0x000000b734200000)]
  0x000001f807dd7800 JavaThread "Unconstrained build operations Thread 53" [_thread_in_native, id=1564, stack(0x000000b734200000,0x000000b734300000)]
  0x000001f807dd8800 JavaThread "Unconstrained build operations Thread 54" [_thread_blocked, id=2180, stack(0x000000b734300000,0x000000b734400000)]
  0x000001f807dd9800 JavaThread "Unconstrained build operations Thread 55" [_thread_blocked, id=3776, stack(0x000000b734400000,0x000000b734500000)]
  0x000001f807de0000 JavaThread "Unconstrained build operations Thread 56" [_thread_blocked, id=12856, stack(0x000000b734500000,0x000000b734600000)]
  0x000001f807dde000 JavaThread "Unconstrained build operations Thread 57" [_thread_blocked, id=12720, stack(0x000000b734600000,0x000000b734700000)]
  0x000001f807dda000 JavaThread "Unconstrained build operations Thread 58" [_thread_blocked, id=13908, stack(0x000000b734700000,0x000000b734800000)]
  0x000001f807ddf000 JavaThread "Unconstrained build operations Thread 59" [_thread_blocked, id=15044, stack(0x000000b734800000,0x000000b734900000)]
  0x000001f807ddc000 JavaThread "Unconstrained build operations Thread 60" [_thread_blocked, id=5512, stack(0x000000b734900000,0x000000b734a00000)]
  0x000001f807ddd800 JavaThread "Unconstrained build operations Thread 61" [_thread_blocked, id=1152, stack(0x000000b734a00000,0x000000b734b00000)]
  0x000001f807ddc800 JavaThread "Unconstrained build operations Thread 62" [_thread_blocked, id=7140, stack(0x000000b734b00000,0x000000b734c00000)]
  0x000001f807ddb000 JavaThread "Unconstrained build operations Thread 63" [_thread_blocked, id=2616, stack(0x000000b734c00000,0x000000b734d00000)]
  0x000001f80927e000 JavaThread "Unconstrained build operations Thread 64" [_thread_blocked, id=10276, stack(0x000000b734d00000,0x000000b734e00000)]
  0x000001f809278000 JavaThread "Unconstrained build operations Thread 65" [_thread_blocked, id=9340, stack(0x000000b734e00000,0x000000b734f00000)]
  0x000001f80927b800 JavaThread "Unconstrained build operations Thread 66" [_thread_blocked, id=288, stack(0x000000b734f00000,0x000000b735000000)]
  0x000001f809279000 JavaThread "Unconstrained build operations Thread 67" [_thread_blocked, id=3428, stack(0x000000b735000000,0x000000b735100000)]
  0x000001f80927a000 JavaThread "Unconstrained build operations Thread 68" [_thread_blocked, id=6112, stack(0x000000b735100000,0x000000b735200000)]
  0x000001f809280800 JavaThread "Unconstrained build operations Thread 69" [_thread_blocked, id=9440, stack(0x000000b735200000,0x000000b735300000)]
  0x000001f80927a800 JavaThread "Unconstrained build operations Thread 70" [_thread_blocked, id=15168, stack(0x000000b735300000,0x000000b735400000)]
  0x000001f80927c800 JavaThread "Unconstrained build operations Thread 71" [_thread_blocked, id=8024, stack(0x000000b735400000,0x000000b735500000)]
  0x000001f809281000 JavaThread "Unconstrained build operations Thread 72" [_thread_blocked, id=1972, stack(0x000000b735500000,0x000000b735600000)]
  0x000001f809282000 JavaThread "Unconstrained build operations Thread 73" [_thread_blocked, id=12992, stack(0x000000b735600000,0x000000b735700000)]
  0x000001f809283000 JavaThread "Unconstrained build operations Thread 74" [_thread_blocked, id=4384, stack(0x000000b735700000,0x000000b735800000)]
  0x000001f80927d000 JavaThread "Unconstrained build operations Thread 75" [_thread_blocked, id=14368, stack(0x000000b735800000,0x000000b735900000)]
  0x000001f809283800 JavaThread "Unconstrained build operations Thread 76" [_thread_blocked, id=15132, stack(0x000000b735900000,0x000000b735a00000)]
  0x000001f809284800 JavaThread "Unconstrained build operations Thread 77" [_thread_blocked, id=16072, stack(0x000000b735a00000,0x000000b735b00000)]
  0x000001f80927f000 JavaThread "Unconstrained build operations Thread 78" [_thread_blocked, id=12452, stack(0x000000b735b00000,0x000000b735c00000)]
  0x000001f80927f800 JavaThread "Unconstrained build operations Thread 79" [_thread_blocked, id=14068, stack(0x000000b735c00000,0x000000b735d00000)]
  0x000001f809285800 JavaThread "Unconstrained build operations Thread 80" [_thread_blocked, id=248, stack(0x000000b735d00000,0x000000b735e00000)]
  0x000001f809286000 JavaThread "jar transforms Thread 6" [_thread_blocked, id=14940, stack(0x000000b735e00000,0x000000b735f00000)]
  0x000001f809287000 JavaThread "jar transforms Thread 7" [_thread_blocked, id=15264, stack(0x000000b735f00000,0x000000b736000000)]
  0x000001f80a035000 JavaThread "jar transforms Thread 8" [_thread_blocked, id=9084, stack(0x000000b736000000,0x000000b736100000)]
  0x000001f80a038000 JavaThread "build event listener" [_thread_blocked, id=12936, stack(0x000000b736200000,0x000000b736300000)]
  0x000001f80a033000 JavaThread "Memory manager" [_thread_blocked, id=15956, stack(0x000000b736300000,0x000000b736400000)]
  0x000001f80a036800 JavaThread "pool-3-thread-1" [_thread_blocked, id=2236, stack(0x000000b736500000,0x000000b736600000)]
  0x000001f80a037000 JavaThread "build event listener" [_thread_blocked, id=15232, stack(0x000000b736600000,0x000000b736700000)]
  0x000001f80a034000 JavaThread "included builds" [_thread_blocked, id=8716, stack(0x000000b736700000,0x000000b736800000)]
  0x000001f80a032800 JavaThread "Execution worker" [_thread_blocked, id=8800, stack(0x000000b736800000,0x000000b736900000)]
  0x000001f80a03e000 JavaThread "Execution worker Thread 2" [_thread_blocked, id=9300, stack(0x000000b736900000,0x000000b736a00000)]
  0x000001f80a03c000 JavaThread "Execution worker Thread 3" [_thread_blocked, id=15440, stack(0x000000b736a00000,0x000000b736b00000)]
  0x000001f80a039000 JavaThread "Execution worker Thread 4" [_thread_blocked, id=15892, stack(0x000000b736b00000,0x000000b736c00000)]
  0x000001f80a03d000 JavaThread "Execution worker Thread 5" [_thread_in_native, id=7180, stack(0x000000b736c00000,0x000000b736d00000)]
  0x000001f80a03f800 JavaThread "Execution worker Thread 6" [_thread_blocked, id=252, stack(0x000000b736d00000,0x000000b736e00000)]
  0x000001f80a03b800 JavaThread "Execution worker Thread 7" [_thread_blocked, id=1740, stack(0x000000b736e00000,0x000000b736f00000)]
  0x000001f80a03e800 JavaThread "Cache worker for execution history cache (C:\Users\user\Desktop\Android\WorkbookChap8\.gradle\7.5\executionHistory)" [_thread_blocked, id=13088, stack(0x000000b736f00000,0x000000b737000000)]
  0x000001f80a040000 JavaThread "WorkerExecutor Queue" [_thread_blocked, id=15724, stack(0x000000b737000000,0x000000b737100000)]
  0x000001f80a03a800 JavaThread "WorkerExecutor Queue Thread 2" [_thread_blocked, id=12020, stack(0x000000b737100000,0x000000b737200000)]
  0x000001f80a041000 JavaThread "WorkerExecutor Queue Thread 3" [_thread_blocked, id=1136, stack(0x000000b737200000,0x000000b737300000)]
  0x000001f80ef36000 JavaThread "WorkerExecutor Queue Thread 4" [_thread_blocked, id=13500, stack(0x000000b737300000,0x000000b737400000)]
  0x000001f80ef33800 JavaThread "WorkerExecutor Queue Thread 5" [_thread_blocked, id=9092, stack(0x000000b737400000,0x000000b737500000)]
  0x000001f80ef38800 JavaThread "WorkerExecutor Queue Thread 6" [_thread_blocked, id=13612, stack(0x000000b737500000,0x000000b737600000)]
  0x000001f80ef35800 JavaThread "WorkerExecutor Queue Thread 7" [_thread_blocked, id=8680, stack(0x000000b737600000,0x000000b737700000)]
  0x000001f80ef37000 JavaThread "WorkerExecutor Queue Thread 8" [_thread_blocked, id=15348, stack(0x000000b737700000,0x000000b737800000)]
  0x000001f80ef3a000 JavaThread "Java2D Disposer" daemon [_thread_blocked, id=10656, stack(0x000000b737800000,0x000000b737900000)]

Other Threads:
  0x000001f87f7d1000 VMThread "VM Thread" [stack: 0x000000b72de00000,0x000000b72df00000] [id=7224]
  0x000001f87fa6d000 WatcherThread [stack: 0x000000b72e800000,0x000000b72e900000] [id=9748]
  0x000001f86b33b000 GCTaskThread "GC Thread#0" [stack: 0x000000b72d900000,0x000000b72da00000] [id=1168]
  0x000001f806e2a000 GCTaskThread "GC Thread#1" [stack: 0x000000b72ea00000,0x000000b72eb00000] [id=536]
  0x000001f80705b000 GCTaskThread "GC Thread#2" [stack: 0x000000b72eb00000,0x000000b72ec00000] [id=15972]
  0x000001f807503000 GCTaskThread "GC Thread#3" [stack: 0x000000b72f500000,0x000000b72f600000] [id=15768]
  0x000001f80853f800 GCTaskThread "GC Thread#4" [stack: 0x000000b72f600000,0x000000b72f700000] [id=14580]
  0x000001f8084a9000 GCTaskThread "GC Thread#5" [stack: 0x000000b72f700000,0x000000b72f800000] [id=6440]
  0x000001f808c87800 GCTaskThread "GC Thread#6" [stack: 0x000000b72f800000,0x000000b72f900000] [id=976]
  0x000001f808724000 GCTaskThread "GC Thread#7" [stack: 0x000000b72f900000,0x000000b72fa00000] [id=5160]
  0x000001f86b36f000 ConcurrentGCThread "G1 Main Marker" [stack: 0x000000b72da00000,0x000000b72db00000] [id=2836]
  0x000001f86b371800 ConcurrentGCThread "G1 Conc#0" [stack: 0x000000b72db00000,0x000000b72dc00000] [id=452]
  0x000001f808c82800 ConcurrentGCThread "G1 Conc#1" [stack: 0x000000b72fc00000,0x000000b72fd00000] [id=10520]
  0x000001f86b3fd800 ConcurrentGCThread "G1 Refine#0" [stack: 0x000000b72dc00000,0x000000b72dd00000] [id=4800]
  0x000001f86b3fe800 ConcurrentGCThread "G1 Young RemSet Sampling" [stack: 0x000000b72dd00000,0x000000b72de00000] [id=3108]

Threads with active compile tasks:
C2 CompilerThread0   108517 17102       4       sun.security.util.AbstractAlgorithmConstraints::checkAlgorithm (87 bytes)

VM state:not at safepoint (normal execution)

VM Mutex/Monitor currently owned by a thread: None

Heap address: 0x0000000080000000, size: 2048 MB, Compressed Oops mode: 32-bit
Narrow klass base: 0x0000000000000000, Narrow klass shift: 3
Compressed class space size: 1073741824 Address: 0x0000000100000000

Heap:
 garbage-first heap   total 253952K, used 172255K [0x0000000080000000, 0x0000000100000000)
  region size 1024K, 56 young (57344K), 5 survivors (5120K)
 Metaspace       used 124876K, capacity 127866K, committed 128028K, reserved 1161216K
  class space    used 15591K, capacity 16684K, committed 16792K, reserved 1048576K
Heap Regions: E=young(eden), S=young(survivor), O=old, HS=humongous(starts), HC=humongous(continues), CS=collection set, F=free, A=archive, TAMS=top-at-mark-start (previous, next)
|   0|0x0000000080000000, 0x0000000080100000, 0x0000000080100000|100%| O|  |TAMS 0x0000000080100000, 0x0000000080000000| Untracked 
|   1|0x0000000080100000, 0x0000000080200000, 0x0000000080200000|100%| O|  |TAMS 0x0000000080200000, 0x0000000080100000| Untracked 
|   2|0x0000000080200000, 0x0000000080300000, 0x0000000080300000|100%| O|  |TAMS 0x0000000080300000, 0x0000000080200000| Untracked 
|   3|0x0000000080300000, 0x0000000080400000, 0x0000000080400000|100%|HS|  |TAMS 0x0000000080400000, 0x0000000080300000| Complete 
|   4|0x0000000080400000, 0x0000000080500000, 0x0000000080500000|100%|HC|  |TAMS 0x0000000080500000, 0x0000000080400000| Complete 
|   5|0x0000000080500000, 0x0000000080600000, 0x0000000080600000|100%|HC|  |TAMS 0x0000000080600000, 0x0000000080500000| Complete 
|   6|0x0000000080600000, 0x0000000080700000, 0x0000000080700000|100%| O|  |TAMS 0x0000000080700000, 0x0000000080600000| Untracked 
|   7|0x0000000080700000, 0x0000000080800000, 0x0000000080800000|100%| O|  |TAMS 0x0000000080800000, 0x0000000080700000| Complete 
|   8|0x0000000080800000, 0x0000000080900000, 0x0000000080900000|100%| O|  |TAMS 0x0000000080900000, 0x0000000080800000| Untracked 
|   9|0x0000000080900000, 0x0000000080a00000, 0x0000000080a00000|100%| O|  |TAMS 0x0000000080a00000, 0x0000000080900000| Complete 
|  10|0x0000000080a00000, 0x0000000080b00000, 0x0000000080b00000|100%| O|  |TAMS 0x0000000080b00000, 0x0000000080a00000| Untracked 
|  11|0x0000000080b00000, 0x0000000080c00000, 0x0000000080c00000|100%| O|  |TAMS 0x0000000080c00000, 0x0000000080b00000| Untracked 
|  12|0x0000000080c00000, 0x0000000080d00000, 0x0000000080d00000|100%| O|  |TAMS 0x0000000080d00000, 0x0000000080c00000| Untracked 
|  13|0x0000000080d00000, 0x0000000080e00000, 0x0000000080e00000|100%| O|  |TAMS 0x0000000080e00000, 0x0000000080d00000| Untracked 
|  14|0x0000000080e00000, 0x0000000080f00000, 0x0000000080f00000|100%| O|  |TAMS 0x0000000080f00000, 0x0000000080e00000| Untracked 
|  15|0x0000000080f00000, 0x0000000081000000, 0x0000000081000000|100%| O|  |TAMS 0x0000000081000000, 0x0000000080f00000| Complete 
|  16|0x0000000081000000, 0x0000000081100000, 0x0000000081100000|100%| O|  |TAMS 0x0000000081100000, 0x0000000081000000| Untracked 
|  17|0x0000000081100000, 0x0000000081200000, 0x0000000081200000|100%| O|  |TAMS 0x0000000081200000, 0x0000000081100000| Untracked 
|  18|0x0000000081200000, 0x0000000081300000, 0x0000000081300000|100%| O|  |TAMS 0x0000000081300000, 0x0000000081200000| Untracked 
|  19|0x0000000081300000, 0x0000000081400000, 0x0000000081400000|100%| O|  |TAMS 0x0000000081400000, 0x0000000081300000| Untracked 
|  20|0x0000000081400000, 0x0000000081500000, 0x0000000081500000|100%| O|  |TAMS 0x0000000081500000, 0x0000000081400000| Untracked 
|  21|0x0000000081500000, 0x0000000081600000, 0x0000000081600000|100%| O|  |TAMS 0x0000000081600000, 0x0000000081500000| Untracked 
|  22|0x0000000081600000, 0x0000000081700000, 0x0000000081700000|100%| O|  |TAMS 0x0000000081700000, 0x0000000081600000| Untracked 
|  23|0x0000000081700000, 0x0000000081800000, 0x0000000081800000|100%| O|  |TAMS 0x0000000081800000, 0x0000000081700000| Untracked 
|  24|0x0000000081800000, 0x0000000081900000, 0x0000000081900000|100%| O|  |TAMS 0x0000000081900000, 0x0000000081800000| Untracked 
|  25|0x0000000081900000, 0x0000000081a00000, 0x0000000081a00000|100%| O|  |TAMS 0x0000000081a00000, 0x0000000081900000| Untracked 
|  26|0x0000000081a00000, 0x0000000081b00000, 0x0000000081b00000|100%| O|  |TAMS 0x0000000081b00000, 0x0000000081a00000| Untracked 
|  27|0x0000000081b00000, 0x0000000081c00000, 0x0000000081c00000|100%| O|  |TAMS 0x0000000081c00000, 0x0000000081b00000| Untracked 
|  28|0x0000000081c00000, 0x0000000081d00000, 0x0000000081d00000|100%| O|  |TAMS 0x0000000081d00000, 0x0000000081c00000| Untracked 
|  29|0x0000000081d00000, 0x0000000081e00000, 0x0000000081e00000|100%| O|  |TAMS 0x0000000081e00000, 0x0000000081d00000| Untracked 
|  30|0x0000000081e00000, 0x0000000081f00000, 0x0000000081f00000|100%|HS|  |TAMS 0x0000000081f00000, 0x0000000081e00000| Complete 
|  31|0x0000000081f00000, 0x0000000082000000, 0x0000000082000000|100%|HS|  |TAMS 0x0000000082000000, 0x0000000081f00000| Complete 
|  32|0x0000000082000000, 0x0000000082100000, 0x0000000082100000|100%|HC|  |TAMS 0x0000000082100000, 0x0000000082000000| Complete 
|  33|0x0000000082100000, 0x0000000082200000, 0x0000000082200000|100%|HS|  |TAMS 0x0000000082200000, 0x0000000082100000| Complete 
|  34|0x0000000082200000, 0x0000000082300000, 0x0000000082300000|100%|HS|  |TAMS 0x0000000082300000, 0x0000000082200000| Complete 
|  35|0x0000000082300000, 0x0000000082400000, 0x0000000082400000|100%|HC|  |TAMS 0x0000000082400000, 0x0000000082300000| Complete 
|  36|0x0000000082400000, 0x0000000082500000, 0x0000000082500000|100%|HC|  |TAMS 0x0000000082500000, 0x0000000082400000| Complete 
|  37|0x0000000082500000, 0x0000000082600000, 0x0000000082600000|100%|HC|  |TAMS 0x0000000082600000, 0x0000000082500000| Complete 
|  38|0x0000000082600000, 0x0000000082700000, 0x0000000082700000|100%| O|  |TAMS 0x0000000082700000, 0x0000000082600000| Untracked 
|  39|0x0000000082700000, 0x0000000082800000, 0x0000000082800000|100%| O|  |TAMS 0x0000000082800000, 0x0000000082700000| Untracked 
|  40|0x0000000082800000, 0x0000000082900000, 0x0000000082900000|100%| O|  |TAMS 0x0000000082900000, 0x0000000082800000| Untracked 
|  41|0x0000000082900000, 0x0000000082a00000, 0x0000000082a00000|100%| O|  |TAMS 0x0000000082a00000, 0x0000000082900000| Untracked 
|  42|0x0000000082a00000, 0x0000000082b00000, 0x0000000082b00000|100%| O|  |TAMS 0x0000000082b00000, 0x0000000082a00000| Untracked 
|  43|0x0000000082b00000, 0x0000000082c00000, 0x0000000082c00000|100%| O|  |TAMS 0x0000000082c00000, 0x0000000082b00000| Untracked 
|  44|0x0000000082c00000, 0x0000000082d00000, 0x0000000082d00000|100%| O|  |TAMS 0x0000000082d00000, 0x0000000082c00000| Complete 
|  45|0x0000000082d00000, 0x0000000082e00000, 0x0000000082e00000|100%| O|  |TAMS 0x0000000082e00000, 0x0000000082d00000| Untracked 
|  46|0x0000000082e00000, 0x0000000082f00000, 0x0000000082f00000|100%| O|  |TAMS 0x0000000082f00000, 0x0000000082e00000| Untracked 
|  47|0x0000000082f00000, 0x0000000083000000, 0x0000000083000000|100%| O|  |TAMS 0x0000000083000000, 0x0000000082f00000| Untracked 
|  48|0x0000000083000000, 0x0000000083100000, 0x0000000083100000|100%| O|  |TAMS 0x0000000083100000, 0x0000000083000000| Untracked 
|  49|0x0000000083100000, 0x0000000083200000, 0x0000000083200000|100%| O|  |TAMS 0x0000000083200000, 0x0000000083100000| Complete 
|  50|0x0000000083200000, 0x0000000083300000, 0x0000000083300000|100%| O|  |TAMS 0x0000000083300000, 0x0000000083200000| Untracked 
|  51|0x0000000083300000, 0x0000000083400000, 0x0000000083400000|100%| O|  |TAMS 0x0000000083400000, 0x0000000083300000| Untracked 
|  52|0x0000000083400000, 0x0000000083500000, 0x0000000083500000|100%| O|  |TAMS 0x0000000083500000, 0x0000000083400000| Complete 
|  53|0x0000000083500000, 0x0000000083600000, 0x0000000083600000|100%| O|  |TAMS 0x0000000083600000, 0x0000000083500000| Untracked 
|  54|0x0000000083600000, 0x0000000083700000, 0x0000000083700000|100%| O|  |TAMS 0x0000000083700000, 0x0000000083600000| Untracked 
|  55|0x0000000083700000, 0x0000000083800000, 0x0000000083800000|100%| O|  |TAMS 0x0000000083800000, 0x0000000083700000| Complete 
|  56|0x0000000083800000, 0x0000000083900000, 0x0000000083900000|100%| O|  |TAMS 0x0000000083900000, 0x0000000083800000| Untracked 
|  57|0x0000000083900000, 0x0000000083a00000, 0x0000000083a00000|100%| O|  |TAMS 0x0000000083a00000, 0x0000000083900000| Untracked 
|  58|0x0000000083a00000, 0x0000000083b00000, 0x0000000083b00000|100%| O|  |TAMS 0x0000000083b00000, 0x0000000083a00000| Untracked 
|  59|0x0000000083b00000, 0x0000000083c00000, 0x0000000083c00000|100%| O|  |TAMS 0x0000000083c00000, 0x0000000083b00000| Untracked 
|  60|0x0000000083c00000, 0x0000000083d00000, 0x0000000083d00000|100%| O|  |TAMS 0x0000000083d00000, 0x0000000083c00000| Untracked 
|  61|0x0000000083d00000, 0x0000000083e00000, 0x0000000083e00000|100%| O|  |TAMS 0x0000000083e00000, 0x0000000083d00000| Complete 
|  62|0x0000000083e00000, 0x0000000083f00000, 0x0000000083f00000|100%| O|  |TAMS 0x0000000083f00000, 0x0000000083e00000| Untracked 
|  63|0x0000000083f00000, 0x0000000084000000, 0x0000000084000000|100%| O|  |TAMS 0x0000000084000000, 0x0000000083f00000| Untracked 
|  64|0x0000000084000000, 0x0000000084100000, 0x0000000084100000|100%| O|  |TAMS 0x0000000084100000, 0x0000000084000000| Untracked 
|  65|0x0000000084100000, 0x0000000084200000, 0x0000000084200000|100%| O|  |TAMS 0x0000000084200000, 0x0000000084100000| Untracked 
|  66|0x0000000084200000, 0x0000000084300000, 0x0000000084300000|100%| O|  |TAMS 0x0000000084300000, 0x0000000084200000| Untracked 
|  67|0x0000000084300000, 0x0000000084400000, 0x0000000084400000|100%| O|  |TAMS 0x0000000084400000, 0x0000000084300000| Untracked 
|  68|0x0000000084400000, 0x0000000084500000, 0x0000000084500000|100%| O|  |TAMS 0x0000000084500000, 0x0000000084400000| Untracked 
|  69|0x0000000084500000, 0x0000000084600000, 0x0000000084600000|100%| O|  |TAMS 0x0000000084600000, 0x0000000084500000| Complete 
|  70|0x0000000084600000, 0x0000000084700000, 0x0000000084700000|100%| O|  |TAMS 0x0000000084700000, 0x0000000084600000| Untracked 
|  71|0x0000000084700000, 0x0000000084800000, 0x0000000084800000|100%| O|  |TAMS 0x0000000084800000, 0x0000000084700000| Untracked 
|  72|0x0000000084800000, 0x0000000084900000, 0x0000000084900000|100%| O|  |TAMS 0x0000000084900000, 0x0000000084800000| Untracked 
|  73|0x0000000084900000, 0x0000000084a00000, 0x0000000084a00000|100%| O|  |TAMS 0x0000000084a00000, 0x0000000084900000| Untracked 
|  74|0x0000000084a00000, 0x0000000084b00000, 0x0000000084b00000|100%| O|  |TAMS 0x0000000084b00000, 0x0000000084a00000| Untracked 
|  75|0x0000000084b00000, 0x0000000084c00000, 0x0000000084c00000|100%| O|  |TAMS 0x0000000084c00000, 0x0000000084b00000| Untracked 
|  76|0x0000000084c00000, 0x0000000084d00000, 0x0000000084d00000|100%| O|  |TAMS 0x0000000084d00000, 0x0000000084c00000| Untracked 
|  77|0x0000000084d00000, 0x0000000084e00000, 0x0000000084e00000|100%| O|  |TAMS 0x0000000084e00000, 0x0000000084d00000| Untracked 
|  78|0x0000000084e00000, 0x0000000084f00000, 0x0000000084f00000|100%| O|  |TAMS 0x0000000084f00000, 0x0000000084e00000| Untracked 
|  79|0x0000000084f00000, 0x0000000085000000, 0x0000000085000000|100%| O|  |TAMS 0x0000000085000000, 0x0000000084f00000| Untracked 
|  80|0x0000000085000000, 0x0000000085100000, 0x0000000085100000|100%| O|  |TAMS 0x0000000085100000, 0x0000000085000000| Untracked 
|  81|0x0000000085100000, 0x0000000085200000, 0x0000000085200000|100%| O|  |TAMS 0x0000000085200000, 0x0000000085100000| Complete 
|  82|0x0000000085200000, 0x0000000085300000, 0x0000000085300000|100%| O|  |TAMS 0x0000000085300000, 0x0000000085200000| Untracked 
|  83|0x0000000085300000, 0x0000000085400000, 0x0000000085400000|100%| O|  |TAMS 0x0000000085400000, 0x0000000085300000| Untracked 
|  84|0x0000000085400000, 0x0000000085500000, 0x0000000085500000|100%| O|  |TAMS 0x0000000085500000, 0x0000000085400000| Untracked 
|  85|0x0000000085500000, 0x0000000085600000, 0x0000000085600000|100%| O|  |TAMS 0x0000000085600000, 0x0000000085500000| Untracked 
|  86|0x0000000085600000, 0x0000000085700000, 0x0000000085700000|100%| O|  |TAMS 0x0000000085700000, 0x0000000085600000| Untracked 
|  87|0x0000000085700000, 0x0000000085800000, 0x0000000085800000|100%| O|  |TAMS 0x0000000085800000, 0x0000000085700000| Complete 
|  88|0x0000000085800000, 0x0000000085900000, 0x0000000085900000|100%| O|  |TAMS 0x0000000085900000, 0x0000000085800000| Untracked 
|  89|0x0000000085900000, 0x0000000085a00000, 0x0000000085a00000|100%| O|  |TAMS 0x0000000085a00000, 0x0000000085900000| Untracked 
|  90|0x0000000085a00000, 0x0000000085b00000, 0x0000000085b00000|100%| O|  |TAMS 0x0000000085b00000, 0x0000000085a00000| Untracked 
|  91|0x0000000085b00000, 0x0000000085c00000, 0x0000000085c00000|100%| O|  |TAMS 0x0000000085c00000, 0x0000000085b00000| Untracked 
|  92|0x0000000085c00000, 0x0000000085d00000, 0x0000000085d00000|100%| O|  |TAMS 0x0000000085d00000, 0x0000000085c00000| Complete 
|  93|0x0000000085d00000, 0x0000000085e00000, 0x0000000085e00000|100%| O|  |TAMS 0x0000000085e00000, 0x0000000085d00000| Untracked 
|  94|0x0000000085e00000, 0x0000000085f00000, 0x0000000085f00000|100%| O|  |TAMS 0x0000000085f00000, 0x0000000085e00000| Untracked 
|  95|0x0000000085f00000, 0x0000000086000000, 0x0000000086000000|100%| O|  |TAMS 0x0000000086000000, 0x0000000085f00000| Complete 
|  96|0x0000000086000000, 0x0000000086000000, 0x0000000086100000|  0%| F|  |TAMS 0x0000000086000000, 0x0000000086000000| Untracked 
|  97|0x0000000086100000, 0x0000000086100000, 0x0000000086200000|  0%| F|  |TAMS 0x0000000086100000, 0x0000000086100000| Untracked 
|  98|0x0000000086200000, 0x0000000086300000, 0x0000000086300000|100%| O|  |TAMS 0x0000000086300000, 0x0000000086200000| Untracked 
|  99|0x0000000086300000, 0x0000000086400000, 0x0000000086400000|100%| O|  |TAMS 0x0000000086400000, 0x0000000086300000| Complete 
| 100|0x0000000086400000, 0x0000000086500000, 0x0000000086500000|100%| O|  |TAMS 0x0000000086500000, 0x0000000086400000| Complete 
| 101|0x0000000086500000, 0x0000000086500000, 0x0000000086600000|  0%| F|  |TAMS 0x0000000086500000, 0x0000000086500000| Untracked 
| 102|0x0000000086600000, 0x0000000086700000, 0x0000000086700000|100%| O|  |TAMS 0x0000000086700000, 0x0000000086600000| Complete 
| 103|0x0000000086700000, 0x0000000086800000, 0x0000000086800000|100%| O|  |TAMS 0x0000000086800000, 0x0000000086700000| Complete 
| 104|0x0000000086800000, 0x0000000086800000, 0x0000000086900000|  0%| F|  |TAMS 0x0000000086800000, 0x0000000086800000| Untracked 
| 105|0x0000000086900000, 0x0000000086900000, 0x0000000086a00000|  0%| F|  |TAMS 0x0000000086900000, 0x0000000086900000| Untracked 
| 106|0x0000000086a00000, 0x0000000086b00000, 0x0000000086b00000|100%| O|  |TAMS 0x0000000086b00000, 0x0000000086a00000| Complete 
| 107|0x0000000086b00000, 0x0000000086c00000, 0x0000000086c00000|100%| O|  |TAMS 0x0000000086c00000, 0x0000000086b00000| Untracked 
| 108|0x0000000086c00000, 0x0000000086c00000, 0x0000000086d00000|  0%| F|  |TAMS 0x0000000086c00000, 0x0000000086c00000| Untracked 
| 109|0x0000000086d00000, 0x0000000086d17e00, 0x0000000086e00000|  9%| O|  |TAMS 0x0000000086d17e00, 0x0000000086d00000| Untracked 
| 110|0x0000000086e00000, 0x0000000086e00000, 0x0000000086f00000|  0%| F|  |TAMS 0x0000000086e00000, 0x0000000086e00000| Untracked 
| 111|0x0000000086f00000, 0x0000000086f00000, 0x0000000087000000|  0%| F|  |TAMS 0x0000000086f00000, 0x0000000086f00000| Untracked 
| 112|0x0000000087000000, 0x0000000087100000, 0x0000000087100000|100%| O|  |TAMS 0x0000000087100000, 0x0000000087000000| Complete 
| 113|0x0000000087100000, 0x0000000087100000, 0x0000000087200000|  0%| F|  |TAMS 0x0000000087100000, 0x0000000087100000| Untracked 
| 114|0x0000000087200000, 0x0000000087200000, 0x0000000087300000|  0%| F|  |TAMS 0x0000000087200000, 0x0000000087200000| Untracked 
| 115|0x0000000087300000, 0x0000000087300000, 0x0000000087400000|  0%| F|  |TAMS 0x0000000087300000, 0x0000000087300000| Untracked 
| 116|0x0000000087400000, 0x0000000087400000, 0x0000000087500000|  0%| F|  |TAMS 0x0000000087400000, 0x0000000087400000| Untracked 
| 117|0x0000000087500000, 0x0000000087500000, 0x0000000087600000|  0%| F|  |TAMS 0x0000000087500000, 0x0000000087500000| Untracked 
| 118|0x0000000087600000, 0x0000000087600000, 0x0000000087700000|  0%| F|  |TAMS 0x0000000087600000, 0x0000000087600000| Untracked 
| 119|0x0000000087700000, 0x0000000087700000, 0x0000000087800000|  0%| F|  |TAMS 0x0000000087700000, 0x0000000087700000| Untracked 
| 120|0x0000000087800000, 0x0000000087900000, 0x0000000087900000|100%| O|  |TAMS 0x0000000087900000, 0x0000000087800000| Complete 
| 121|0x0000000087900000, 0x0000000087900000, 0x0000000087a00000|  0%| F|  |TAMS 0x0000000087900000, 0x0000000087900000| Untracked 
| 122|0x0000000087a00000, 0x0000000087a00000, 0x0000000087b00000|  0%| F|  |TAMS 0x0000000087a00000, 0x0000000087a00000| Untracked 
| 123|0x0000000087b00000, 0x0000000087c00000, 0x0000000087c00000|100%| O|  |TAMS 0x0000000087c00000, 0x0000000087b00000| Untracked 
| 124|0x0000000087c00000, 0x0000000087c00000, 0x0000000087d00000|  0%| F|  |TAMS 0x0000000087c00000, 0x0000000087c00000| Untracked 
| 125|0x0000000087d00000, 0x0000000087e00000, 0x0000000087e00000|100%| O|  |TAMS 0x0000000087e00000, 0x0000000087d00000| Complete 
| 126|0x0000000087e00000, 0x0000000087e00000, 0x0000000087f00000|  0%| F|  |TAMS 0x0000000087e00000, 0x0000000087e00000| Untracked 
| 127|0x0000000087f00000, 0x0000000088000000, 0x0000000088000000|100%| O|  |TAMS 0x0000000088000000, 0x0000000087f00000| Complete 
| 128|0x0000000088000000, 0x0000000088000000, 0x0000000088100000|  0%| F|  |TAMS 0x0000000088000000, 0x0000000088000000| Untracked 
| 129|0x0000000088100000, 0x0000000088100000, 0x0000000088200000|  0%| F|  |TAMS 0x0000000088100000, 0x0000000088100000| Untracked 
| 130|0x0000000088200000, 0x0000000088200000, 0x0000000088300000|  0%| F|  |TAMS 0x0000000088200000, 0x0000000088200000| Untracked 
| 131|0x0000000088300000, 0x0000000088300000, 0x0000000088400000|  0%| F|  |TAMS 0x0000000088300000, 0x0000000088300000| Untracked 
| 132|0x0000000088400000, 0x0000000088400000, 0x0000000088500000|  0%| F|  |TAMS 0x0000000088400000, 0x0000000088400000| Untracked 
| 133|0x0000000088500000, 0x0000000088500000, 0x0000000088600000|  0%| F|  |TAMS 0x0000000088500000, 0x0000000088500000| Untracked 
| 134|0x0000000088600000, 0x0000000088600000, 0x0000000088700000|  0%| F|  |TAMS 0x0000000088600000, 0x0000000088600000| Untracked 
| 135|0x0000000088700000, 0x0000000088700000, 0x0000000088800000|  0%| F|  |TAMS 0x0000000088700000, 0x0000000088700000| Untracked 
| 136|0x0000000088800000, 0x0000000088900000, 0x0000000088900000|100%| O|  |TAMS 0x0000000088900000, 0x0000000088800000| Complete 
| 137|0x0000000088900000, 0x0000000088900000, 0x0000000088a00000|  0%| F|  |TAMS 0x0000000088900000, 0x0000000088900000| Untracked 
| 138|0x0000000088a00000, 0x0000000088a00000, 0x0000000088b00000|  0%| F|  |TAMS 0x0000000088a00000, 0x0000000088a00000| Untracked 
| 139|0x0000000088b00000, 0x0000000088c00000, 0x0000000088c00000|100%| O|  |TAMS 0x0000000088c00000, 0x0000000088b00000| Complete 
| 140|0x0000000088c00000, 0x0000000088d00000, 0x0000000088d00000|100%| O|  |TAMS 0x0000000088d00000, 0x0000000088c00000| Complete 
| 141|0x0000000088d00000, 0x0000000088e00000, 0x0000000088e00000|100%| O|  |TAMS 0x0000000088e00000, 0x0000000088d00000| Complete 
| 142|0x0000000088e00000, 0x0000000088e00000, 0x0000000088f00000|  0%| F|  |TAMS 0x0000000088e00000, 0x0000000088e00000| Untracked 
| 143|0x0000000088f00000, 0x0000000089000000, 0x0000000089000000|100%| O|  |TAMS 0x0000000089000000, 0x0000000088f00000| Complete 
| 144|0x0000000089000000, 0x0000000089100000, 0x0000000089100000|100%| O|  |TAMS 0x0000000089100000, 0x0000000089000000| Complete 
| 145|0x0000000089100000, 0x0000000089100000, 0x0000000089200000|  0%| F|  |TAMS 0x0000000089100000, 0x0000000089100000| Untracked 
| 146|0x0000000089200000, 0x0000000089200000, 0x0000000089300000|  0%| F|  |TAMS 0x0000000089200000, 0x0000000089200000| Untracked 
| 147|0x0000000089300000, 0x0000000089300000, 0x0000000089400000|  0%| F|  |TAMS 0x0000000089300000, 0x0000000089300000| Untracked 
| 148|0x0000000089400000, 0x0000000089400000, 0x0000000089500000|  0%| F|  |TAMS 0x0000000089400000, 0x0000000089400000| Untracked 
| 149|0x0000000089500000, 0x0000000089500000, 0x0000000089600000|  0%| F|  |TAMS 0x0000000089500000, 0x0000000089500000| Untracked 
| 150|0x0000000089600000, 0x0000000089600000, 0x0000000089700000|  0%| F|  |TAMS 0x0000000089600000, 0x0000000089600000| Untracked 
| 151|0x0000000089700000, 0x0000000089700000, 0x0000000089800000|  0%| F|  |TAMS 0x0000000089700000, 0x0000000089700000| Untracked 
| 152|0x0000000089800000, 0x0000000089800000, 0x0000000089900000|  0%| F|  |TAMS 0x0000000089800000, 0x0000000089800000| Untracked 
| 153|0x0000000089900000, 0x0000000089900000, 0x0000000089a00000|  0%| F|  |TAMS 0x0000000089900000, 0x0000000089900000| Untracked 
| 154|0x0000000089a00000, 0x0000000089a00000, 0x0000000089b00000|  0%| F|  |TAMS 0x0000000089a00000, 0x0000000089a00000| Untracked 
| 155|0x0000000089b00000, 0x0000000089b00000, 0x0000000089c00000|  0%| F|  |TAMS 0x0000000089b00000, 0x0000000089b00000| Untracked 
| 156|0x0000000089c00000, 0x0000000089c00000, 0x0000000089d00000|  0%| F|  |TAMS 0x0000000089c00000, 0x0000000089c00000| Untracked 
| 157|0x0000000089d00000, 0x0000000089d00000, 0x0000000089e00000|  0%| F|  |TAMS 0x0000000089d00000, 0x0000000089d00000| Untracked 
| 158|0x0000000089e00000, 0x0000000089e00000, 0x0000000089f00000|  0%| F|  |TAMS 0x0000000089e00000, 0x0000000089e00000| Untracked 
| 159|0x0000000089f00000, 0x0000000089f00000, 0x000000008a000000|  0%| F|  |TAMS 0x0000000089f00000, 0x0000000089f00000| Untracked 
| 160|0x000000008a000000, 0x000000008a000000, 0x000000008a100000|  0%| F|  |TAMS 0x000000008a000000, 0x000000008a000000| Untracked 
| 161|0x000000008a100000, 0x000000008a100000, 0x000000008a200000|  0%| F|  |TAMS 0x000000008a100000, 0x000000008a100000| Untracked 
| 162|0x000000008a200000, 0x000000008a200000, 0x000000008a300000|  0%| F|  |TAMS 0x000000008a200000, 0x000000008a200000| Untracked 
| 163|0x000000008a300000, 0x000000008a300000, 0x000000008a400000|  0%| F|  |TAMS 0x000000008a300000, 0x000000008a300000| Untracked 
| 164|0x000000008a400000, 0x000000008a400000, 0x000000008a500000|  0%| F|  |TAMS 0x000000008a400000, 0x000000008a400000| Untracked 
| 165|0x000000008a500000, 0x000000008a500000, 0x000000008a600000|  0%| F|  |TAMS 0x000000008a500000, 0x000000008a500000| Untracked 
| 166|0x000000008a600000, 0x000000008a600000, 0x000000008a700000|  0%| F|  |TAMS 0x000000008a600000, 0x000000008a600000| Untracked 
| 167|0x000000008a700000, 0x000000008a700000, 0x000000008a800000|  0%| F|  |TAMS 0x000000008a700000, 0x000000008a700000| Untracked 
| 168|0x000000008a800000, 0x000000008a800000, 0x000000008a900000|  0%| F|  |TAMS 0x000000008a800000, 0x000000008a800000| Untracked 
| 169|0x000000008a900000, 0x000000008a900000, 0x000000008aa00000|  0%| F|  |TAMS 0x000000008a900000, 0x000000008a900000| Untracked 
| 170|0x000000008aa00000, 0x000000008aa00000, 0x000000008ab00000|  0%| F|  |TAMS 0x000000008aa00000, 0x000000008aa00000| Untracked 
| 171|0x000000008ab00000, 0x000000008ab00000, 0x000000008ac00000|  0%| F|  |TAMS 0x000000008ab00000, 0x000000008ab00000| Untracked 
| 172|0x000000008ac00000, 0x000000008ac00000, 0x000000008ad00000|  0%| F|  |TAMS 0x000000008ac00000, 0x000000008ac00000| Untracked 
| 173|0x000000008ad00000, 0x000000008ad00000, 0x000000008ae00000|  0%| F|  |TAMS 0x000000008ad00000, 0x000000008ad00000| Untracked 
| 174|0x000000008ae00000, 0x000000008ae00000, 0x000000008af00000|  0%| F|  |TAMS 0x000000008ae00000, 0x000000008ae00000| Untracked 
| 175|0x000000008af00000, 0x000000008af00000, 0x000000008b000000|  0%| F|  |TAMS 0x000000008af00000, 0x000000008af00000| Untracked 
| 176|0x000000008b000000, 0x000000008b000000, 0x000000008b100000|  0%| F|  |TAMS 0x000000008b000000, 0x000000008b000000| Untracked 
| 177|0x000000008b100000, 0x000000008b100000, 0x000000008b200000|  0%| F|  |TAMS 0x000000008b100000, 0x000000008b100000| Untracked 
| 178|0x000000008b200000, 0x000000008b200000, 0x000000008b300000|  0%| F|  |TAMS 0x000000008b200000, 0x000000008b200000| Untracked 
| 179|0x000000008b300000, 0x000000008b300000, 0x000000008b400000|  0%| F|  |TAMS 0x000000008b300000, 0x000000008b300000| Untracked 
| 180|0x000000008b400000, 0x000000008b400000, 0x000000008b500000|  0%| F|  |TAMS 0x000000008b400000, 0x000000008b400000| Untracked 
| 181|0x000000008b500000, 0x000000008b500000, 0x000000008b600000|  0%| F|  |TAMS 0x000000008b500000, 0x000000008b500000| Untracked 
| 182|0x000000008b600000, 0x000000008b61fec8, 0x000000008b700000| 12%| S|CS|TAMS 0x000000008b600000, 0x000000008b600000| Complete 
| 183|0x000000008b700000, 0x000000008b800000, 0x000000008b800000|100%| S|CS|TAMS 0x000000008b700000, 0x000000008b700000| Complete 
| 184|0x000000008b800000, 0x000000008b900000, 0x000000008b900000|100%| S|CS|TAMS 0x000000008b800000, 0x000000008b800000| Complete 
| 185|0x000000008b900000, 0x000000008ba00000, 0x000000008ba00000|100%| S|CS|TAMS 0x000000008b900000, 0x000000008b900000| Complete 
| 186|0x000000008ba00000, 0x000000008bb00000, 0x000000008bb00000|100%| S|CS|TAMS 0x000000008ba00000, 0x000000008ba00000| Complete 
| 187|0x000000008bb00000, 0x000000008bb00000, 0x000000008bc00000|  0%| F|  |TAMS 0x000000008bb00000, 0x000000008bb00000| Untracked 
| 188|0x000000008bc00000, 0x000000008bc00000, 0x000000008bd00000|  0%| F|  |TAMS 0x000000008bc00000, 0x000000008bc00000| Untracked 
| 189|0x000000008bd00000, 0x000000008bd00000, 0x000000008be00000|  0%| F|  |TAMS 0x000000008bd00000, 0x000000008bd00000| Untracked 
| 190|0x000000008be00000, 0x000000008be00000, 0x000000008bf00000|  0%| F|  |TAMS 0x000000008be00000, 0x000000008be00000| Untracked 
| 191|0x000000008bf00000, 0x000000008bf00000, 0x000000008c000000|  0%| F|  |TAMS 0x000000008bf00000, 0x000000008bf00000| Untracked 
| 192|0x000000008c000000, 0x000000008c000000, 0x000000008c100000|  0%| F|  |TAMS 0x000000008c000000, 0x000000008c000000| Untracked 
| 193|0x000000008c100000, 0x000000008c100000, 0x000000008c200000|  0%| F|  |TAMS 0x000000008c100000, 0x000000008c100000| Untracked 
| 194|0x000000008c200000, 0x000000008c200000, 0x000000008c300000|  0%| F|  |TAMS 0x000000008c200000, 0x000000008c200000| Untracked 
| 195|0x000000008c300000, 0x000000008c300000, 0x000000008c400000|  0%| F|  |TAMS 0x000000008c300000, 0x000000008c300000| Untracked 
| 196|0x000000008c400000, 0x000000008c400000, 0x000000008c500000|  0%| F|  |TAMS 0x000000008c400000, 0x000000008c400000| Untracked 
| 197|0x000000008c500000, 0x000000008c57dc60, 0x000000008c600000| 49%| E|  |TAMS 0x000000008c500000, 0x000000008c500000| Complete 
| 198|0x000000008c600000, 0x000000008c700000, 0x000000008c700000|100%| E|CS|TAMS 0x000000008c600000, 0x000000008c600000| Complete 
| 199|0x000000008c700000, 0x000000008c800000, 0x000000008c800000|100%| E|CS|TAMS 0x000000008c700000, 0x000000008c700000| Complete 
| 200|0x000000008c800000, 0x000000008c900000, 0x000000008c900000|100%| E|CS|TAMS 0x000000008c800000, 0x000000008c800000| Complete 
| 201|0x000000008c900000, 0x000000008ca00000, 0x000000008ca00000|100%| E|CS|TAMS 0x000000008c900000, 0x000000008c900000| Complete 
| 202|0x000000008ca00000, 0x000000008cb00000, 0x000000008cb00000|100%| E|CS|TAMS 0x000000008ca00000, 0x000000008ca00000| Complete 
| 203|0x000000008cb00000, 0x000000008cc00000, 0x000000008cc00000|100%| E|CS|TAMS 0x000000008cb00000, 0x000000008cb00000| Complete 
| 204|0x000000008cc00000, 0x000000008cd00000, 0x000000008cd00000|100%| E|CS|TAMS 0x000000008cc00000, 0x000000008cc00000| Complete 
| 205|0x000000008cd00000, 0x000000008ce00000, 0x000000008ce00000|100%| E|CS|TAMS 0x000000008cd00000, 0x000000008cd00000| Complete 
| 206|0x000000008ce00000, 0x000000008cf00000, 0x000000008cf00000|100%| E|CS|TAMS 0x000000008ce00000, 0x000000008ce00000| Complete 
| 207|0x000000008cf00000, 0x000000008d000000, 0x000000008d000000|100%| E|CS|TAMS 0x000000008cf00000, 0x000000008cf00000| Complete 
| 208|0x000000008d000000, 0x000000008d100000, 0x000000008d100000|100%| E|CS|TAMS 0x000000008d000000, 0x000000008d000000| Complete 
| 209|0x000000008d100000, 0x000000008d200000, 0x000000008d200000|100%| E|CS|TAMS 0x000000008d100000, 0x000000008d100000| Complete 
| 210|0x000000008d200000, 0x000000008d300000, 0x000000008d300000|100%| E|CS|TAMS 0x000000008d200000, 0x000000008d200000| Complete 
| 211|0x000000008d300000, 0x000000008d400000, 0x000000008d400000|100%| E|CS|TAMS 0x000000008d300000, 0x000000008d300000| Complete 
| 212|0x000000008d400000, 0x000000008d500000, 0x000000008d500000|100%| E|CS|TAMS 0x000000008d400000, 0x000000008d400000| Complete 
| 213|0x000000008d500000, 0x000000008d600000, 0x000000008d600000|100%| E|CS|TAMS 0x000000008d500000, 0x000000008d500000| Complete 
| 214|0x000000008d600000, 0x000000008d700000, 0x000000008d700000|100%| E|CS|TAMS 0x000000008d600000, 0x000000008d600000| Complete 
| 215|0x000000008d700000, 0x000000008d800000, 0x000000008d800000|100%| E|CS|TAMS 0x000000008d700000, 0x000000008d700000| Complete 
| 216|0x000000008d800000, 0x000000008d900000, 0x000000008d900000|100%| E|CS|TAMS 0x000000008d800000, 0x000000008d800000| Complete 
| 217|0x000000008d900000, 0x000000008da00000, 0x000000008da00000|100%| E|CS|TAMS 0x000000008d900000, 0x000000008d900000| Complete 
| 218|0x000000008da00000, 0x000000008db00000, 0x000000008db00000|100%| E|CS|TAMS 0x000000008da00000, 0x000000008da00000| Complete 
| 219|0x000000008db00000, 0x000000008dc00000, 0x000000008dc00000|100%| E|CS|TAMS 0x000000008db00000, 0x000000008db00000| Complete 
| 220|0x000000008dc00000, 0x000000008dd00000, 0x000000008dd00000|100%| E|CS|TAMS 0x000000008dc00000, 0x000000008dc00000| Complete 
| 221|0x000000008dd00000, 0x000000008de00000, 0x000000008de00000|100%| E|CS|TAMS 0x000000008dd00000, 0x000000008dd00000| Complete 
| 222|0x000000008de00000, 0x000000008df00000, 0x000000008df00000|100%| E|CS|TAMS 0x000000008de00000, 0x000000008de00000| Complete 
| 223|0x000000008df00000, 0x000000008e000000, 0x000000008e000000|100%| E|CS|TAMS 0x000000008df00000, 0x000000008df00000| Complete 
| 224|0x000000008e000000, 0x000000008e100000, 0x000000008e100000|100%| E|CS|TAMS 0x000000008e000000, 0x000000008e000000| Complete 
| 225|0x000000008e100000, 0x000000008e200000, 0x000000008e200000|100%| E|CS|TAMS 0x000000008e100000, 0x000000008e100000| Complete 
| 226|0x000000008e200000, 0x000000008e300000, 0x000000008e300000|100%| E|CS|TAMS 0x000000008e200000, 0x000000008e200000| Complete 
| 227|0x000000008e300000, 0x000000008e400000, 0x000000008e400000|100%| E|CS|TAMS 0x000000008e300000, 0x000000008e300000| Complete 
| 228|0x000000008e400000, 0x000000008e500000, 0x000000008e500000|100%| E|CS|TAMS 0x000000008e400000, 0x000000008e400000| Complete 
| 229|0x000000008e500000, 0x000000008e600000, 0x000000008e600000|100%| E|CS|TAMS 0x000000008e500000, 0x000000008e500000| Complete 
| 230|0x000000008e600000, 0x000000008e700000, 0x000000008e700000|100%| E|CS|TAMS 0x000000008e600000, 0x000000008e600000| Complete 
| 231|0x000000008e700000, 0x000000008e800000, 0x000000008e800000|100%| E|CS|TAMS 0x000000008e700000, 0x000000008e700000| Complete 
| 232|0x000000008e800000, 0x000000008e900000, 0x000000008e900000|100%| E|CS|TAMS 0x000000008e800000, 0x000000008e800000| Complete 
| 233|0x000000008e900000, 0x000000008ea00000, 0x000000008ea00000|100%| E|CS|TAMS 0x000000008e900000, 0x000000008e900000| Complete 
| 234|0x000000008ea00000, 0x000000008eb00000, 0x000000008eb00000|100%| E|CS|TAMS 0x000000008ea00000, 0x000000008ea00000| Complete 
| 235|0x000000008eb00000, 0x000000008ec00000, 0x000000008ec00000|100%| E|CS|TAMS 0x000000008eb00000, 0x000000008eb00000| Complete 
| 236|0x000000008ec00000, 0x000000008ed00000, 0x000000008ed00000|100%| E|CS|TAMS 0x000000008ec00000, 0x000000008ec00000| Complete 
| 237|0x000000008ed00000, 0x000000008ee00000, 0x000000008ee00000|100%| E|CS|TAMS 0x000000008ed00000, 0x000000008ed00000| Complete 
| 238|0x000000008ee00000, 0x000000008ef00000, 0x000000008ef00000|100%| E|CS|TAMS 0x000000008ee00000, 0x000000008ee00000| Complete 
| 239|0x000000008ef00000, 0x000000008f000000, 0x000000008f000000|100%| E|CS|TAMS 0x000000008ef00000, 0x000000008ef00000| Complete 
| 240|0x000000008f000000, 0x000000008f100000, 0x000000008f100000|100%| E|CS|TAMS 0x000000008f000000, 0x000000008f000000| Complete 
| 241|0x000000008f100000, 0x000000008f200000, 0x000000008f200000|100%| E|CS|TAMS 0x000000008f100000, 0x000000008f100000| Complete 
| 242|0x000000008f200000, 0x000000008f300000, 0x000000008f300000|100%| E|CS|TAMS 0x000000008f200000, 0x000000008f200000| Complete 
| 243|0x000000008f300000, 0x000000008f400000, 0x000000008f400000|100%| E|CS|TAMS 0x000000008f300000, 0x000000008f300000| Complete 
| 244|0x000000008f400000, 0x000000008f500000, 0x000000008f500000|100%| E|CS|TAMS 0x000000008f400000, 0x000000008f400000| Complete 
| 245|0x000000008f500000, 0x000000008f600000, 0x000000008f600000|100%| E|CS|TAMS 0x000000008f500000, 0x000000008f500000| Complete 
| 246|0x000000008f600000, 0x000000008f700000, 0x000000008f700000|100%| E|CS|TAMS 0x000000008f600000, 0x000000008f600000| Complete 
| 247|0x000000008f700000, 0x000000008f800000, 0x000000008f800000|100%| E|CS|TAMS 0x000000008f700000, 0x000000008f700000| Complete 

Card table byte_map: [0x000001f87e580000,0x000001f87e980000] _byte_map_base: 0x000001f87e180000

Marking Bits (Prev, Next): (CMBitMap*) 0x000001f86b3665f0, (CMBitMap*) 0x000001f86b3665b8
 Prev Bits: [0x000001f802000000, 0x000001f804000000)
 Next Bits: [0x000001f800000000, 0x000001f802000000)

Polling page: 0x000001f8692b0000

Metaspace:

Usage:
  Non-class:    108.58 MB capacity,   106.72 MB ( 98%) used,     1.49 MB (  1%) free+waste,   373.69 KB ( <1%) overhead. 
      Class:     16.29 MB capacity,    15.23 MB ( 93%) used,   927.89 KB (  6%) free+waste,   165.00 KB ( <1%) overhead. 
       Both:    124.87 MB capacity,   121.95 MB ( 98%) used,     2.39 MB (  2%) free+waste,   538.69 KB ( <1%) overhead. 

Virtual space:
  Non-class space:      110.00 MB reserved,     108.63 MB ( 99%) committed 
      Class space:        1.00 GB reserved,      16.40 MB (  2%) committed 
             Both:        1.11 GB reserved,     125.03 MB ( 11%) committed 

Chunk freelists:
   Non-Class:  2.00 KB
       Class:  20.00 KB
        Both:  22.00 KB

MaxMetaspaceSize: 17179869184.00 GB
CompressedClassSpaceSize: 1.00 GB
Initial GC threshold: 20.80 MB
Current GC threshold: 203.80 MB
CDS: off

CodeHeap 'non-profiled nmethods': size=120000Kb used=10068Kb max_used=10068Kb free=109931Kb
 bounds [0x000001f876920000, 0x000001f877300000, 0x000001f87de50000]
CodeHeap 'profiled nmethods': size=120000Kb used=36757Kb max_used=36757Kb free=83243Kb
 bounds [0x000001f86f3f0000, 0x000001f8717e0000, 0x000001f876920000]
CodeHeap 'non-nmethods': size=5760Kb used=2547Kb max_used=2588Kb free=3212Kb
 bounds [0x000001f86ee50000, 0x000001f86f0f0000, 0x000001f86f3f0000]
 total_blobs=17819 nmethods=16706 adapters=1024
 compilation: enabled
              stopped_count=0, restarted_count=0
 full_count=0

Compilation events (20 events):
Event: 105.643 Thread 0x000001f87f803800 17101       3       sun.security.ssl.HandshakeOutStream::putInt16 (20 bytes)
Event: 105.644 Thread 0x000001f87f803800 nmethod 17101 0x000001f8717a0c10 code [0x000001f8717a0e20, 0x000001f8717a1588]
Event: 105.653 Thread 0x000001f87f803800 17103       3       org.apache.http.protocol.HTTP::isWhitespace (30 bytes)
Event: 105.653 Thread 0x000001f87f803800 nmethod 17103 0x000001f8717a1910 code [0x000001f8717a1ac0, 0x000001f8717a1c98]
Event: 105.654 Thread 0x000001f87f7fe800 nmethod 17093% 0x000001f8772f2610 code [0x000001f8772f27c0, 0x000001f8772f3138]
Event: 105.654 Thread 0x000001f87f7fe800 17102       4       sun.security.util.AbstractAlgorithmConstraints::checkAlgorithm (87 bytes)
Event: 105.658 Thread 0x000001f87f803800 17104       3       java.nio.ByteBuffer::flip (5 bytes)
Event: 105.658 Thread 0x000001f87f803800 nmethod 17104 0x000001f8717a1d10 code [0x000001f8717a1ec0, 0x000001f8717a2068]
Event: 105.658 Thread 0x000001f87f803800 17105       3       org.apache.http.client.utils.URLEncodedUtils::urlDecode (183 bytes)
Event: 105.663 Thread 0x000001f87f803800 nmethod 17105 0x000001f8717a2110 code [0x000001f8717a2680, 0x000001f8717a5388]
Event: 105.663 Thread 0x000001f87f803800 17106       3       java.nio.CharBuffer::wrap (12 bytes)
Event: 105.664 Thread 0x000001f87f803800 nmethod 17106 0x000001f8717a6690 code [0x000001f8717a6880, 0x000001f8717a6c08]
Event: 105.664 Thread 0x000001f87f803800 17107       3       java.nio.MappedByteBuffer::flip (5 bytes)
Event: 105.664 Thread 0x000001f87f803800 nmethod 17107 0x000001f8717a6d90 code [0x000001f8717a6f60, 0x000001f8717a7198]
Event: 105.677 Thread 0x000001f87f803800 17108   !   3       sun.nio.ch.SocketChannelImpl::write (177 bytes)
Event: 105.679 Thread 0x000001f87f803800 nmethod 17108 0x000001f8717a7290 code [0x000001f8717a7620, 0x000001f8717a8ab8]
Event: 105.679 Thread 0x000001f87f803800 17109   !   3       sun.nio.ch.SocketChannelImpl::beginWrite (52 bytes)
Event: 105.679 Thread 0x000001f87f803800 nmethod 17109 0x000001f8717a9490 code [0x000001f8717a96c0, 0x000001f8717a9d88]
Event: 105.679 Thread 0x000001f87f803800 17110       3       sun.nio.ch.IOUtil::write (11 bytes)
Event: 105.679 Thread 0x000001f87f803800 nmethod 17110 0x000001f8717aa110 code [0x000001f8717aa2c0, 0x000001f8717aa3c8]

GC Heap History (20 events):
Event: 69.579 GC heap before
{Heap before GC invocations=66 (full 0):
 garbage-first heap   total 160768K, used 139076K [0x0000000080000000, 0x0000000100000000)
  region size 1024K, 7 young (7168K), 1 survivors (1024K)
 Metaspace       used 115321K, capacity 118172K, committed 118300K, reserved 1153024K
  class space    used 14569K, capacity 15655K, committed 15768K, reserved 1048576K
}
Event: 69.582 GC heap after
{Heap after GC invocations=67 (full 0):
 garbage-first heap   total 160768K, used 133975K [0x0000000080000000, 0x0000000100000000)
  region size 1024K, 1 young (1024K), 1 survivors (1024K)
 Metaspace       used 115321K, capacity 118172K, committed 118300K, reserved 1153024K
  class space    used 14569K, capacity 15655K, committed 15768K, reserved 1048576K
}
Event: 69.705 GC heap before
{Heap before GC invocations=68 (full 0):
 garbage-first heap   total 160768K, used 140119K [0x0000000080000000, 0x0000000100000000)
  region size 1024K, 7 young (7168K), 1 survivors (1024K)
 Metaspace       used 115449K, capacity 118300K, committed 118556K, reserved 1153024K
  class space    used 14569K, capacity 15655K, committed 15768K, reserved 1048576K
}
Event: 69.708 GC heap after
{Heap after GC invocations=69 (full 0):
 garbage-first heap   total 160768K, used 134960K [0x0000000080000000, 0x0000000100000000)
  region size 1024K, 1 young (1024K), 1 survivors (1024K)
 Metaspace       used 115449K, capacity 118300K, committed 118556K, reserved 1153024K
  class space    used 14569K, capacity 15655K, committed 15768K, reserved 1048576K
}
Event: 69.803 GC heap before
{Heap before GC invocations=69 (full 0):
 garbage-first heap   total 160768K, used 141104K [0x0000000080000000, 0x0000000100000000)
  region size 1024K, 7 young (7168K), 1 survivors (1024K)
 Metaspace       used 115497K, capacity 118436K, committed 118556K, reserved 1153024K
  class space    used 14572K, capacity 15655K, committed 15768K, reserved 1048576K
}
Event: 69.807 GC heap after
{Heap after GC invocations=70 (full 0):
 garbage-first heap   total 193536K, used 120196K [0x0000000080000000, 0x0000000100000000)
  region size 1024K, 1 young (1024K), 1 survivors (1024K)
 Metaspace       used 115497K, capacity 118436K, committed 118556K, reserved 1153024K
  class space    used 14572K, capacity 15655K, committed 15768K, reserved 1048576K
}
Event: 69.999 GC heap before
{Heap before GC invocations=70 (full 0):
 garbage-first heap   total 193536K, used 142724K [0x0000000080000000, 0x0000000100000000)
  region size 1024K, 23 young (23552K), 1 survivors (1024K)
 Metaspace       used 115918K, capacity 118852K, committed 119068K, reserved 1153024K
  class space    used 14600K, capacity 15687K, committed 15768K, reserved 1048576K
}
Event: 70.006 GC heap after
{Heap after GC invocations=71 (full 0):
 garbage-first heap   total 193536K, used 125349K [0x0000000080000000, 0x0000000100000000)
  region size 1024K, 3 young (3072K), 3 survivors (3072K)
 Metaspace       used 115918K, capacity 118852K, committed 119068K, reserved 1153024K
  class space    used 14600K, capacity 15687K, committed 15768K, reserved 1048576K
}
Event: 70.886 GC heap before
{Heap before GC invocations=72 (full 0):
 garbage-first heap   total 193536K, used 146853K [0x0000000080000000, 0x0000000100000000)
  region size 1024K, 24 young (24576K), 3 survivors (3072K)
 Metaspace       used 116046K, capacity 118916K, committed 119068K, reserved 1153024K
  class space    used 14608K, capacity 15687K, committed 15768K, reserved 1048576K
}
Event: 70.893 GC heap after
{Heap after GC invocations=73 (full 0):
 garbage-first heap   total 193536K, used 126016K [0x0000000080000000, 0x0000000100000000)
  region size 1024K, 2 young (2048K), 2 survivors (2048K)
 Metaspace       used 116046K, capacity 118916K, committed 119068K, reserved 1153024K
  class space    used 14608K, capacity 15687K, committed 15768K, reserved 1048576K
}
Event: 71.187 GC heap before
{Heap before GC invocations=73 (full 0):
 garbage-first heap   total 193536K, used 133184K [0x0000000080000000, 0x0000000100000000)
  region size 1024K, 9 young (9216K), 2 survivors (2048K)
 Metaspace       used 116049K, capacity 118916K, committed 119068K, reserved 1153024K
  class space    used 14608K, capacity 15687K, committed 15768K, reserved 1048576K
}
Event: 71.192 GC heap after
{Heap after GC invocations=74 (full 0):
 garbage-first heap   total 193536K, used 125257K [0x0000000080000000, 0x0000000100000000)
  region size 1024K, 1 young (1024K), 1 survivors (1024K)
 Metaspace       used 116049K, capacity 118916K, committed 119068K, reserved 1153024K
  class space    used 14608K, capacity 15687K, committed 15768K, reserved 1048576K
}
Event: 72.374 GC heap before
{Heap before GC invocations=74 (full 0):
 garbage-first heap   total 193536K, used 147785K [0x0000000080000000, 0x0000000100000000)
  region size 1024K, 24 young (24576K), 1 survivors (1024K)
 Metaspace       used 116574K, capacity 119432K, committed 119708K, reserved 1153024K
  class space    used 14646K, capacity 15751K, committed 15896K, reserved 1048576K
}
Event: 72.379 GC heap after
{Heap after GC invocations=75 (full 0):
 garbage-first heap   total 253952K, used 125274K [0x0000000080000000, 0x0000000100000000)
  region size 1024K, 1 young (1024K), 1 survivors (1024K)
 Metaspace       used 116574K, capacity 119432K, committed 119708K, reserved 1153024K
  class space    used 14646K, capacity 15751K, committed 15896K, reserved 1048576K
}
Event: 84.784 GC heap before
{Heap before GC invocations=76 (full 0):
 garbage-first heap   total 253952K, used 174426K [0x0000000080000000, 0x0000000100000000)
  region size 1024K, 51 young (52224K), 1 survivors (1024K)
 Metaspace       used 118178K, capacity 121161K, committed 121244K, reserved 1155072K
  class space    used 14791K, capacity 15872K, committed 15896K, reserved 1048576K
}
Event: 85.232 GC heap after
{Heap after GC invocations=77 (full 0):
 garbage-first heap   total 253952K, used 125880K [0x0000000080000000, 0x0000000100000000)
  region size 1024K, 3 young (3072K), 3 survivors (3072K)
 Metaspace       used 118178K, capacity 121161K, committed 121244K, reserved 1155072K
  class space    used 14791K, capacity 15872K, committed 15896K, reserved 1048576K
}
Event: 86.370 GC heap before
{Heap before GC invocations=77 (full 0):
 garbage-first heap   total 253952K, used 135096K [0x0000000080000000, 0x0000000100000000)
  region size 1024K, 12 young (12288K), 3 survivors (3072K)
 Metaspace       used 118598K, capacity 121563K, committed 121884K, reserved 1155072K
  class space    used 14842K, capacity 15942K, committed 16024K, reserved 1048576K
}
Event: 86.381 GC heap after
{Heap after GC invocations=78 (full 0):
 garbage-first heap   total 253952K, used 117453K [0x0000000080000000, 0x0000000100000000)
  region size 1024K, 1 young (1024K), 1 survivors (1024K)
 Metaspace       used 118598K, capacity 121563K, committed 121884K, reserved 1155072K
  class space    used 14842K, capacity 15942K, committed 16024K, reserved 1048576K
}
Event: 94.204 GC heap before
{Heap before GC invocations=78 (full 0):
 garbage-first heap   total 253952K, used 177869K [0x0000000080000000, 0x0000000100000000)
  region size 1024K, 61 young (62464K), 1 survivors (1024K)
 Metaspace       used 121514K, capacity 124487K, committed 124572K, reserved 1157120K
  class space    used 15215K, capacity 16354K, committed 16408K, reserved 1048576K
}
Event: 94.215 GC heap after
{Heap after GC invocations=79 (full 0):
 garbage-first heap   total 253952K, used 121055K [0x0000000080000000, 0x0000000100000000)
  region size 1024K, 5 young (5120K), 5 survivors (5120K)
 Metaspace       used 121514K, capacity 124487K, committed 124572K, reserved 1157120K
  class space    used 15215K, capacity 16354K, committed 16408K, reserved 1048576K
}

Deoptimization events (20 events):
Event: 103.874 Thread 0x000001f80a03d000 Uncommon trap: trap_request=0xffffffbe fr.pc=0x000001f8772d580c relative=0x000000000000120c
Event: 103.874 Thread 0x000001f80a03d000 Uncommon trap: reason=profile_predicate action=maybe_recompile pc=0x000001f8772d580c method=java.util.regex.Pattern$CharPropertyGreedy.match(Ljava/util/regex/Matcher;ILjava/lang/CharSequence;)Z @ 12 c2
Event: 103.874 Thread 0x000001f80a03d000 DEOPT PACKING pc=0x000001f8772d580c sp=0x000000b736cf9c10
Event: 103.874 Thread 0x000001f80a03d000 DEOPT UNPACKING pc=0x000001f86ee9a1af sp=0x000000b736cf9ba0 mode 2
Event: 103.874 Thread 0x000001f80a03d000 Uncommon trap: trap_request=0xffffffbe fr.pc=0x000001f8772d580c relative=0x000000000000120c
Event: 103.874 Thread 0x000001f80a03d000 Uncommon trap: reason=profile_predicate action=maybe_recompile pc=0x000001f8772d580c method=java.util.regex.Pattern$CharPropertyGreedy.match(Ljava/util/regex/Matcher;ILjava/lang/CharSequence;)Z @ 12 c2
Event: 103.874 Thread 0x000001f80a03d000 DEOPT PACKING pc=0x000001f8772d580c sp=0x000000b736cf9c10
Event: 103.874 Thread 0x000001f80a03d000 DEOPT UNPACKING pc=0x000001f86ee9a1af sp=0x000000b736cf9ba0 mode 2
Event: 104.795 Thread 0x000001f80a03d000 Uncommon trap: trap_request=0xffffffc6 fr.pc=0x000001f87725bfa0 relative=0x0000000000000080
Event: 104.795 Thread 0x000001f80a03d000 Uncommon trap: reason=bimorphic_or_optimized_type_check action=maybe_recompile pc=0x000001f87725bfa0 method=org.gradle.internal.logging.sink.OutputEventRenderer.onOutput(Lorg/gradle/internal/logging/events/OutputEvent;)V @ 1 c2
Event: 104.795 Thread 0x000001f80a03d000 DEOPT PACKING pc=0x000001f87725bfa0 sp=0x000000b736cf90f0
Event: 104.795 Thread 0x000001f80a03d000 DEOPT UNPACKING pc=0x000001f86ee9a1af sp=0x000000b736cf9058 mode 2
Event: 104.796 Thread 0x000001f80a03d000 Uncommon trap: trap_request=0xffffffc6 fr.pc=0x000001f87725bfa0 relative=0x0000000000000080
Event: 104.796 Thread 0x000001f80a03d000 Uncommon trap: reason=bimorphic_or_optimized_type_check action=maybe_recompile pc=0x000001f87725bfa0 method=org.gradle.internal.logging.sink.OutputEventRenderer.onOutput(Lorg/gradle/internal/logging/events/OutputEvent;)V @ 1 c2
Event: 104.796 Thread 0x000001f80a03d000 DEOPT PACKING pc=0x000001f87725bfa0 sp=0x000000b736cf90f0
Event: 104.796 Thread 0x000001f80a03d000 DEOPT UNPACKING pc=0x000001f86ee9a1af sp=0x000000b736cf9058 mode 2
Event: 104.797 Thread 0x000001f80a03d000 Uncommon trap: trap_request=0xffffffc6 fr.pc=0x000001f87725b5bc relative=0x000000000000005c
Event: 104.797 Thread 0x000001f80a03d000 Uncommon trap: reason=bimorphic_or_optimized_type_check action=maybe_recompile pc=0x000001f87725b5bc method=org.gradle.internal.logging.sink.OutputEventRenderer.onOutput(Lorg/gradle/internal/logging/events/OutputEvent;)V @ 1 c2
Event: 104.797 Thread 0x000001f80a03d000 DEOPT PACKING pc=0x000001f87725b5bc sp=0x000000b736cf90a0
Event: 104.797 Thread 0x000001f80a03d000 DEOPT UNPACKING pc=0x000001f86ee9a1af sp=0x000000b736cf9058 mode 2

Classes redefined (0 events):
No events

Internal exceptions (20 events):
Event: 72.381 Thread 0x000001f80a03b800 Exception <a 'sun/nio/fs/WindowsException'{0x000000008f701848}> (0x000000008f701848) thrown at [src/hotspot/share/prims/jni.cpp, line 617]
Event: 73.091 Thread 0x000001f80a03b800 Exception <a 'sun/nio/fs/WindowsException'{0x000000008f2aac68}> (0x000000008f2aac68) thrown at [src/hotspot/share/prims/jni.cpp, line 617]
Event: 73.091 Thread 0x000001f80a03b800 Exception <a 'sun/nio/fs/WindowsException'{0x000000008f2abaf8}> (0x000000008f2abaf8) thrown at [src/hotspot/share/prims/jni.cpp, line 617]
Event: 75.394 Thread 0x000001f80a03c000 Exception <a 'java/lang/NoSuchMethodError'{0x000000008e0674a8}: <clinit>> (0x000000008e0674a8) thrown at [src/hotspot/share/prims/jni.cpp, line 1367]
Event: 75.464 Thread 0x000001f80a03d000 Exception <a 'sun/nio/fs/WindowsException'{0x000000008de3cd48}> (0x000000008de3cd48) thrown at [src/hotspot/share/prims/jni.cpp, line 617]
Event: 75.465 Thread 0x000001f80a03d000 Exception <a 'sun/nio/fs/WindowsException'{0x000000008de3e198}> (0x000000008de3e198) thrown at [src/hotspot/share/prims/jni.cpp, line 617]
Event: 76.415 Thread 0x000001f80a03d000 Exception <a 'sun/nio/fs/WindowsException'{0x000000008d724dc8}> (0x000000008d724dc8) thrown at [src/hotspot/share/prims/jni.cpp, line 617]
Event: 76.416 Thread 0x000001f80a03d000 Exception <a 'sun/nio/fs/WindowsException'{0x000000008d726118}> (0x000000008d726118) thrown at [src/hotspot/share/prims/jni.cpp, line 617]
Event: 85.264 Thread 0x000001f80a03d000 Exception <a 'sun/nio/fs/WindowsException'{0x000000008f682788}> (0x000000008f682788) thrown at [src/hotspot/share/prims/jni.cpp, line 617]
Event: 85.264 Thread 0x000001f80a03d000 Exception <a 'sun/nio/fs/WindowsException'{0x000000008f683658}> (0x000000008f683658) thrown at [src/hotspot/share/prims/jni.cpp, line 617]
Event: 85.264 Thread 0x000001f80a03d000 Exception <a 'sun/nio/fs/WindowsException'{0x000000008f683960}> (0x000000008f683960) thrown at [src/hotspot/share/prims/jni.cpp, line 617]
Event: 85.265 Thread 0x000001f80a03d000 Exception <a 'sun/nio/fs/WindowsException'{0x000000008f684a98}> (0x000000008f684a98) thrown at [src/hotspot/share/prims/jni.cpp, line 617]
Event: 85.265 Thread 0x000001f80a03d000 Exception <a 'sun/nio/fs/WindowsException'{0x000000008f684d78}> (0x000000008f684d78) thrown at [src/hotspot/share/prims/jni.cpp, line 617]
Event: 85.265 Thread 0x000001f80a03d000 Exception <a 'sun/nio/fs/WindowsException'{0x000000008f685bf8}> (0x000000008f685bf8) thrown at [src/hotspot/share/prims/jni.cpp, line 617]
Event: 95.518 Thread 0x000001f8084ee800 Exception <a 'java/lang/NoSuchMethodError'{0x000000008d58ffc8}: <clinit>> (0x000000008d58ffc8) thrown at [src/hotspot/share/prims/jni.cpp, line 1367]
Event: 96.576 Thread 0x000001f80a03d000 Implicit null exception at 0x000001f8772592b0 to 0x000001f877259c3c
Event: 96.579 Thread 0x000001f8084ee800 Exception <a 'java/lang/NoSuchMethodError'{0x000000008d39df28}: <clinit>> (0x000000008d39df28) thrown at [src/hotspot/share/prims/jni.cpp, line 1367]
Event: 96.584 Thread 0x000001f8084ee800 Exception <a 'java/lang/NoSuchMethodError'{0x000000008d3b4ff0}: <clinit>> (0x000000008d3b4ff0) thrown at [src/hotspot/share/prims/jni.cpp, line 1367]
Event: 96.584 Thread 0x000001f8084ee800 Exception <a 'java/lang/NoSuchMethodError'{0x000000008d3b60b8}: <clinit>> (0x000000008d3b60b8) thrown at [src/hotspot/share/prims/jni.cpp, line 1367]
Event: 104.353 Thread 0x000001f80a03d000 Exception <a 'java/net/SocketTimeoutException'{0x000000008d03a7b0}: Read timed out> (0x000000008d03a7b0) thrown at [src/hotspot/share/prims/jni.cpp, line 638]

Events (20 events):
Event: 105.411 loading class com/google/common/collect/ImmutableList
Event: 105.411 loading class com/google/common/collect/ImmutableList done
Event: 105.411 loading class org/gradle/api/internal/artifacts/ivyservice/resolveengine/graph/builder/DownloadMetadataOperation
Event: 105.411 loading class org/gradle/api/internal/artifacts/ivyservice/resolveengine/graph/builder/DownloadMetadataOperation done
Event: 105.413 Executing VM operation: RevokeBias
Event: 105.413 Executing VM operation: RevokeBias done
Event: 105.416 Executing VM operation: RevokeBias
Event: 105.417 Executing coalesced safepoint VM operation: RevokeBias
Event: 105.417 Executing coalesced safepoint VM operation: RevokeBias done
Event: 105.417 Executing VM operation: RevokeBias done
Event: 105.418 Executing VM operation: RevokeBias
Event: 105.418 Executing VM operation: RevokeBias done
Event: 105.421 Executing VM operation: RevokeBias
Event: 105.422 Executing VM operation: RevokeBias done
Event: 105.422 loading class java/util/concurrent/locks/ReentrantReadWriteLock$Sync$HoldCounter
Event: 105.424 loading class java/util/concurrent/locks/ReentrantReadWriteLock$Sync$HoldCounter done
Event: 105.424 Executing VM operation: RevokeBias
Event: 105.424 Executing VM operation: RevokeBias done
Event: 105.658 Executing VM operation: RevokeBias
Event: 105.660 Executing VM operation: RevokeBias done


Dynamic libraries:
0x00007ff629b40000 - 0x00007ff629b4a000 	C:\Program Files\Android\Android Studio1\jbr\bin\java.exe
0x00007ffff6050000 - 0x00007ffff6248000 	C:\Windows\SYSTEM32\ntdll.dll
0x00007ffff4e00000 - 0x00007ffff4ebf000 	C:\Windows\System32\KERNEL32.DLL
0x00007ffff3730000 - 0x00007ffff3a26000 	C:\Windows\System32\KERNELBASE.dll
0x00007ffff3e50000 - 0x00007ffff3f50000 	C:\Windows\System32\ucrtbase.dll
0x00007fffd25c0000 - 0x00007fffd25d7000 	C:\Program Files\Android\Android Studio1\jbr\bin\jli.dll
0x00007fffd1850000 - 0x00007fffd186b000 	C:\Program Files\Android\Android Studio1\jbr\bin\VCRUNTIME140.dll
0x00007ffff5d30000 - 0x00007ffff5ecd000 	C:\Windows\System32\USER32.dll
0x00007ffff3a30000 - 0x00007ffff3a52000 	C:\Windows\System32\win32u.dll
0x00007ffff4ac0000 - 0x00007ffff4aec000 	C:\Windows\System32\GDI32.dll
0x00007ffff3a60000 - 0x00007ffff3b75000 	C:\Windows\System32\gdi32full.dll
0x00007fffda160000 - 0x00007fffda3fa000 	C:\Windows\WinSxS\amd64_microsoft.windows.common-controls_6595b64144ccf1df_6.0.19041.1110_none_60b5254171f9507e\COMCTL32.dll
0x00007ffff3b80000 - 0x00007ffff3c1d000 	C:\Windows\System32\msvcp_win.dll
0x00007ffff4d60000 - 0x00007ffff4dfe000 	C:\Windows\System32\msvcrt.dll
0x00007ffff5000000 - 0x00007ffff5030000 	C:\Windows\System32\IMM32.DLL
0x00007fffd6ae0000 - 0x00007fffd6aec000 	C:\Program Files\Android\Android Studio1\jbr\bin\vcruntime140_1.dll
0x00007fffc1dd0000 - 0x00007fffc1e5d000 	C:\Program Files\Android\Android Studio1\jbr\bin\msvcp140.dll
0x00007fff7cf60000 - 0x00007fff7db1c000 	C:\Program Files\Android\Android Studio1\jbr\bin\server\jvm.dll
0x00007ffff5030000 - 0x00007ffff50df000 	C:\Windows\System32\ADVAPI32.dll
0x00007ffff5f60000 - 0x00007ffff5ffc000 	C:\Windows\System32\sechost.dll
0x00007ffff4990000 - 0x00007ffff4ab6000 	C:\Windows\System32\RPCRT4.dll
0x00007ffff6000000 - 0x00007ffff6008000 	C:\Windows\System32\PSAPI.DLL
0x00007fffe1ce0000 - 0x00007fffe1d07000 	C:\Windows\SYSTEM32\WINMM.dll
0x00007fffe9a00000 - 0x00007fffe9a0a000 	C:\Windows\SYSTEM32\VERSION.dll
0x00007fffdf8b0000 - 0x00007fffdf8b9000 	C:\Windows\SYSTEM32\WSOCK32.dll
0x00007ffff57e0000 - 0x00007ffff584b000 	C:\Windows\System32\WS2_32.dll
0x00007ffff15f0000 - 0x00007ffff1602000 	C:\Windows\SYSTEM32\kernel.appcore.dll
0x00007fffe9980000 - 0x00007fffe9990000 	C:\Program Files\Android\Android Studio1\jbr\bin\verify.dll
0x00007ffff0da0000 - 0x00007ffff0f84000 	C:\Windows\SYSTEM32\DBGHELP.DLL
0x00007fffe7b30000 - 0x00007fffe7b64000 	C:\Windows\SYSTEM32\dbgcore.DLL
0x00007ffff3d10000 - 0x00007ffff3d92000 	C:\Windows\System32\bcryptPrimitives.dll
0x00007fffe84f0000 - 0x00007fffe8518000 	C:\Program Files\Android\Android Studio1\jbr\bin\java.dll
0x00007fffe9920000 - 0x00007fffe992a000 	C:\Program Files\Android\Android Studio1\jbr\bin\jimage.dll
0x00007fffe84d0000 - 0x00007fffe84e8000 	C:\Program Files\Android\Android Studio1\jbr\bin\zip.dll
0x00007ffff40b0000 - 0x00007ffff47f4000 	C:\Windows\System32\SHELL32.dll
0x00007ffff17f0000 - 0x00007ffff1f83000 	C:\Windows\SYSTEM32\windows.storage.dll
0x00007ffff5850000 - 0x00007ffff5ba4000 	C:\Windows\System32\combase.dll
0x00007ffff3190000 - 0x00007ffff31be000 	C:\Windows\SYSTEM32\Wldp.dll
0x00007ffff4800000 - 0x00007ffff48ad000 	C:\Windows\System32\SHCORE.dll
0x00007ffff5780000 - 0x00007ffff57d5000 	C:\Windows\System32\shlwapi.dll
0x00007ffff3670000 - 0x00007ffff368f000 	C:\Windows\SYSTEM32\profapi.dll
0x00007fffe8490000 - 0x00007fffe84a9000 	C:\Program Files\Android\Android Studio1\jbr\bin\net.dll
0x00007fffe7310000 - 0x00007fffe741a000 	C:\Windows\SYSTEM32\WINHTTP.dll
0x00007ffff2ef0000 - 0x00007ffff2f5a000 	C:\Windows\system32\mswsock.dll
0x00007fffe2950000 - 0x00007fffe2963000 	C:\Program Files\Android\Android Studio1\jbr\bin\nio.dll
0x00007fffd21d0000 - 0x00007fffd21f7000 	C:\Users\user\.gradle\native\e1d6ef7f7dcc3fd88c89a11ec53ec762bb8ba0a96d01ffa2cd45eb1d1d8dd5c5\windows-amd64\native-platform.dll
0x00007fffb3140000 - 0x00007fffb3284000 	C:\Users\user\.gradle\native\0d407fdbe67a94daf76414ababcb853783967236a71b16ec16e742cd7a986fd3\windows-amd64\native-platform-file-events.dll
0x00007fffe84c0000 - 0x00007fffe84ca000 	C:\Program Files\Android\Android Studio1\jbr\bin\management.dll
0x00007fffe8400000 - 0x00007fffe840b000 	C:\Program Files\Android\Android Studio1\jbr\bin\management_ext.dll
0x00007ffff30e0000 - 0x00007ffff30f8000 	C:\Windows\SYSTEM32\CRYPTSP.dll
0x00007ffff27a0000 - 0x00007ffff27d4000 	C:\Windows\system32\rsaenh.dll
0x00007ffff3c20000 - 0x00007ffff3c47000 	C:\Windows\System32\bcrypt.dll
0x00007ffff3630000 - 0x00007ffff365e000 	C:\Windows\SYSTEM32\USERENV.dll
0x00007ffff3100000 - 0x00007ffff310c000 	C:\Windows\SYSTEM32\CRYPTBASE.dll
0x00007ffff2b90000 - 0x00007ffff2bcc000 	C:\Windows\SYSTEM32\IPHLPAPI.DLL
0x00007ffff4af0000 - 0x00007ffff4af8000 	C:\Windows\System32\NSI.dll
0x00007fffe7b70000 - 0x00007fffe7b87000 	C:\Windows\SYSTEM32\dhcpcsvc6.DLL
0x00007fffe8bc0000 - 0x00007fffe8bdd000 	C:\Windows\SYSTEM32\dhcpcsvc.DLL
0x00007ffff2bd0000 - 0x00007ffff2c9b000 	C:\Windows\SYSTEM32\DNSAPI.dll
0x00007fffe0c60000 - 0x00007fffe0c87000 	C:\Program Files\Android\Android Studio1\jbr\bin\sunec.dll
0x0000000074300000 - 0x0000000074326000 	C:\Program Files\Bonjour\mdnsNSP.dll
0x00007fffe5880000 - 0x00007fffe588a000 	C:\Windows\System32\rasadhlp.dll
0x00007fffe58a0000 - 0x00007fffe5922000 	C:\Windows\System32\fwpuclnt.dll
0x00007fffedd20000 - 0x00007fffedd37000 	C:\Windows\system32\napinsp.dll
0x00007fffedd00000 - 0x00007fffedd1b000 	C:\Windows\system32\pnrpnsp.dll
0x00007fffee530000 - 0x00007fffee545000 	C:\Windows\system32\wshbth.dll
0x00007fffe97e0000 - 0x00007fffe97fd000 	C:\Windows\system32\NLAapi.dll
0x00007fffe9960000 - 0x00007fffe9972000 	C:\Windows\System32\winrnr.dll
0x00007fffd2040000 - 0x00007fffd21c4000 	C:\Program Files\Android\Android Studio1\jbr\bin\awt.dll
0x00007ffff56b0000 - 0x00007ffff577d000 	C:\Windows\System32\OLEAUT32.dll
0x00007ffff14e0000 - 0x00007ffff150f000 	C:\Windows\SYSTEM32\dwmapi.dll
0x00007ffff0b00000 - 0x00007ffff0b91000 	C:\Windows\SYSTEM32\apphelp.dll
0x00007ffff0f90000 - 0x00007ffff102e000 	C:\Windows\system32\uxtheme.dll
0x00007ffff28c0000 - 0x00007ffff28f3000 	C:\Windows\SYSTEM32\ntmarta.dll

dbghelp: loaded successfully - version: 4.0.5 - missing functions: none
symbol engine: initialized successfully - sym options: 0x614 - pdb path: .;C:\Program Files\Android\Android Studio1\jbr\bin;C:\Windows\SYSTEM32;C:\Windows\WinSxS\amd64_microsoft.windows.common-controls_6595b64144ccf1df_6.0.19041.1110_none_60b5254171f9507e;C:\Program Files\Android\Android Studio1\jbr\bin\server;C:\Users\user\.gradle\native\e1d6ef7f7dcc3fd88c89a11ec53ec762bb8ba0a96d01ffa2cd45eb1d1d8dd5c5\windows-amd64;C:\Users\user\.gradle\native\0d407fdbe67a94daf76414ababcb853783967236a71b16ec16e742cd7a986fd3\windows-amd64;C:\Program Files\Bonjour

VM Arguments:
jvm_args: --add-opens=java.base/java.util=ALL-UNNAMED --add-opens=java.base/java.lang=ALL-UNNAMED --add-opens=java.base/java.lang.invoke=ALL-UNNAMED --add-opens=java.base/java.util=ALL-UNNAMED --add-opens=java.prefs/java.util.prefs=ALL-UNNAMED --add-opens=java.prefs/java.util.prefs=ALL-UNNAMED --add-opens=java.base/java.nio.charset=ALL-UNNAMED --add-opens=java.base/java.net=ALL-UNNAMED --add-opens=java.base/java.util.concurrent.atomic=ALL-UNNAMED -Xmx2048m -Dfile.encoding=UTF-8 -Duser.country=KR -Duser.language=ko -Duser.variant 
java_command: org.gradle.launcher.daemon.bootstrap.GradleDaemon 7.5
java_class_path (initial): C:\Users\user\.gradle\wrapper\dists\gradle-7.5-bin\f1w0cc9nuo0eivz97x2xlu9sv\gradle-7.5\lib\gradle-launcher-7.5.jar
Launcher Type: SUN_STANDARD

[Global flags]
     intx CICompilerCount                          = 4                                         {product} {ergonomic}
     uint ConcGCThreads                            = 2                                         {product} {ergonomic}
     uint G1ConcRefinementThreads                  = 8                                         {product} {ergonomic}
   size_t G1HeapRegionSize                         = 1048576                                   {product} {ergonomic}
    uintx GCDrainStackTargetSize                   = 64                                        {product} {ergonomic}
   size_t InitialHeapSize                          = 132120576                                 {product} {ergonomic}
   size_t MarkStackSize                            = 4194304                                   {product} {ergonomic}
   size_t MaxHeapSize                              = 2147483648                                {product} {command line}
   size_t MaxNewSize                               = 1287651328                                {product} {ergonomic}
   size_t MinHeapDeltaBytes                        = 1048576                                   {product} {ergonomic}
    uintx NonNMethodCodeHeapSize                   = 5836300                                {pd product} {ergonomic}
    uintx NonProfiledCodeHeapSize                  = 122910970                              {pd product} {ergonomic}
    uintx ProfiledCodeHeapSize                     = 122910970                              {pd product} {ergonomic}
    uintx ReservedCodeCacheSize                    = 251658240                              {pd product} {ergonomic}
     bool SegmentedCodeCache                       = true                                      {product} {ergonomic}
     bool UseCompressedClassPointers               = true                                 {lp64_product} {ergonomic}
     bool UseCompressedOops                        = true                                 {lp64_product} {ergonomic}
     bool UseG1GC                                  = true                                      {product} {ergonomic}
     bool UseLargePagesIndividualAllocation        = false                                  {pd product} {ergonomic}

Logging:
Log output configuration:
 #0: stdout all=warning uptime,level,tags
 #1: stderr all=off uptime,level,tags

Environment Variables:
PATH=C:\Program Files\Common Files\Oracle\Java\javapath;C:\Windows\system32;C:\Windows;C:\Windows\System32\Wbem;C:\Windows\System32\WindowsPowerShell\v1.0\;C:\Windows\System32\OpenSSH\;C:\Program Files\Git\cmd;C:\Users\user\AppData\Local\Programs\Python\Python39\Scripts\;C:\Users\user\AppData\Local\Programs\Python\Python39\;C:\Users\user\AppData\Local\Microsoft\WindowsApps;
USERNAME=user
OS=Windows_NT
PROCESSOR_IDENTIFIER=Intel64 Family 6 Model 166 Stepping 0, GenuineIntel



---------------  S Y S T E M  ---------------

OS: Windows 10 , 64 bit Build 19041 (10.0.19041.2913)
OS uptime: 1 days 17:30 hours

CPU:total 8 (initial active 8) (4 cores per cpu, 2 threads per core) family 6 model 166 stepping 0 microcode 0xc6, cmov, cx8, fxsr, mmx, sse, sse2, sse3, ssse3, sse4.1, sse4.2, popcnt, avx, avx2, aes, clmul, erms, 3dnowpref, lzcnt, ht, tsc, tscinvbit, bmi1, bmi2, adx, fma

Memory: 4k page, system-wide physical 8006M (220M free)
TotalPageFile size 11950M (AvailPageFile size 1M)
current process WorkingSet (physical memory assigned to process): 359M, peak: 433M
current process commit charge ("private bytes"): 610M, peak: 617M

vm_info: OpenJDK 64-Bit Server VM (11.0.15+0-b2043.56-9505619) for windows-amd64 JRE (11.0.15+0-b2043.56-9505619), built on Jan 19 2023 02:48:00 by "builduser" with unknown MS VC++:1929

END.
