#
# There is insufficient memory for the Java Runtime Environment to continue.
# Native memory allocation (mmap) failed to map 27262976 bytes for Failed to commit area from 0x000000008ac00000 to 0x000000008c600000 of length 27262976.
# Possible reasons:
#   The system is out of physical RAM or swap space
#   The process is running with CompressedOops enabled, and the Java Heap may be blocking the growth of the native heap
# Possible solutions:
#   Reduce memory load on the system
#   Increase physical memory or swap space
#   Check if swap backing store is full
#   Decrease Java heap size (-Xmx/-Xms)
#   Decrease number of Java threads
#   Decrease Java thread stack sizes (-Xss)
#   Set larger code cache with -XX:ReservedCodeCacheSize=
#   JVM is running with Unscaled Compressed Oops mode in which the Java heap is
#     placed in the first 4GB address space. The Java Heap base address is the
#     maximum limit for the native heap growth. Please use -XX:HeapBaseMinAddress
#     to set the Java Heap base and to place the Java Heap above 4GB virtual address.
# This output file may be truncated or incomplete.
#
#  Out of Memory Error (src/hotspot/os/windows/os_windows.cpp:3627), pid=13340, tid=14224
#
# JRE version: OpenJDK Runtime Environment (11.0.15) (build 11.0.15+0-b2043.56-9505619)
# Java VM: OpenJDK 64-Bit Server VM (11.0.15+0-b2043.56-9505619, mixed mode, tiered, compressed oops, g1 gc, windows-amd64)
# No core dump will be written. Minidumps are not enabled by default on client versions of Windows
#

---------------  S U M M A R Y ------------

Command Line: org.jetbrains.kotlin.cli.jvm.K2JVMCompiler @C:\Users\user\Desktop\Android\WorkbookChap6_2_2\app\build\20230504_4204306212573680028.compiler.options

Host: Intel(R) Core(TM) i5-10210U CPU @ 1.60GHz, 8 cores, 7G,  Windows 10 , 64 bit Build 19041 (10.0.19041.2788)
Time: Thu May  4 14:08:43 2023  Windows 10 , 64 bit Build 19041 (10.0.19041.2788) elapsed time: 3.362026 seconds (0d 0h 0m 3s)

---------------  T H R E A D  ---------------

Current thread (0x000001b858b6a000):  VMThread "VM Thread" [stack: 0x00000022e6200000,0x00000022e6300000] [id=14224]

Stack: [0x00000022e6200000,0x00000022e6300000]
[error occurred during error reporting (printing stack bounds), id 0xc0000005, EXCEPTION_ACCESS_VIOLATION (0xc0000005) at pc=0x000001b84238112d]

Native frames: (J=compiled Java code, j=interpreted, Vv=VM code, C=native code)
V  [jvm.dll+0x64135a]
V  [jvm.dll+0x7d39f9]
V  [jvm.dll+0x7d51b9]
V  [jvm.dll+0x7d5805]
V  [jvm.dll+0x7d57bb]
V  [jvm.dll+0x640655]
V  [jvm.dll+0x640d68]
C  [ntdll.dll+0xa23df]
C  [ntdll.dll+0x514a4]
C  [ntdll.dll+0xa0f0e]
C  0x000001b84238112d

VM_Operation (0x00000022e5cfb000): G1CollectForAllocation, mode: safepoint, requested by thread 0x000001b83e852000


---------------  P R O C E S S  ---------------

Threads class SMR info:
_java_thread_list=0x000001b8595c42a0, length=11, elements={
0x000001b83e852000, 0x000001b858b8d000, 0x000001b858b8e800, 0x000001b858bb4800,
0x000001b859409800, 0x000001b85940e800, 0x000001b85941d800, 0x000001b859423000,
0x000001b858bbd000, 0x000001b85940c800, 0x000001b8595cb000
}

Java Threads: ( => current thread )
  0x000001b83e852000 JavaThread "main" [_thread_blocked, id=17612, stack(0x00000022e5c00000,0x00000022e5d00000)]
  0x000001b858b8d000 JavaThread "Reference Handler" daemon [_thread_blocked, id=16008, stack(0x00000022e6300000,0x00000022e6400000)]
  0x000001b858b8e800 JavaThread "Finalizer" daemon [_thread_blocked, id=6712, stack(0x00000022e6400000,0x00000022e6500000)]
  0x000001b858bb4800 JavaThread "Signal Dispatcher" daemon [_thread_blocked, id=13596, stack(0x00000022e6500000,0x00000022e6600000)]
  0x000001b859409800 JavaThread "Attach Listener" daemon [_thread_blocked, id=12280, stack(0x00000022e6600000,0x00000022e6700000)]
  0x000001b85940e800 JavaThread "Service Thread" daemon [_thread_blocked, id=8912, stack(0x00000022e6700000,0x00000022e6800000)]
  0x000001b85941d800 JavaThread "C2 CompilerThread0" daemon [_thread_in_native, id=13236, stack(0x00000022e6800000,0x00000022e6900000)]
  0x000001b859423000 JavaThread "C1 CompilerThread0" daemon [_thread_blocked, id=5780, stack(0x00000022e6900000,0x00000022e6a00000)]
  0x000001b858bbd000 JavaThread "Sweeper thread" daemon [_thread_blocked, id=13500, stack(0x00000022e6a00000,0x00000022e6b00000)]
  0x000001b85940c800 JavaThread "Common-Cleaner" daemon [_thread_blocked, id=10920, stack(0x00000022e6c00000,0x00000022e6d00000)]
  0x000001b8595cb000 JavaThread "C2 CompilerThread1" daemon [_thread_blocked, id=8504, stack(0x00000022e6d00000,0x00000022e6e00000)]

Other Threads:
=>0x000001b858b6a000 VMThread "VM Thread" [stack: 0x00000022e6200000,0x00000022e6300000] [id=14224]
  0x000001b8595b7000 WatcherThread [stack: 0x00000022e6b00000,0x00000022e6c00000] [id=15000]
  0x000001b83e869000 GCTaskThread "GC Thread#0" [stack: 0x00000022e5d00000,0x00000022e5e00000] [id=16888]
  0x000001b859b2c800 GCTaskThread "GC Thread#1" [stack: 0x00000022e6e00000,0x00000022e6f00000] [id=11436]
  0x000001b859bba800 GCTaskThread "GC Thread#2" [stack: 0x00000022e6f00000,0x00000022e7000000] [id=12816]
  0x000001b83e899000 ConcurrentGCThread "G1 Main Marker" [stack: 0x00000022e5e00000,0x00000022e5f00000] [id=5768]
  0x000001b83e89b800 ConcurrentGCThread "G1 Conc#0" [stack: 0x00000022e5f00000,0x00000022e6000000] [id=2016]
  0x000001b85a814800 ConcurrentGCThread "G1 Conc#1" [stack: 0x00000022e7000000,0x00000022e7100000] [id=15192]
  0x000001b8589d1800 ConcurrentGCThread "G1 Refine#0" [stack: 0x00000022e6000000,0x00000022e6100000] [id=6736]
  0x000001b83e92b800 ConcurrentGCThread "G1 Young RemSet Sampling" [stack: 0x00000022e6100000,0x00000022e6200000] [id=472]

Threads with active compile tasks:
C2 CompilerThread0     3375 2914       4       java.lang.ClassLoader::loadClass (7 bytes)
C1 CompilerThread0     3375 3091       3       org.jetbrains.kotlin.com.intellij.psi.AbstractFileViewProvider::getVirtualFile (14 bytes)
C2 CompilerThread1     3375 2961       4       jdk.internal.loader.ClassLoaders$AppClassLoader::loadClass (40 bytes)

VM state:at safepoint (normal execution)

VM Mutex/Monitor currently owned by a thread:  ([mutex/lock_event])
[0x000001b83e84ecf0] Threads_lock - owner thread: 0x000001b858b6a000
[0x000001b83e84eab0] Heap_lock - owner thread: 0x000001b83e852000

Heap address: 0x0000000082e00000, size: 2002 MB, Compressed Oops mode: 32-bit
Narrow klass base: 0x0000000000000000, Narrow klass shift: 3
Compressed class space size: 1073741824 Address: 0x0000000100000000

Heap:
 garbage-first heap   total 155648K, used 26640K [0x0000000082e00000, 0x0000000100000000)
  region size 1024K, 6 young (6144K), 6 survivors (6144K)
 Metaspace       used 45126K, capacity 45656K, committed 46032K, reserved 1089536K
  class space    used 5294K, capacity 5501K, committed 5628K, reserved 1048576K
Heap Regions: E=young(eden), S=young(survivor), O=old, HS=humongous(starts), HC=humongous(continues), CS=collection set, F=free, A=archive, TAMS=top-at-mark-start (previous, next)
|   0|0x0000000082e00000, 0x0000000082f00000, 0x0000000082f00000|100%|HS|  |TAMS 0x0000000082f00000, 0x0000000082e00000| Complete 
|   1|0x0000000082f00000, 0x0000000083000000, 0x0000000083000000|100%|HC|  |TAMS 0x0000000083000000, 0x0000000082f00000| Complete 
|   2|0x0000000083000000, 0x0000000083100000, 0x0000000083100000|100%|HC|  |TAMS 0x0000000083100000, 0x0000000083000000| Complete 
|   3|0x0000000083100000, 0x0000000083200000, 0x0000000083200000|100%|HC|  |TAMS 0x0000000083200000, 0x0000000083100000| Complete 
|   4|0x0000000083200000, 0x0000000083300000, 0x0000000083300000|100%|HS|  |TAMS 0x0000000083300000, 0x0000000083200000| Complete 
|   5|0x0000000083300000, 0x0000000083400000, 0x0000000083400000|100%|HC|  |TAMS 0x0000000083400000, 0x0000000083300000| Complete 
|   6|0x0000000083400000, 0x0000000083500000, 0x0000000083500000|100%|HC|  |TAMS 0x0000000083500000, 0x0000000083400000| Complete 
|   7|0x0000000083500000, 0x0000000083600000, 0x0000000083600000|100%|HC|  |TAMS 0x0000000083600000, 0x0000000083500000| Complete 
|   8|0x0000000083600000, 0x0000000083600000, 0x0000000083700000|  0%| F|  |TAMS 0x0000000083600000, 0x0000000083600000| Untracked 
|   9|0x0000000083700000, 0x0000000083700000, 0x0000000083800000|  0%| F|  |TAMS 0x0000000083700000, 0x0000000083700000| Untracked 
|  10|0x0000000083800000, 0x0000000083900000, 0x0000000083900000|100%| O|  |TAMS 0x0000000083900000, 0x0000000083800000| Untracked 
|  11|0x0000000083900000, 0x0000000083a00000, 0x0000000083a00000|100%| O|  |TAMS 0x0000000083a00000, 0x0000000083900000| Untracked 
|  12|0x0000000083a00000, 0x0000000083b00000, 0x0000000083b00000|100%| O|  |TAMS 0x0000000083b00000, 0x0000000083a00000| Untracked 
|  13|0x0000000083b00000, 0x0000000083c00000, 0x0000000083c00000|100%| O|  |TAMS 0x0000000083c00000, 0x0000000083b00000| Untracked 
|  14|0x0000000083c00000, 0x0000000083d00000, 0x0000000083d00000|100%| O|  |TAMS 0x0000000083d00000, 0x0000000083c00000| Untracked 
|  15|0x0000000083d00000, 0x0000000083e00000, 0x0000000083e00000|100%| O|  |TAMS 0x0000000083e00000, 0x0000000083d00000| Untracked 
|  16|0x0000000083e00000, 0x0000000083f00000, 0x0000000083f00000|100%| O|  |TAMS 0x0000000083f00000, 0x0000000083e00000| Untracked 
|  17|0x0000000083f00000, 0x0000000084000000, 0x0000000084000000|100%| O|  |TAMS 0x0000000084000000, 0x0000000083f00000| Untracked 
|  18|0x0000000084000000, 0x0000000084100000, 0x0000000084100000|100%| O|  |TAMS 0x0000000084100000, 0x0000000084000000| Untracked 
|  19|0x0000000084100000, 0x0000000084200000, 0x0000000084200000|100%| O|  |TAMS 0x0000000084200000, 0x0000000084100000| Untracked 
|  20|0x0000000084200000, 0x0000000084300000, 0x0000000084300000|100%| O|  |TAMS 0x0000000084300000, 0x0000000084200000| Untracked 
|  21|0x0000000084300000, 0x0000000084400000, 0x0000000084400000|100%| O|  |TAMS 0x0000000084400000, 0x0000000084300000| Untracked 
|  22|0x0000000084400000, 0x0000000084422200, 0x0000000084500000| 13%| O|  |TAMS 0x0000000084422200, 0x0000000084400000| Untracked 
|  23|0x0000000084500000, 0x0000000084500000, 0x0000000084600000|  0%| F|  |TAMS 0x0000000084500000, 0x0000000084500000| Untracked 
|  24|0x0000000084600000, 0x0000000084600000, 0x0000000084700000|  0%| F|  |TAMS 0x0000000084600000, 0x0000000084600000| Untracked 
|  25|0x0000000084700000, 0x0000000084700000, 0x0000000084800000|  0%| F|  |TAMS 0x0000000084700000, 0x0000000084700000| Untracked 
|  26|0x0000000084800000, 0x0000000084800000, 0x0000000084900000|  0%| F|  |TAMS 0x0000000084800000, 0x0000000084800000| Untracked 
|  27|0x0000000084900000, 0x0000000084900000, 0x0000000084a00000|  0%| F|  |TAMS 0x0000000084900000, 0x0000000084900000| Untracked 
|  28|0x0000000084a00000, 0x0000000084a00000, 0x0000000084b00000|  0%| F|  |TAMS 0x0000000084a00000, 0x0000000084a00000| Untracked 
|  29|0x0000000084b00000, 0x0000000084b00000, 0x0000000084c00000|  0%| F|  |TAMS 0x0000000084b00000, 0x0000000084b00000| Untracked 
|  30|0x0000000084c00000, 0x0000000084c00000, 0x0000000084d00000|  0%| F|  |TAMS 0x0000000084c00000, 0x0000000084c00000| Untracked 
|  31|0x0000000084d00000, 0x0000000084d00000, 0x0000000084e00000|  0%| F|  |TAMS 0x0000000084d00000, 0x0000000084d00000| Untracked 
|  32|0x0000000084e00000, 0x0000000084e00000, 0x0000000084f00000|  0%| F|  |TAMS 0x0000000084e00000, 0x0000000084e00000| Untracked 
|  33|0x0000000084f00000, 0x0000000084f00000, 0x0000000085000000|  0%| F|  |TAMS 0x0000000084f00000, 0x0000000084f00000| Untracked 
|  34|0x0000000085000000, 0x0000000085000000, 0x0000000085100000|  0%| F|  |TAMS 0x0000000085000000, 0x0000000085000000| Untracked 
|  35|0x0000000085100000, 0x0000000085100000, 0x0000000085200000|  0%| F|  |TAMS 0x0000000085100000, 0x0000000085100000| Untracked 
|  36|0x0000000085200000, 0x0000000085200000, 0x0000000085300000|  0%| F|  |TAMS 0x0000000085200000, 0x0000000085200000| Untracked 
|  37|0x0000000085300000, 0x0000000085300000, 0x0000000085400000|  0%| F|  |TAMS 0x0000000085300000, 0x0000000085300000| Untracked 
|  38|0x0000000085400000, 0x0000000085400000, 0x0000000085500000|  0%| F|  |TAMS 0x0000000085400000, 0x0000000085400000| Untracked 
|  39|0x0000000085500000, 0x0000000085500000, 0x0000000085600000|  0%| F|  |TAMS 0x0000000085500000, 0x0000000085500000| Untracked 
|  40|0x0000000085600000, 0x0000000085600000, 0x0000000085700000|  0%| F|  |TAMS 0x0000000085600000, 0x0000000085600000| Untracked 
|  41|0x0000000085700000, 0x0000000085700000, 0x0000000085800000|  0%| F|  |TAMS 0x0000000085700000, 0x0000000085700000| Untracked 
|  42|0x0000000085800000, 0x0000000085800000, 0x0000000085900000|  0%| F|  |TAMS 0x0000000085800000, 0x0000000085800000| Untracked 
|  43|0x0000000085900000, 0x0000000085900000, 0x0000000085a00000|  0%| F|  |TAMS 0x0000000085900000, 0x0000000085900000| Untracked 
|  44|0x0000000085a00000, 0x0000000085a00000, 0x0000000085b00000|  0%| F|  |TAMS 0x0000000085a00000, 0x0000000085a00000| Untracked 
|  45|0x0000000085b00000, 0x0000000085b00000, 0x0000000085c00000|  0%| F|  |TAMS 0x0000000085b00000, 0x0000000085b00000| Untracked 
|  46|0x0000000085c00000, 0x0000000085c00000, 0x0000000085d00000|  0%| F|  |TAMS 0x0000000085c00000, 0x0000000085c00000| Untracked 
|  47|0x0000000085d00000, 0x0000000085d00000, 0x0000000085e00000|  0%| F|  |TAMS 0x0000000085d00000, 0x0000000085d00000| Untracked 
|  48|0x0000000085e00000, 0x0000000085e00000, 0x0000000085f00000|  0%| F|  |TAMS 0x0000000085e00000, 0x0000000085e00000| Untracked 
|  49|0x0000000085f00000, 0x0000000085f00000, 0x0000000086000000|  0%| F|  |TAMS 0x0000000085f00000, 0x0000000085f00000| Untracked 
|  50|0x0000000086000000, 0x0000000086000000, 0x0000000086100000|  0%| F|  |TAMS 0x0000000086000000, 0x0000000086000000| Untracked 
|  51|0x0000000086100000, 0x0000000086100000, 0x0000000086200000|  0%| F|  |TAMS 0x0000000086100000, 0x0000000086100000| Untracked 
|  52|0x0000000086200000, 0x0000000086200000, 0x0000000086300000|  0%| F|  |TAMS 0x0000000086200000, 0x0000000086200000| Untracked 
|  53|0x0000000086300000, 0x0000000086300000, 0x0000000086400000|  0%| F|  |TAMS 0x0000000086300000, 0x0000000086300000| Untracked 
|  54|0x0000000086400000, 0x0000000086400000, 0x0000000086500000|  0%| F|  |TAMS 0x0000000086400000, 0x0000000086400000| Untracked 
|  55|0x0000000086500000, 0x0000000086500000, 0x0000000086600000|  0%| F|  |TAMS 0x0000000086500000, 0x0000000086500000| Untracked 
|  56|0x0000000086600000, 0x0000000086600000, 0x0000000086700000|  0%| F|  |TAMS 0x0000000086600000, 0x0000000086600000| Untracked 
|  57|0x0000000086700000, 0x0000000086700000, 0x0000000086800000|  0%| F|  |TAMS 0x0000000086700000, 0x0000000086700000| Untracked 
|  58|0x0000000086800000, 0x0000000086800000, 0x0000000086900000|  0%| F|  |TAMS 0x0000000086800000, 0x0000000086800000| Untracked 
|  59|0x0000000086900000, 0x0000000086900000, 0x0000000086a00000|  0%| F|  |TAMS 0x0000000086900000, 0x0000000086900000| Untracked 
|  60|0x0000000086a00000, 0x0000000086a00000, 0x0000000086b00000|  0%| F|  |TAMS 0x0000000086a00000, 0x0000000086a00000| Untracked 
|  61|0x0000000086b00000, 0x0000000086b00000, 0x0000000086c00000|  0%| F|  |TAMS 0x0000000086b00000, 0x0000000086b00000| Untracked 
|  62|0x0000000086c00000, 0x0000000086c00000, 0x0000000086d00000|  0%| F|  |TAMS 0x0000000086c00000, 0x0000000086c00000| Untracked 
|  63|0x0000000086d00000, 0x0000000086d00000, 0x0000000086e00000|  0%| F|  |TAMS 0x0000000086d00000, 0x0000000086d00000| Untracked 
|  64|0x0000000086e00000, 0x0000000086e00000, 0x0000000086f00000|  0%| F|  |TAMS 0x0000000086e00000, 0x0000000086e00000| Untracked 
|  65|0x0000000086f00000, 0x0000000086f00000, 0x0000000087000000|  0%| F|  |TAMS 0x0000000086f00000, 0x0000000086f00000| Untracked 
|  66|0x0000000087000000, 0x0000000087000000, 0x0000000087100000|  0%| F|  |TAMS 0x0000000087000000, 0x0000000087000000| Untracked 
|  67|0x0000000087100000, 0x0000000087100000, 0x0000000087200000|  0%| F|  |TAMS 0x0000000087100000, 0x0000000087100000| Untracked 
|  68|0x0000000087200000, 0x0000000087200000, 0x0000000087300000|  0%| F|  |TAMS 0x0000000087200000, 0x0000000087200000| Untracked 
|  69|0x0000000087300000, 0x0000000087300000, 0x0000000087400000|  0%| F|  |TAMS 0x0000000087300000, 0x0000000087300000| Untracked 
|  70|0x0000000087400000, 0x0000000087400000, 0x0000000087500000|  0%| F|  |TAMS 0x0000000087400000, 0x0000000087400000| Untracked 
|  71|0x0000000087500000, 0x0000000087500000, 0x0000000087600000|  0%| F|  |TAMS 0x0000000087500000, 0x0000000087500000| Untracked 
|  72|0x0000000087600000, 0x0000000087600000, 0x0000000087700000|  0%| F|  |TAMS 0x0000000087600000, 0x0000000087600000| Untracked 
|  73|0x0000000087700000, 0x0000000087700000, 0x0000000087800000|  0%| F|  |TAMS 0x0000000087700000, 0x0000000087700000| Untracked 
|  74|0x0000000087800000, 0x00000000878e2110, 0x0000000087900000| 88%| S|CS|TAMS 0x0000000087800000, 0x0000000087800000| Complete 
|  75|0x0000000087900000, 0x0000000087a00000, 0x0000000087a00000|100%| S|CS|TAMS 0x0000000087900000, 0x0000000087900000| Complete 
|  76|0x0000000087a00000, 0x0000000087b00000, 0x0000000087b00000|100%| S|CS|TAMS 0x0000000087a00000, 0x0000000087a00000| Complete 
|  77|0x0000000087b00000, 0x0000000087c00000, 0x0000000087c00000|100%| S|CS|TAMS 0x0000000087b00000, 0x0000000087b00000| Complete 
|  78|0x0000000087c00000, 0x0000000087d00000, 0x0000000087d00000|100%| S|CS|TAMS 0x0000000087c00000, 0x0000000087c00000| Complete 
|  79|0x0000000087d00000, 0x0000000087e00000, 0x0000000087e00000|100%| S|CS|TAMS 0x0000000087d00000, 0x0000000087d00000| Complete 
|  80|0x0000000087e00000, 0x0000000087e00000, 0x0000000087f00000|  0%| F|  |TAMS 0x0000000087e00000, 0x0000000087e00000| Untracked 
|  81|0x0000000087f00000, 0x0000000087f00000, 0x0000000088000000|  0%| F|  |TAMS 0x0000000087f00000, 0x0000000087f00000| Untracked 
|  82|0x0000000088000000, 0x0000000088000000, 0x0000000088100000|  0%| F|  |TAMS 0x0000000088000000, 0x0000000088000000| Untracked 
|  83|0x0000000088100000, 0x0000000088100000, 0x0000000088200000|  0%| F|  |TAMS 0x0000000088100000, 0x0000000088100000| Untracked 
|  84|0x0000000088200000, 0x0000000088200000, 0x0000000088300000|  0%| F|  |TAMS 0x0000000088200000, 0x0000000088200000| Untracked 
|  85|0x0000000088300000, 0x0000000088300000, 0x0000000088400000|  0%| F|  |TAMS 0x0000000088300000, 0x0000000088300000| Untracked 
|  86|0x0000000088400000, 0x0000000088400000, 0x0000000088500000|  0%| F|  |TAMS 0x0000000088400000, 0x0000000088400000| Untracked 
|  87|0x0000000088500000, 0x0000000088500000, 0x0000000088600000|  0%| F|  |TAMS 0x0000000088500000, 0x0000000088500000| Untracked 
|  88|0x0000000088600000, 0x0000000088600000, 0x0000000088700000|  0%| F|  |TAMS 0x0000000088600000, 0x0000000088600000| Untracked 
|  89|0x0000000088700000, 0x0000000088700000, 0x0000000088800000|  0%| F|  |TAMS 0x0000000088700000, 0x0000000088700000| Untracked 
|  90|0x0000000088800000, 0x0000000088800000, 0x0000000088900000|  0%| F|  |TAMS 0x0000000088800000, 0x0000000088800000| Untracked 
|  91|0x0000000088900000, 0x0000000088900000, 0x0000000088a00000|  0%| F|  |TAMS 0x0000000088900000, 0x0000000088900000| Untracked 
|  92|0x0000000088a00000, 0x0000000088a00000, 0x0000000088b00000|  0%| F|  |TAMS 0x0000000088a00000, 0x0000000088a00000| Untracked 
|  93|0x0000000088b00000, 0x0000000088b00000, 0x0000000088c00000|  0%| F|  |TAMS 0x0000000088b00000, 0x0000000088b00000| Untracked 
|  94|0x0000000088c00000, 0x0000000088c00000, 0x0000000088d00000|  0%| F|  |TAMS 0x0000000088c00000, 0x0000000088c00000| Untracked 
|  95|0x0000000088d00000, 0x0000000088d00000, 0x0000000088e00000|  0%| F|  |TAMS 0x0000000088d00000, 0x0000000088d00000| Untracked 
|  96|0x0000000088e00000, 0x0000000088e00000, 0x0000000088f00000|  0%| F|  |TAMS 0x0000000088e00000, 0x0000000088e00000| Untracked 
|  97|0x0000000088f00000, 0x0000000088f00000, 0x0000000089000000|  0%| F|  |TAMS 0x0000000088f00000, 0x0000000088f00000| Untracked 
|  98|0x0000000089000000, 0x0000000089000000, 0x0000000089100000|  0%| F|  |TAMS 0x0000000089000000, 0x0000000089000000| Untracked 
|  99|0x0000000089100000, 0x0000000089100000, 0x0000000089200000|  0%| F|  |TAMS 0x0000000089100000, 0x0000000089100000| Untracked 
| 100|0x0000000089200000, 0x0000000089200000, 0x0000000089300000|  0%| F|  |TAMS 0x0000000089200000, 0x0000000089200000| Untracked 
| 101|0x0000000089300000, 0x0000000089300000, 0x0000000089400000|  0%| F|  |TAMS 0x0000000089300000, 0x0000000089300000| Untracked 
| 102|0x0000000089400000, 0x0000000089400000, 0x0000000089500000|  0%| F|  |TAMS 0x0000000089400000, 0x0000000089400000| Untracked 
| 103|0x0000000089500000, 0x0000000089500000, 0x0000000089600000|  0%| F|  |TAMS 0x0000000089500000, 0x0000000089500000| Untracked 
| 104|0x0000000089600000, 0x0000000089600000, 0x0000000089700000|  0%| F|  |TAMS 0x0000000089600000, 0x0000000089600000| Untracked 
| 105|0x0000000089700000, 0x0000000089700000, 0x0000000089800000|  0%| F|  |TAMS 0x0000000089700000, 0x0000000089700000| Untracked 
| 106|0x0000000089800000, 0x0000000089800000, 0x0000000089900000|  0%| F|  |TAMS 0x0000000089800000, 0x0000000089800000| Untracked 
| 107|0x0000000089900000, 0x0000000089900000, 0x0000000089a00000|  0%| F|  |TAMS 0x0000000089900000, 0x0000000089900000| Untracked 
| 108|0x0000000089a00000, 0x0000000089a00000, 0x0000000089b00000|  0%| F|  |TAMS 0x0000000089a00000, 0x0000000089a00000| Untracked 
| 109|0x0000000089b00000, 0x0000000089b00000, 0x0000000089c00000|  0%| F|  |TAMS 0x0000000089b00000, 0x0000000089b00000| Untracked 
| 110|0x0000000089c00000, 0x0000000089c00000, 0x0000000089d00000|  0%| F|  |TAMS 0x0000000089c00000, 0x0000000089c00000| Untracked 
| 111|0x0000000089d00000, 0x0000000089d00000, 0x0000000089e00000|  0%| F|  |TAMS 0x0000000089d00000, 0x0000000089d00000| Untracked 
| 112|0x0000000089e00000, 0x0000000089e00000, 0x0000000089f00000|  0%| F|  |TAMS 0x0000000089e00000, 0x0000000089e00000| Untracked 
| 113|0x0000000089f00000, 0x0000000089f00000, 0x000000008a000000|  0%| F|  |TAMS 0x0000000089f00000, 0x0000000089f00000| Untracked 
| 114|0x000000008a000000, 0x000000008a000000, 0x000000008a100000|  0%| F|  |TAMS 0x000000008a000000, 0x000000008a000000| Untracked 
| 115|0x000000008a100000, 0x000000008a100000, 0x000000008a200000|  0%| F|  |TAMS 0x000000008a100000, 0x000000008a100000| Untracked 
| 116|0x000000008a200000, 0x000000008a200000, 0x000000008a300000|  0%| F|  |TAMS 0x000000008a200000, 0x000000008a200000| Untracked 
| 117|0x000000008a300000, 0x000000008a300000, 0x000000008a400000|  0%| F|  |TAMS 0x000000008a300000, 0x000000008a300000| Untracked 
| 118|0x000000008a400000, 0x000000008a400000, 0x000000008a500000|  0%| F|  |TAMS 0x000000008a400000, 0x000000008a400000| Untracked 
| 119|0x000000008a500000, 0x000000008a500000, 0x000000008a600000|  0%| F|  |TAMS 0x000000008a500000, 0x000000008a500000| Untracked 
| 120|0x000000008a600000, 0x000000008a600000, 0x000000008a700000|  0%| F|  |TAMS 0x000000008a600000, 0x000000008a600000| Untracked 
| 121|0x000000008a700000, 0x000000008a700000, 0x000000008a800000|  0%| F|  |TAMS 0x000000008a700000, 0x000000008a700000| Untracked 
| 122|0x000000008a800000, 0x000000008a800000, 0x000000008a900000|  0%| F|  |TAMS 0x000000008a800000, 0x000000008a800000| Untracked 
| 123|0x000000008a900000, 0x000000008a900000, 0x000000008aa00000|  0%| F|  |TAMS 0x000000008a900000, 0x000000008a900000| Untracked 
| 124|0x000000008aa00000, 0x000000008aa00000, 0x000000008ab00000|  0%| F|  |TAMS 0x000000008aa00000, 0x000000008aa00000| Untracked 
| 125|0x000000008ab00000, 0x000000008ab00000, 0x000000008ac00000|  0%| F|  |TAMS 0x000000008ab00000, 0x000000008ab00000| Untracked 

Card table byte_map: [0x000001b851aa0000,0x000001b851e90000] _byte_map_base: 0x000001b851689000

Marking Bits (Prev, Next): (CMBitMap*) 0x000001b83e88f628, (CMBitMap*) 0x000001b83e88f660
 Prev Bits: [0x000001b852280000, 0x000001b8541c8000)
 Next Bits: [0x000001b8541d0000, 0x000001b856118000)

Polling page: 0x000001b83c790000

Metaspace:

Usage:
  Non-class:     39.21 MB capacity,    38.90 MB (>99%) used,   258.24 KB ( <1%) free+waste,    64.94 KB ( <1%) overhead. 
      Class:      5.37 MB capacity,     5.17 MB ( 96%) used,   177.90 KB (  3%) free+waste,    28.50 KB ( <1%) overhead. 
       Both:     44.59 MB capacity,    44.07 MB ( 99%) used,   436.14 KB ( <1%) free+waste,    93.44 KB ( <1%) overhead. 

Virtual space:
  Non-class space:       40.00 MB reserved,      39.46 MB ( 99%) committed 
      Class space:        1.00 GB reserved,       5.50 MB ( <1%) committed 
             Both:        1.04 GB reserved,      44.95 MB (  4%) committed 

Chunk freelists:
   Non-Class:  57.00 KB
       Class:  3.00 KB
        Both:  60.00 KB

MaxMetaspaceSize: 17179869184.00 GB
CompressedClassSpaceSize: 1.00 GB
Initial GC threshold: 20.80 MB
Current GC threshold: 59.09 MB
CDS: off

CodeHeap 'non-profiled nmethods': size=120000Kb used=1317Kb max_used=1317Kb free=118682Kb
 bounds [0x000001b849e50000, 0x000001b84a0c0000, 0x000001b851380000]
CodeHeap 'profiled nmethods': size=120000Kb used=6150Kb max_used=6150Kb free=113849Kb
 bounds [0x000001b842920000, 0x000001b842f30000, 0x000001b849e50000]
CodeHeap 'non-nmethods': size=5760Kb used=1273Kb max_used=1302Kb free=4486Kb
 bounds [0x000001b842380000, 0x000001b8425f0000, 0x000001b842920000]
 total_blobs=3628 nmethods=3072 adapters=467
 compilation: enabled
              stopped_count=0, restarted_count=0
 full_count=0

Compilation events (20 events):
Event: 3.319 Thread 0x000001b859423000 nmethod 3081 0x000001b842f1ed90 code [0x000001b842f1ef40, 0x000001b842f1f0c8]
Event: 3.319 Thread 0x000001b859423000 3083       3       org.jetbrains.kotlin.com.intellij.psi.impl.source.tree.CompositeElement::findChildByType (55 bytes)
Event: 3.320 Thread 0x000001b859423000 nmethod 3083 0x000001b842f1f190 code [0x000001b842f1f3a0, 0x000001b842f1f9d8]
Event: 3.320 Thread 0x000001b859423000 3084       1       java.util.concurrent.atomic.AtomicReference::get (5 bytes)
Event: 3.320 Thread 0x000001b859423000 nmethod 3084 0x000001b849f98d10 code [0x000001b849f98ec0, 0x000001b849f98f78]
Event: 3.320 Thread 0x000001b859423000 3082       1       org.jetbrains.kotlin.com.intellij.psi.AbstractFileViewProvider::isEventSystemEnabled (5 bytes)
Event: 3.320 Thread 0x000001b859423000 nmethod 3082 0x000001b849f99010 code [0x000001b849f991c0, 0x000001b849f99278]
Event: 3.320 Thread 0x000001b859423000 3085       3       org.jetbrains.kotlin.types.error.ErrorUtils::isErrorClass (5 bytes)
Event: 3.320 Thread 0x000001b859423000 nmethod 3085 0x000001b842f1fc10 code [0x000001b842f1fdc0, 0x000001b842f1ffb8]
Event: 3.320 Thread 0x000001b859423000 3086       3       org.jetbrains.kotlin.com.intellij.openapi.util.RecursionManager::markStack (22 bytes)
Event: 3.321 Thread 0x000001b859423000 nmethod 3086 0x000001b842f20090 code [0x000001b842f20260, 0x000001b842f20608]
Event: 3.321 Thread 0x000001b859423000 3087       3       org.jetbrains.kotlin.com.intellij.openapi.util.RecursionManager$2::<init> (10 bytes)
Event: 3.321 Thread 0x000001b859423000 nmethod 3087 0x000001b842f20790 code [0x000001b842f20940, 0x000001b842f20a98]
Event: 3.331 Thread 0x000001b859423000 3088       3       kotlin.reflect.jvm.internal.pcollections.IntTree::plus (111 bytes)
Event: 3.331 Thread 0x000001b859423000 nmethod 3088 0x000001b842f20b90 code [0x000001b842f20dc0, 0x000001b842f21458]
Event: 3.339 Thread 0x000001b859423000 3089       3       org.jetbrains.kotlin.com.intellij.util.containers.ConcurrentIntObjectHashMap$Node::<init> (26 bytes)
Event: 3.339 Thread 0x000001b859423000 nmethod 3089 0x000001b842f21690 code [0x000001b842f21840, 0x000001b842f21a78]
Event: 3.347 Thread 0x000001b859423000 3090       1       org.jetbrains.kotlin.resolve.ImportPath::isAllUnder (5 bytes)
Event: 3.348 Thread 0x000001b859423000 nmethod 3090 0x000001b849f99310 code [0x000001b849f994c0, 0x000001b849f99578]
Event: 3.348 Thread 0x000001b859423000 3091       3       org.jetbrains.kotlin.com.intellij.psi.AbstractFileViewProvider::getVirtualFile (14 bytes)

GC Heap History (9 events):
Event: 0.530 GC heap before
{Heap before GC invocations=0 (full 0):
 garbage-first heap   total 129024K, used 28672K [0x0000000082e00000, 0x0000000100000000)
  region size 1024K, 24 young (24576K), 0 survivors (0K)
 Metaspace       used 11799K, capacity 11890K, committed 12160K, reserved 1060864K
  class space    used 1076K, capacity 1109K, committed 1152K, reserved 1048576K
}
Event: 0.535 GC heap after
{Heap after GC invocations=1 (full 0):
 garbage-first heap   total 129024K, used 6740K [0x0000000082e00000, 0x0000000100000000)
  region size 1024K, 3 young (3072K), 3 survivors (3072K)
 Metaspace       used 11799K, capacity 11890K, committed 12160K, reserved 1060864K
  class space    used 1076K, capacity 1109K, committed 1152K, reserved 1048576K
}
Event: 1.176 GC heap before
{Heap before GC invocations=1 (full 0):
 garbage-first heap   total 129024K, used 45652K [0x0000000082e00000, 0x0000000100000000)
  region size 1024K, 42 young (43008K), 3 survivors (3072K)
 Metaspace       used 21032K, capacity 21185K, committed 21248K, reserved 1069056K
  class space    used 2219K, capacity 2302K, committed 2304K, reserved 1048576K
}
Event: 1.187 GC heap after
{Heap after GC invocations=2 (full 0):
 garbage-first heap   total 129024K, used 10558K [0x0000000082e00000, 0x0000000100000000)
  region size 1024K, 7 young (7168K), 7 survivors (7168K)
 Metaspace       used 21032K, capacity 21185K, committed 21248K, reserved 1069056K
  class space    used 2219K, capacity 2302K, committed 2304K, reserved 1048576K
}
Event: 2.464 GC heap before
{Heap before GC invocations=3 (full 0):
 garbage-first heap   total 129024K, used 68926K [0x0000000082e00000, 0x0000000100000000)
  region size 1024K, 58 young (59392K), 7 survivors (7168K)
 Metaspace       used 33407K, capacity 33796K, committed 34044K, reserved 1079296K
  class space    used 4134K, capacity 4305K, committed 4348K, reserved 1048576K
}
Event: 2.486 GC heap after
{Heap after GC invocations=4 (full 0):
 garbage-first heap   total 129024K, used 22645K [0x0000000082e00000, 0x0000000100000000)
  region size 1024K, 8 young (8192K), 8 survivors (8192K)
 Metaspace       used 33407K, capacity 33796K, committed 34044K, reserved 1079296K
  class space    used 4134K, capacity 4305K, committed 4348K, reserved 1048576K
}
Event: 2.667 GC heap before
{Heap before GC invocations=4 (full 0):
 garbage-first heap   total 129024K, used 34933K [0x0000000082e00000, 0x0000000100000000)
  region size 1024K, 21 young (21504K), 8 survivors (8192K)
 Metaspace       used 35542K, capacity 35951K, committed 36048K, reserved 1081344K
  class space    used 4349K, capacity 4533K, committed 4604K, reserved 1048576K
}
Event: 2.677 GC heap after
{Heap after GC invocations=5 (full 0):
 garbage-first heap   total 129024K, used 23143K [0x0000000082e00000, 0x0000000100000000)
  region size 1024K, 3 young (3072K), 3 survivors (3072K)
 Metaspace       used 35542K, capacity 35951K, committed 36048K, reserved 1081344K
  class space    used 4349K, capacity 4533K, committed 4604K, reserved 1048576K
}
Event: 3.348 GC heap before
{Heap before GC invocations=6 (full 0):
 garbage-first heap   total 129024K, used 67175K [0x0000000082e00000, 0x0000000100000000)
  region size 1024K, 46 young (47104K), 3 survivors (3072K)
 Metaspace       used 45126K, capacity 45656K, committed 46032K, reserved 1089536K
  class space    used 5294K, capacity 5501K, committed 5628K, reserved 1048576K
}

Deoptimization events (20 events):
Event: 3.165 Thread 0x000001b83e852000 Uncommon trap: trap_request=0xffffff4d fr.pc=0x000001b849e778e8 relative=0x0000000000000c48
Event: 3.165 Thread 0x000001b83e852000 Uncommon trap: reason=unstable_if action=reinterpret pc=0x000001b849e778e8 method=java.lang.StringCoding.encodeUTF8(B[BZ)[B @ 2 c2
Event: 3.165 Thread 0x000001b83e852000 DEOPT PACKING pc=0x000001b849e778e8 sp=0x00000022e5cf5a60
Event: 3.165 Thread 0x000001b83e852000 DEOPT UNPACKING pc=0x000001b8423ca1af sp=0x00000022e5cf5850 mode 2
Event: 3.165 Thread 0x000001b83e852000 Uncommon trap: trap_request=0xffffff4d fr.pc=0x000001b849f06a34 relative=0x0000000000000334
Event: 3.165 Thread 0x000001b83e852000 Uncommon trap: reason=unstable_if action=reinterpret pc=0x000001b849f06a34 method=sun.net.www.ParseUtil.firstEncodeIndex(Ljava/lang/String;)I @ 27 c2
Event: 3.165 Thread 0x000001b83e852000 DEOPT PACKING pc=0x000001b849f06a34 sp=0x00000022e5cf5ba0
Event: 3.165 Thread 0x000001b83e852000 DEOPT UNPACKING pc=0x000001b8423ca1af sp=0x00000022e5cf5a08 mode 2
Event: 3.165 Thread 0x000001b83e852000 Uncommon trap: trap_request=0xffffff4d fr.pc=0x000001b849f1c1b8 relative=0x0000000000000198
Event: 3.165 Thread 0x000001b83e852000 Uncommon trap: reason=unstable_if action=reinterpret pc=0x000001b849f1c1b8 method=java.lang.String.indexOf(II)I @ 4 c2
Event: 3.165 Thread 0x000001b83e852000 DEOPT PACKING pc=0x000001b849f1c1b8 sp=0x00000022e5cf5870
Event: 3.165 Thread 0x000001b83e852000 DEOPT UNPACKING pc=0x000001b8423ca1af sp=0x00000022e5cf5820 mode 2
Event: 3.165 Thread 0x000001b83e852000 Uncommon trap: trap_request=0xffffff4d fr.pc=0x000001b849f2eeb4 relative=0x0000000000000194
Event: 3.165 Thread 0x000001b83e852000 Uncommon trap: reason=unstable_if action=reinterpret pc=0x000001b849f2eeb4 method=java.lang.String.startsWith(Ljava/lang/String;I)Z @ 46 c2
Event: 3.165 Thread 0x000001b83e852000 DEOPT PACKING pc=0x000001b849f2eeb4 sp=0x00000022e5cf5970
Event: 3.165 Thread 0x000001b83e852000 DEOPT UNPACKING pc=0x000001b8423ca1af sp=0x00000022e5cf58d8 mode 2
Event: 3.165 Thread 0x000001b83e852000 Uncommon trap: trap_request=0xffffff4d fr.pc=0x000001b849f82724 relative=0x0000000000000644
Event: 3.165 Thread 0x000001b83e852000 Uncommon trap: reason=unstable_if action=reinterpret pc=0x000001b849f82724 method=java.lang.String.lastIndexOf(II)I @ 4 c2
Event: 3.165 Thread 0x000001b83e852000 DEOPT PACKING pc=0x000001b849f82724 sp=0x00000022e5cf59e0
Event: 3.165 Thread 0x000001b83e852000 DEOPT UNPACKING pc=0x000001b8423ca1af sp=0x00000022e5cf58d0 mode 2

Classes redefined (0 events):
No events

Internal exceptions (20 events):
Event: 1.154 Thread 0x000001b83e852000 Exception <a 'java/lang/NoSuchMethodError'{0x00000000884b7820}: 'long java.lang.invoke.DirectMethodHandle$Holder.invokeStatic(java.lang.Object)'> (0x00000000884b7820) thrown at [src/hotspot/share/interpreter/linkResolver.cpp, line 773]
Event: 1.154 Thread 0x000001b83e852000 Exception <a 'java/lang/NoSuchMethodError'{0x00000000884ba678}: 'long java.lang.invoke.DirectMethodHandle$Holder.invokeStaticInit(java.lang.Object)'> (0x00000000884ba678) thrown at [src/hotspot/share/interpreter/linkResolver.cpp, line 773]
Event: 1.187 Thread 0x000001b83e852000 Exception <a 'java/lang/NoSuchMethodError'{0x000000008ab00d20}: 'int java.lang.invoke.DirectMethodHandle$Holder.invokeSpecialIFC(java.lang.Object, java.lang.Object, int)'> (0x000000008ab00d20) thrown at [src/hotspot/share/interpreter/linkResolver.cpp, line 773]
Event: 1.231 Thread 0x000001b83e852000 Exception <a 'java/lang/NoSuchMethodError'{0x000000008a816f58}: 'int java.lang.invoke.DirectMethodHandle$Holder.invokeStaticInit(java.lang.Object, java.lang.Object, java.lang.Object)'> (0x000000008a816f58) thrown at [src/hotspot/share/interpreter/linkResolver.cpp, line 773]
Event: 1.234 Thread 0x000001b83e852000 Exception <a 'java/lang/NoSuchMethodError'{0x000000008a842798}: 'int java.lang.invoke.DirectMethodHandle$Holder.invokeStaticInit(java.lang.Object, java.lang.Object)'> (0x000000008a842798) thrown at [src/hotspot/share/interpreter/linkResolver.cpp, line 773]
Event: 1.289 Thread 0x000001b83e852000 Exception <a 'java/lang/NoSuchMethodError'{0x000000008a659c78}: 'void java.lang.invoke.DirectMethodHandle$Holder.invokeSpecial(java.lang.Object, java.lang.Object)'> (0x000000008a659c78) thrown at [src/hotspot/share/interpreter/linkResolver.cpp, line 773]
Event: 1.482 Thread 0x000001b83e852000 Exception <a 'java/lang/NoSuchMethodError'{0x0000000089d0b3a0}: 'java.lang.Object java.lang.invoke.DirectMethodHandle$Holder.invokeStatic(java.lang.Object, java.lang.Object, java.lang.Object, java.lang.Object, java.lang.Object, java.lang.Object, java.lang.Object, java.lang.Object, java.lang.Object, java.lang.Object, java.lang.Object, java.lang.Object, java.lang.Object, java.lang.Object, java.lang.Object)'> (0x0000000089d0b3a0) thrown at [src/hotspot/share/interpreter/linkResolver.cpp, line 773]
Event: 1.484 Thread 0x000001b83e852000 Exception <a 'java/lang/NoSuchMethodError'{0x0000000089d193a8}: 'java.lang.Object java.lang.invoke.DirectMethodHandle$Holder.invokeStatic(java.lang.Object, java.lang.Object, java.lang.Object, java.lang.Object, java.lang.Object, java.lang.Object, java.lang.Object, java.lang.Object, java.lang.Object, java.lang.Object, java.lang.Object, java.lang.Object, java.lang.Object, java.lang.Object, java.lang.Object, java.lang.Object)'> (0x0000000089d193a8) thrown at [src/hotspot/share/interpreter/linkResolver.cpp, lin
Event: 1.485 Thread 0x000001b83e852000 Exception <a 'java/lang/NoSuchMethodError'{0x0000000089d272c0}: 'java.lang.Object java.lang.invoke.DirectMethodHandle$Holder.invokeSpecial(java.lang.Object, java.lang.Object, int, int, java.lang.Object, java.lang.Object, java.lang.Object)'> (0x0000000089d272c0) thrown at [src/hotspot/share/interpreter/linkResolver.cpp, line 773]
Event: 1.486 Thread 0x000001b83e852000 Exception <a 'java/lang/NoSuchMethodError'{0x0000000089d2aaf8}: 'java.lang.Object java.lang.invoke.DelegatingMethodHandle$Holder.reinvoke_L(java.lang.Object, int, int, java.lang.Object, java.lang.Object, java.lang.Object)'> (0x0000000089d2aaf8) thrown at [src/hotspot/share/interpreter/linkResolver.cpp, line 773]
Event: 1.486 Thread 0x000001b83e852000 Exception <a 'java/lang/NoSuchMethodError'{0x0000000089d2ee80}: 'java.lang.Object java.lang.invoke.DirectMethodHandle$Holder.invokeStatic(java.lang.Object, java.lang.Object, java.lang.Object, java.lang.Object, int)'> (0x0000000089d2ee80) thrown at [src/hotspot/share/interpreter/linkResolver.cpp, line 773]
Event: 1.530 Thread 0x000001b83e852000 Exception <a 'java/lang/NoSuchMethodError'{0x0000000089c537d8}: 'void java.lang.invoke.DirectMethodHandle$Holder.invokeStatic(java.lang.Object, java.lang.Object, java.lang.Object, java.lang.Object)'> (0x0000000089c537d8) thrown at [src/hotspot/share/interpreter/linkResolver.cpp, line 773]
Event: 1.605 Thread 0x000001b83e852000 Exception <a 'java/lang/NoSuchMethodError'{0x000000008983b548}: 'void java.lang.invoke.DirectMethodHandle$Holder.invokeStaticInit(java.lang.Object, java.lang.Object)'> (0x000000008983b548) thrown at [src/hotspot/share/interpreter/linkResolver.cpp, line 773]
Event: 1.693 Thread 0x000001b83e852000 Exception <a 'java/lang/NoSuchMethodError'{0x000000008949c1c8}: 'void java.lang.invoke.DirectMethodHandle$Holder.invokeVirtual(java.lang.Object, java.lang.Object)'> (0x000000008949c1c8) thrown at [src/hotspot/share/interpreter/linkResolver.cpp, line 773]
Event: 1.704 Thread 0x000001b83e852000 Exception <a 'java/lang/NoSuchMethodError'{0x0000000089330950}: 'int java.lang.invoke.DirectMethodHandle$Holder.invokeVirtual(java.lang.Object, java.lang.Object)'> (0x0000000089330950) thrown at [src/hotspot/share/interpreter/linkResolver.cpp, line 773]
Event: 2.629 Thread 0x000001b83e852000 Exception <a 'java/lang/NoSuchMethodError'{0x000000008a1236c8}: 'java.lang.Object java.lang.invoke.DirectMethodHandle$Holder.invokeVirtual(java.lang.Object, java.lang.Object, java.lang.Object)'> (0x000000008a1236c8) thrown at [src/hotspot/share/interpreter/linkResolver.cpp, line 773]
Event: 3.262 Thread 0x000001b83e852000 Exception <a 'java/lang/NoSuchMethodError'{0x00000000881ac108}: 'java.lang.Object java.lang.invoke.Invokers$Holder.linkToTargetMethod(java.lang.Object, int, java.lang.Object)'> (0x00000000881ac108) thrown at [src/hotspot/share/interpreter/linkResolver.cpp, line 773]
Event: 3.311 Thread 0x000001b83e852000 Exception <a 'java/lang/NoSuchMethodError'{0x0000000087f5a7d8}: 'java.lang.Object java.lang.invoke.DirectMethodHandle$Holder.invokeStatic(java.lang.Object, java.lang.Object, java.lang.Object, int)'> (0x0000000087f5a7d8) thrown at [src/hotspot/share/interpreter/linkResolver.cpp, line 773]
Event: 3.311 Thread 0x000001b83e852000 Exception <a 'java/lang/NoSuchMethodError'{0x0000000087f5e448}: 'java.lang.Object java.lang.invoke.DirectMethodHandle$Holder.invokeSpecial(java.lang.Object, java.lang.Object, java.lang.Object, java.lang.Object, int)'> (0x0000000087f5e448) thrown at [src/hotspot/share/interpreter/linkResolver.cpp, line 773]
Event: 3.311 Thread 0x000001b83e852000 Exception <a 'java/lang/NoSuchMethodError'{0x0000000087f61758}: 'java.lang.Object java.lang.invoke.Invokers$Holder.linkToTargetMethod(java.lang.Object, java.lang.Object, int, java.lang.Object)'> (0x0000000087f61758) thrown at [src/hotspot/share/interpreter/linkResolver.cpp, line 773]

Events (20 events):
Event: 3.342 loading class org/jetbrains/kotlin/com/intellij/util/ArrayFactory done
Event: 3.343 loading class org/jetbrains/kotlin/resolve/TypeResolver$resolveTypeElement$suspendModifier$2
Event: 3.343 loading class org/jetbrains/kotlin/resolve/TypeResolver$resolveTypeElement$suspendModifier$2 done
Event: 3.343 loading class org/jetbrains/kotlin/resolve/TypeResolver$resolveTypeElement$1
Event: 3.343 loading class org/jetbrains/kotlin/resolve/TypeResolver$resolveTypeElement$1 done
Event: 3.344 loading class org/jetbrains/kotlin/resolve/scopes/LexicalScope$DefaultImpls
Event: 3.344 loading class org/jetbrains/kotlin/resolve/scopes/LexicalScope$DefaultImpls done
Event: 3.345 loading class org/jetbrains/kotlin/resolve/scopes/HierarchicalScope$DefaultImpls
Event: 3.345 loading class org/jetbrains/kotlin/resolve/scopes/HierarchicalScope$DefaultImpls done
Event: 3.345 loading class org/jetbrains/kotlin/resolve/scopes/ResolutionScope$DefaultImpls
Event: 3.345 loading class org/jetbrains/kotlin/resolve/scopes/ResolutionScope$DefaultImpls done
Event: 3.345 loading class org/jetbrains/kotlin/resolve/extensions/ExtraImportsProviderExtension$Companion$CompoundExtraImportsProviderExtension
Event: 3.345 loading class org/jetbrains/kotlin/resolve/extensions/ExtraImportsProviderExtension$Companion$CompoundExtraImportsProviderExtension done
Event: 3.346 loading class org/jetbrains/kotlin/resolve/AnalyzingUtils
Event: 3.346 loading class org/jetbrains/kotlin/resolve/AnalyzingUtils done
Event: 3.347 loading class org/jetbrains/kotlin/resolve/DelegatingBindingTrace$MyBindingContext
Event: 3.347 loading class org/jetbrains/kotlin/resolve/DelegatingBindingTrace$MyBindingContext done
Event: 3.348 loading class org/jetbrains/kotlin/resolve/lazy/LazyImportScope
Event: 3.348 loading class org/jetbrains/kotlin/resolve/lazy/LazyImportScope done
Event: 3.348 Executing VM operation: G1CollectForAllocation


Dynamic libraries:
0x00007ff671750000 - 0x00007ff67175a000 	C:\Program Files\Android\Android Studio1\jbr\bin\java.exe
0x00007ffbaae90000 - 0x00007ffbab088000 	C:\Windows\SYSTEM32\ntdll.dll
0x00007ffbaad90000 - 0x00007ffbaae4f000 	C:\Windows\System32\KERNEL32.DLL
0x00007ffba8b00000 - 0x00007ffba8dda000 	C:\Windows\System32\KERNELBASE.dll
0x00007ffba8790000 - 0x00007ffba8890000 	C:\Windows\System32\ucrtbase.dll
0x00007ffb90100000 - 0x00007ffb90117000 	C:\Program Files\Android\Android Studio1\jbr\bin\jli.dll
0x00007ffb90120000 - 0x00007ffb9013b000 	C:\Program Files\Android\Android Studio1\jbr\bin\VCRUNTIME140.dll
0x00007ffba9630000 - 0x00007ffba97cd000 	C:\Windows\System32\USER32.dll
0x00007ffba8ec0000 - 0x00007ffba8ee2000 	C:\Windows\System32\win32u.dll
0x00007ffba97d0000 - 0x00007ffba97fb000 	C:\Windows\System32\GDI32.dll
0x00007ffba8890000 - 0x00007ffba89a0000 	C:\Windows\System32\gdi32full.dll
0x00007ffba85a0000 - 0x00007ffba863d000 	C:\Windows\System32\msvcp_win.dll
0x00007ffb87220000 - 0x00007ffb874ba000 	C:\Windows\WinSxS\amd64_microsoft.windows.common-controls_6595b64144ccf1df_6.0.19041.1110_none_60b5254171f9507e\COMCTL32.dll
0x00007ffba90b0000 - 0x00007ffba914e000 	C:\Windows\System32\msvcrt.dll
0x00007ffba8fb0000 - 0x00007ffba8fe0000 	C:\Windows\System32\IMM32.DLL
0x00007ffba0270000 - 0x00007ffba027c000 	C:\Program Files\Android\Android Studio1\jbr\bin\vcruntime140_1.dll
0x00007ffb8fe50000 - 0x00007ffb8fedd000 	C:\Program Files\Android\Android Studio1\jbr\bin\msvcp140.dll
0x00007ffb6ade0000 - 0x00007ffb6b99c000 	C:\Program Files\Android\Android Studio1\jbr\bin\server\jvm.dll
0x00007ffba9a10000 - 0x00007ffba9abe000 	C:\Windows\System32\ADVAPI32.dll
0x00007ffba8f10000 - 0x00007ffba8fac000 	C:\Windows\System32\sechost.dll
0x00007ffba9fb0000 - 0x00007ffbaa0d6000 	C:\Windows\System32\RPCRT4.dll
0x00007ffba9620000 - 0x00007ffba9628000 	C:\Windows\System32\PSAPI.DLL
0x00007ffb8ca80000 - 0x00007ffb8ca89000 	C:\Windows\SYSTEM32\WSOCK32.dll
0x00007ffb91740000 - 0x00007ffb91767000 	C:\Windows\SYSTEM32\WINMM.dll
0x00007ffb9daf0000 - 0x00007ffb9dafa000 	C:\Windows\SYSTEM32\VERSION.dll
0x00007ffbaa0f0000 - 0x00007ffbaa15b000 	C:\Windows\System32\WS2_32.dll
0x00007ffba7090000 - 0x00007ffba70a2000 	C:\Windows\SYSTEM32\kernel.appcore.dll
0x00007ffba0510000 - 0x00007ffba0520000 	C:\Program Files\Android\Android Studio1\jbr\bin\verify.dll
0x00007ffba6b10000 - 0x00007ffba6cf4000 	C:\Windows\SYSTEM32\DBGHELP.DLL
0x00007ffb8b970000 - 0x00007ffb8b9a4000 	C:\Windows\SYSTEM32\dbgcore.DLL
0x00007ffba8e30000 - 0x00007ffba8eb2000 	C:\Windows\System32\bcryptPrimitives.dll
0x00007ffb8fe00000 - 0x00007ffb8fe28000 	C:\Program Files\Android\Android Studio1\jbr\bin\java.dll
0x00007ffba01f0000 - 0x00007ffba01fa000 	C:\Program Files\Android\Android Studio1\jbr\bin\jimage.dll
0x00007ffb9e4b0000 - 0x00007ffb9e4c8000 	C:\Program Files\Android\Android Studio1\jbr\bin\zip.dll
0x00007ffbaa280000 - 0x00007ffbaa9c4000 	C:\Windows\System32\SHELL32.dll
0x00007ffba62a0000 - 0x00007ffba6a33000 	C:\Windows\SYSTEM32\windows.storage.dll
0x00007ffbaaa30000 - 0x00007ffbaad84000 	C:\Windows\System32\combase.dll
0x00007ffba8000000 - 0x00007ffba802e000 	C:\Windows\SYSTEM32\Wldp.dll
0x00007ffba9470000 - 0x00007ffba951d000 	C:\Windows\System32\SHCORE.dll
0x00007ffbaa9d0000 - 0x00007ffbaaa25000 	C:\Windows\System32\shlwapi.dll
0x00007ffba84e0000 - 0x00007ffba84ff000 	C:\Windows\SYSTEM32\profapi.dll
0x00007ffb9e000000 - 0x00007ffb9e019000 	C:\Program Files\Android\Android Studio1\jbr\bin\net.dll
0x00007ffb9a4b0000 - 0x00007ffb9a5ba000 	C:\Windows\SYSTEM32\WINHTTP.dll
0x00007ffba7d60000 - 0x00007ffba7dca000 	C:\Windows\system32\mswsock.dll
0x00007ffb9d4a0000 - 0x00007ffb9d4b3000 	C:\Program Files\Android\Android Studio1\jbr\bin\nio.dll

dbghelp: loaded successfully - version: 4.0.5 - missing functions: none
symbol engine: initialized successfully - sym options: 0x614 - pdb path: .;C:\Program Files\Android\Android Studio1\jbr\bin;C:\Windows\SYSTEM32;C:\Windows\WinSxS\amd64_microsoft.windows.common-controls_6595b64144ccf1df_6.0.19041.1110_none_60b5254171f9507e;C:\Program Files\Android\Android Studio1\jbr\bin\server

VM Arguments:
java_command: org.jetbrains.kotlin.cli.jvm.K2JVMCompiler @C:\Users\user\Desktop\Android\WorkbookChap6_2_2\app\build\20230504_4204306212573680028.compiler.options
java_class_path (initial): C:\Users\user\.gradle\caches\modules-2\files-2.1\org.jetbrains.kotlin\kotlin-compiler-embeddable\1.8.0\eb9118d4bcceaa2a94b2ae2a33a4ddba7c9a947f\kotlin-compiler-embeddable-1.8.0.jar;C:\Users\user\.gradle\caches\modules-2\files-2.1\org.jetbrains.kotlin\kotlin-stdlib\1.8.0\1796921c7a3e2e2665a83e6c8d33399336cd39bc\kotlin-stdlib-1.8.0.jar;C:\Users\user\.gradle\caches\modules-2\files-2.1\org.jetbrains.kotlin\kotlin-script-runtime\1.8.0\b2f7e760d283cb339974851c222a4c1d48f2d3d\kotlin-script-runtime-1.8.0.jar;C:\Users\user\.gradle\caches\modules-2\files-2.1\org.jetbrains.kotlin\kotlin-reflect\1.6.10\1cbe9c92c12a94eea200d23c2bbaedaf3daf5132\kotlin-reflect-1.6.10.jar;C:\Users\user\.gradle\caches\modules-2\files-2.1\org.jetbrains.kotlin\kotlin-daemon-embeddable\1.8.0\d255216c551685dc3a7e852b53617f5f01aaaa5c\kotlin-daemon-embeddable-1.8.0.jar;C:\Users\user\.gradle\caches\modules-2\files-2.1\org.jetbrains.intellij.deps\trove4j\1.0.20200330\3afb14d5f9ceb459d724e907a21145e8ff394f02\trove4j-1.0.20200330.jar;C:\Users\user\.gradle\caches\modules-2\files-2.1\net.java.dev.jna\jna\5.6.0\330f2244e9030119ab3030fc3fededc86713d9cc\jna-5.6.0.jar;C:\Users\user\.gradle\caches\modules-2\files-2.1\org.jetbrains.kotlin\kotlin-stdlib-common\1.8.0\f7197e7cc76453ac59f8b0f8d5137cc600becd36\kotlin-stdlib-common-1.8.0.jar;C:\Users\user\.gradle\caches\modules-2\files-2.1\org.jetbrains\annotations\13.0\919f0dfe192fb4e063e7dacadee7f8bb9a2672a9\annotations-13.0.jar
Launcher Type: SUN_STANDARD

[Global flags]
     intx CICompilerCount                          = 4                                         {product} {ergonomic}
     uint ConcGCThreads                            = 2                                         {product} {ergonomic}
     uint G1ConcRefinementThreads                  = 8                                         {product} {ergonomic}
   size_t G1HeapRegionSize                         = 1048576                                   {product} {ergonomic}
    uintx GCDrainStackTargetSize                   = 64                                        {product} {ergonomic}
   size_t InitialHeapSize                          = 132120576                                 {product} {ergonomic}
   size_t MarkStackSize                            = 4194304                                   {product} {ergonomic}
   size_t MaxHeapSize                              = 2099249152                                {product} {ergonomic}
   size_t MaxNewSize                               = 1259339776                                {product} {ergonomic}
   size_t MinHeapDeltaBytes                        = 1048576                                   {product} {ergonomic}
    uintx NonNMethodCodeHeapSize                   = 5836300                                {pd product} {ergonomic}
    uintx NonProfiledCodeHeapSize                  = 122910970                              {pd product} {ergonomic}
    uintx ProfiledCodeHeapSize                     = 122910970                              {pd product} {ergonomic}
    uintx ReservedCodeCacheSize                    = 251658240                              {pd product} {ergonomic}
     bool SegmentedCodeCache                       = true                                      {product} {ergonomic}
     bool UseCompressedClassPointers               = true                                 {lp64_product} {ergonomic}
     bool UseCompressedOops                        = true                                 {lp64_product} {ergonomic}
     bool UseG1GC                                  = true                                      {product} {ergonomic}
     bool UseLargePagesIndividualAllocation        = false                                  {pd product} {ergonomic}

Logging:
Log output configuration:
 #0: stdout all=warning uptime,level,tags
 #1: stderr all=off uptime,level,tags

Environment Variables:
PATH=C:\Program Files\Common Files\Oracle\Java\javapath;C:\Windows\system32;C:\Windows;C:\Windows\System32\Wbem;C:\Windows\System32\WindowsPowerShell\v1.0\;C:\Windows\System32\OpenSSH\;C:\Program Files\Git\cmd;C:\Users\user\AppData\Local\Programs\Python\Python39\Scripts\;C:\Users\user\AppData\Local\Programs\Python\Python39\;C:\Users\user\AppData\Local\Microsoft\WindowsApps;
USERNAME=user
OS=Windows_NT
PROCESSOR_IDENTIFIER=Intel64 Family 6 Model 166 Stepping 0, GenuineIntel



---------------  S Y S T E M  ---------------

OS: Windows 10 , 64 bit Build 19041 (10.0.19041.2788)
OS uptime: 0 days 13:08 hours

CPU:total 8 (initial active 8) (4 cores per cpu, 2 threads per core) family 6 model 166 stepping 0 microcode 0xc6, cmov, cx8, fxsr, mmx, sse, sse2, sse3, ssse3, sse4.1, sse4.2, popcnt, avx, avx2, aes, clmul, erms, 3dnowpref, lzcnt, ht, tsc, tscinvbit, bmi1, bmi2, adx, fma

Memory: 4k page, system-wide physical 8006M (393M free)
TotalPageFile size 11950M (AvailPageFile size 9M)
current process WorkingSet (physical memory assigned to process): 229M, peak: 232M
current process commit charge ("private bytes"): 305M, peak: 334M

vm_info: OpenJDK 64-Bit Server VM (11.0.15+0-b2043.56-9505619) for windows-amd64 JRE (11.0.15+0-b2043.56-9505619), built on Jan 19 2023 02:48:00 by "builduser" with unknown MS VC++:1929

END.
